{"/Users/golishchev/Developer/cronbox.ru/frontend/src/App.tsx": {"path":"/Users/golishchev/Developer/cronbox.ru/frontend/src/App.tsx","statementMap":{"0":{"start":{"line":9,"column":6},"end":{"line":9,"column":null}},"1":{"start":{"line":9,"column":29},"end":{"line":9,"column":null}},"2":{"start":{"line":9,"column":75},"end":{"line":9,"column":null}},"3":{"start":{"line":10,"column":6},"end":{"line":10,"column":null}},"4":{"start":{"line":10,"column":32},"end":{"line":10,"column":null}},"5":{"start":{"line":10,"column":81},"end":{"line":10,"column":null}},"6":{"start":{"line":11,"column":6},"end":{"line":11,"column":null}},"7":{"start":{"line":11,"column":33},"end":{"line":11,"column":null}},"8":{"start":{"line":11,"column":78},"end":{"line":11,"column":null}},"9":{"start":{"line":12,"column":6},"end":{"line":12,"column":null}},"10":{"start":{"line":12,"column":33},"end":{"line":12,"column":null}},"11":{"start":{"line":12,"column":83},"end":{"line":12,"column":null}},"12":{"start":{"line":13,"column":6},"end":{"line":13,"column":null}},"13":{"start":{"line":13,"column":36},"end":{"line":13,"column":null}},"14":{"start":{"line":13,"column":92},"end":{"line":13,"column":null}},"15":{"start":{"line":14,"column":6},"end":{"line":14,"column":null}},"16":{"start":{"line":14,"column":34},"end":{"line":14,"column":null}},"17":{"start":{"line":14,"column":91},"end":{"line":14,"column":null}},"18":{"start":{"line":15,"column":6},"end":{"line":15,"column":null}},"19":{"start":{"line":15,"column":37},"end":{"line":15,"column":null}},"20":{"start":{"line":15,"column":95},"end":{"line":15,"column":null}},"21":{"start":{"line":16,"column":6},"end":{"line":16,"column":null}},"22":{"start":{"line":16,"column":31},"end":{"line":16,"column":null}},"23":{"start":{"line":16,"column":83},"end":{"line":16,"column":null}},"24":{"start":{"line":17,"column":6},"end":{"line":17,"column":null}},"25":{"start":{"line":17,"column":31},"end":{"line":17,"column":null}},"26":{"start":{"line":17,"column":82},"end":{"line":17,"column":null}},"27":{"start":{"line":18,"column":6},"end":{"line":18,"column":null}},"28":{"start":{"line":18,"column":31},"end":{"line":18,"column":null}},"29":{"start":{"line":18,"column":83},"end":{"line":18,"column":null}},"30":{"start":{"line":21,"column":6},"end":{"line":21,"column":null}},"31":{"start":{"line":21,"column":38},"end":{"line":21,"column":null}},"32":{"start":{"line":21,"column":94},"end":{"line":21,"column":null}},"33":{"start":{"line":22,"column":6},"end":{"line":22,"column":null}},"34":{"start":{"line":22,"column":34},"end":{"line":22,"column":null}},"35":{"start":{"line":22,"column":86},"end":{"line":22,"column":null}},"36":{"start":{"line":23,"column":6},"end":{"line":23,"column":null}},"37":{"start":{"line":23,"column":39},"end":{"line":23,"column":null}},"38":{"start":{"line":23,"column":96},"end":{"line":23,"column":null}},"39":{"start":{"line":24,"column":6},"end":{"line":24,"column":null}},"40":{"start":{"line":24,"column":34},"end":{"line":24,"column":null}},"41":{"start":{"line":24,"column":86},"end":{"line":24,"column":null}},"42":{"start":{"line":25,"column":6},"end":{"line":25,"column":null}},"43":{"start":{"line":25,"column":50},"end":{"line":25,"column":null}},"44":{"start":{"line":25,"column":118},"end":{"line":25,"column":null}},"45":{"start":{"line":29,"column":20},"end":{"line":29,"column":null}},"46":{"start":{"line":30,"column":25},"end":{"line":30,"column":null}},"47":{"start":{"line":33,"column":2},"end":{"line":36,"column":null}},"48":{"start":{"line":41,"column":66},"end":{"line":41,"column":null}},"49":{"start":{"line":42,"column":24},"end":{"line":42,"column":null}},"50":{"start":{"line":44,"column":2},"end":{"line":66,"column":null}},"51":{"start":{"line":45,"column":22},"end":{"line":63,"column":null}},"52":{"start":{"line":46,"column":20},"end":{"line":46,"column":null}},"53":{"start":{"line":47,"column":6},"end":{"line":61,"column":null}},"54":{"start":{"line":48,"column":8},"end":{"line":60,"column":null}},"55":{"start":{"line":49,"column":23},"end":{"line":49,"column":null}},"56":{"start":{"line":50,"column":10},"end":{"line":50,"column":null}},"57":{"start":{"line":51,"column":23},"end":{"line":51,"column":null}},"58":{"start":{"line":52,"column":10},"end":{"line":56,"column":null}},"59":{"start":{"line":53,"column":12},"end":{"line":53,"column":null}},"60":{"start":{"line":55,"column":12},"end":{"line":55,"column":null}},"61":{"start":{"line":58,"column":10},"end":{"line":58,"column":null}},"62":{"start":{"line":59,"column":10},"end":{"line":59,"column":null}},"63":{"start":{"line":62,"column":6},"end":{"line":62,"column":null}},"64":{"start":{"line":65,"column":4},"end":{"line":65,"column":null}},"65":{"start":{"line":69,"column":2},"end":{"line":81,"column":null}},"66":{"start":{"line":70,"column":29},"end":{"line":76,"column":null}},"67":{"start":{"line":71,"column":19},"end":{"line":71,"column":null}},"68":{"start":{"line":72,"column":24},"end":{"line":72,"column":null}},"69":{"start":{"line":73,"column":6},"end":{"line":75,"column":null}},"70":{"start":{"line":74,"column":8},"end":{"line":74,"column":null}},"71":{"start":{"line":78,"column":4},"end":{"line":78,"column":null}},"72":{"start":{"line":79,"column":4},"end":{"line":79,"column":null}},"73":{"start":{"line":80,"column":4},"end":{"line":80,"column":null}},"74":{"start":{"line":80,"column":17},"end":{"line":80,"column":null}},"75":{"start":{"line":84,"column":2},"end":{"line":94,"column":null}},"76":{"start":{"line":85,"column":4},"end":{"line":93,"column":null}},"77":{"start":{"line":86,"column":6},"end":{"line":92,"column":null}},"78":{"start":{"line":87,"column":8},"end":{"line":87,"column":null}},"79":{"start":{"line":88,"column":8},"end":{"line":88,"column":null}},"80":{"start":{"line":89,"column":6},"end":{"line":92,"column":null}},"81":{"start":{"line":90,"column":8},"end":{"line":90,"column":null}},"82":{"start":{"line":91,"column":8},"end":{"line":91,"column":null}},"83":{"start":{"line":96,"column":2},"end":{"line":105,"column":null}},"84":{"start":{"line":97,"column":4},"end":{"line":103,"column":null}},"85":{"start":{"line":107,"column":19},"end":{"line":110,"column":null}},"86":{"start":{"line":108,"column":4},"end":{"line":108,"column":null}},"87":{"start":{"line":109,"column":4},"end":{"line":109,"column":null}},"88":{"start":{"line":112,"column":2},"end":{"line":125,"column":null}},"89":{"start":{"line":113,"column":4},"end":{"line":123,"column":null}},"90":{"start":{"line":127,"column":21},"end":{"line":158,"column":null}},"91":{"start":{"line":128,"column":4},"end":{"line":157,"column":null}},"92":{"start":{"line":130,"column":8},"end":{"line":130,"column":null}},"93":{"start":{"line":132,"column":8},"end":{"line":132,"column":null}},"94":{"start":{"line":134,"column":8},"end":{"line":134,"column":null}},"95":{"start":{"line":136,"column":8},"end":{"line":136,"column":null}},"96":{"start":{"line":138,"column":8},"end":{"line":138,"column":null}},"97":{"start":{"line":140,"column":8},"end":{"line":140,"column":null}},"98":{"start":{"line":142,"column":8},"end":{"line":142,"column":null}},"99":{"start":{"line":144,"column":8},"end":{"line":144,"column":null}},"100":{"start":{"line":146,"column":8},"end":{"line":146,"column":null}},"101":{"start":{"line":148,"column":8},"end":{"line":148,"column":null}},"102":{"start":{"line":150,"column":8},"end":{"line":150,"column":null}},"103":{"start":{"line":152,"column":8},"end":{"line":152,"column":null}},"104":{"start":{"line":154,"column":8},"end":{"line":154,"column":null}},"105":{"start":{"line":156,"column":8},"end":{"line":156,"column":null}},"106":{"start":{"line":160,"column":2},"end":{"line":168,"column":null}}},"fnMap":{"0":{"name":"(anonymous_0)","decl":{"start":{"line":9,"column":23},"end":{"line":9,"column":29}},"loc":{"start":{"line":9,"column":29},"end":{"line":9,"column":null}},"line":9},"1":{"name":"(anonymous_1)","decl":{"start":{"line":9,"column":67},"end":{"line":9,"column":73}},"loc":{"start":{"line":9,"column":75},"end":{"line":9,"column":null}},"line":9},"2":{"name":"(anonymous_2)","decl":{"start":{"line":10,"column":26},"end":{"line":10,"column":32}},"loc":{"start":{"line":10,"column":32},"end":{"line":10,"column":null}},"line":10},"3":{"name":"(anonymous_3)","decl":{"start":{"line":10,"column":73},"end":{"line":10,"column":79}},"loc":{"start":{"line":10,"column":81},"end":{"line":10,"column":null}},"line":10},"4":{"name":"(anonymous_4)","decl":{"start":{"line":11,"column":27},"end":{"line":11,"column":33}},"loc":{"start":{"line":11,"column":33},"end":{"line":11,"column":null}},"line":11},"5":{"name":"(anonymous_5)","decl":{"start":{"line":11,"column":70},"end":{"line":11,"column":76}},"loc":{"start":{"line":11,"column":78},"end":{"line":11,"column":null}},"line":11},"6":{"name":"(anonymous_6)","decl":{"start":{"line":12,"column":27},"end":{"line":12,"column":33}},"loc":{"start":{"line":12,"column":33},"end":{"line":12,"column":null}},"line":12},"7":{"name":"(anonymous_7)","decl":{"start":{"line":12,"column":75},"end":{"line":12,"column":81}},"loc":{"start":{"line":12,"column":83},"end":{"line":12,"column":null}},"line":12},"8":{"name":"(anonymous_8)","decl":{"start":{"line":13,"column":30},"end":{"line":13,"column":36}},"loc":{"start":{"line":13,"column":36},"end":{"line":13,"column":null}},"line":13},"9":{"name":"(anonymous_9)","decl":{"start":{"line":13,"column":84},"end":{"line":13,"column":90}},"loc":{"start":{"line":13,"column":92},"end":{"line":13,"column":null}},"line":13},"10":{"name":"(anonymous_10)","decl":{"start":{"line":14,"column":28},"end":{"line":14,"column":34}},"loc":{"start":{"line":14,"column":34},"end":{"line":14,"column":null}},"line":14},"11":{"name":"(anonymous_11)","decl":{"start":{"line":14,"column":83},"end":{"line":14,"column":89}},"loc":{"start":{"line":14,"column":91},"end":{"line":14,"column":null}},"line":14},"12":{"name":"(anonymous_12)","decl":{"start":{"line":15,"column":31},"end":{"line":15,"column":37}},"loc":{"start":{"line":15,"column":37},"end":{"line":15,"column":null}},"line":15},"13":{"name":"(anonymous_13)","decl":{"start":{"line":15,"column":87},"end":{"line":15,"column":93}},"loc":{"start":{"line":15,"column":95},"end":{"line":15,"column":null}},"line":15},"14":{"name":"(anonymous_14)","decl":{"start":{"line":16,"column":25},"end":{"line":16,"column":31}},"loc":{"start":{"line":16,"column":31},"end":{"line":16,"column":null}},"line":16},"15":{"name":"(anonymous_15)","decl":{"start":{"line":16,"column":75},"end":{"line":16,"column":81}},"loc":{"start":{"line":16,"column":83},"end":{"line":16,"column":null}},"line":16},"16":{"name":"(anonymous_16)","decl":{"start":{"line":17,"column":25},"end":{"line":17,"column":31}},"loc":{"start":{"line":17,"column":31},"end":{"line":17,"column":null}},"line":17},"17":{"name":"(anonymous_17)","decl":{"start":{"line":17,"column":74},"end":{"line":17,"column":80}},"loc":{"start":{"line":17,"column":82},"end":{"line":17,"column":null}},"line":17},"18":{"name":"(anonymous_18)","decl":{"start":{"line":18,"column":25},"end":{"line":18,"column":31}},"loc":{"start":{"line":18,"column":31},"end":{"line":18,"column":null}},"line":18},"19":{"name":"(anonymous_19)","decl":{"start":{"line":18,"column":75},"end":{"line":18,"column":81}},"loc":{"start":{"line":18,"column":83},"end":{"line":18,"column":null}},"line":18},"20":{"name":"(anonymous_20)","decl":{"start":{"line":21,"column":32},"end":{"line":21,"column":38}},"loc":{"start":{"line":21,"column":38},"end":{"line":21,"column":null}},"line":21},"21":{"name":"(anonymous_21)","decl":{"start":{"line":21,"column":86},"end":{"line":21,"column":92}},"loc":{"start":{"line":21,"column":94},"end":{"line":21,"column":null}},"line":21},"22":{"name":"(anonymous_22)","decl":{"start":{"line":22,"column":28},"end":{"line":22,"column":34}},"loc":{"start":{"line":22,"column":34},"end":{"line":22,"column":null}},"line":22},"23":{"name":"(anonymous_23)","decl":{"start":{"line":22,"column":78},"end":{"line":22,"column":84}},"loc":{"start":{"line":22,"column":86},"end":{"line":22,"column":null}},"line":22},"24":{"name":"(anonymous_24)","decl":{"start":{"line":23,"column":33},"end":{"line":23,"column":39}},"loc":{"start":{"line":23,"column":39},"end":{"line":23,"column":null}},"line":23},"25":{"name":"(anonymous_25)","decl":{"start":{"line":23,"column":88},"end":{"line":23,"column":94}},"loc":{"start":{"line":23,"column":96},"end":{"line":23,"column":null}},"line":23},"26":{"name":"(anonymous_26)","decl":{"start":{"line":24,"column":28},"end":{"line":24,"column":34}},"loc":{"start":{"line":24,"column":34},"end":{"line":24,"column":null}},"line":24},"27":{"name":"(anonymous_27)","decl":{"start":{"line":24,"column":78},"end":{"line":24,"column":84}},"loc":{"start":{"line":24,"column":86},"end":{"line":24,"column":null}},"line":24},"28":{"name":"(anonymous_28)","decl":{"start":{"line":25,"column":44},"end":{"line":25,"column":50}},"loc":{"start":{"line":25,"column":50},"end":{"line":25,"column":null}},"line":25},"29":{"name":"(anonymous_29)","decl":{"start":{"line":25,"column":110},"end":{"line":25,"column":116}},"loc":{"start":{"line":25,"column":118},"end":{"line":25,"column":null}},"line":25},"30":{"name":"PageLoader","decl":{"start":{"line":32,"column":9},"end":{"line":32,"column":22}},"loc":{"start":{"line":32,"column":22},"end":{"line":38,"column":null}},"line":32},"31":{"name":"App","decl":{"start":{"line":40,"column":9},"end":{"line":40,"column":15}},"loc":{"start":{"line":40,"column":15},"end":{"line":170,"column":null}},"line":40},"32":{"name":"(anonymous_32)","decl":{"start":{"line":44,"column":12},"end":{"line":44,"column":18}},"loc":{"start":{"line":44,"column":18},"end":{"line":66,"column":5}},"line":44},"33":{"name":"(anonymous_33)","decl":{"start":{"line":45,"column":22},"end":{"line":45,"column":34}},"loc":{"start":{"line":45,"column":34},"end":{"line":63,"column":null}},"line":45},"34":{"name":"(anonymous_34)","decl":{"start":{"line":69,"column":12},"end":{"line":69,"column":18}},"loc":{"start":{"line":69,"column":18},"end":{"line":81,"column":5}},"line":69},"35":{"name":"(anonymous_35)","decl":{"start":{"line":70,"column":29},"end":{"line":70,"column":35}},"loc":{"start":{"line":70,"column":35},"end":{"line":76,"column":null}},"line":70},"36":{"name":"(anonymous_36)","decl":{"start":{"line":80,"column":11},"end":{"line":80,"column":17}},"loc":{"start":{"line":80,"column":17},"end":{"line":80,"column":null}},"line":80},"37":{"name":"(anonymous_37)","decl":{"start":{"line":84,"column":12},"end":{"line":84,"column":18}},"loc":{"start":{"line":84,"column":18},"end":{"line":94,"column":5}},"line":84},"38":{"name":"(anonymous_38)","decl":{"start":{"line":107,"column":19},"end":{"line":107,"column":20}},"loc":{"start":{"line":107,"column":35},"end":{"line":110,"column":null}},"line":107},"39":{"name":"(anonymous_39)","decl":{"start":{"line":127,"column":21},"end":{"line":127,"column":27}},"loc":{"start":{"line":127,"column":27},"end":{"line":158,"column":null}},"line":127}},"branchMap":{"0":{"loc":{"start":{"line":47,"column":6},"end":{"line":61,"column":null}},"type":"if","locations":[{"start":{"line":47,"column":6},"end":{"line":61,"column":null}},{"start":{},"end":{}}],"line":47},"1":{"loc":{"start":{"line":51,"column":23},"end":{"line":51,"column":null}},"type":"binary-expr","locations":[{"start":{"line":51,"column":23},"end":{"line":51,"column":56}},{"start":{"line":51,"column":56},"end":{"line":51,"column":null}}],"line":51},"2":{"loc":{"start":{"line":52,"column":10},"end":{"line":56,"column":null}},"type":"if","locations":[{"start":{"line":52,"column":10},"end":{"line":56,"column":null}},{"start":{"line":54,"column":17},"end":{"line":56,"column":null}}],"line":52},"3":{"loc":{"start":{"line":71,"column":19},"end":{"line":71,"column":null}},"type":"binary-expr","locations":[{"start":{"line":71,"column":19},"end":{"line":71,"column":52}},{"start":{"line":71,"column":52},"end":{"line":71,"column":null}}],"line":71},"4":{"loc":{"start":{"line":73,"column":6},"end":{"line":75,"column":null}},"type":"if","locations":[{"start":{"line":73,"column":6},"end":{"line":75,"column":null}},{"start":{},"end":{}}],"line":73},"5":{"loc":{"start":{"line":85,"column":4},"end":{"line":93,"column":null}},"type":"if","locations":[{"start":{"line":85,"column":4},"end":{"line":93,"column":null}},{"start":{},"end":{}}],"line":85},"6":{"loc":{"start":{"line":86,"column":6},"end":{"line":92,"column":null}},"type":"if","locations":[{"start":{"line":86,"column":6},"end":{"line":92,"column":null}},{"start":{"line":89,"column":6},"end":{"line":92,"column":null}}],"line":86},"7":{"loc":{"start":{"line":86,"column":10},"end":{"line":86,"column":58}},"type":"binary-expr","locations":[{"start":{"line":86,"column":10},"end":{"line":86,"column":29}},{"start":{"line":86,"column":29},"end":{"line":86,"column":58}}],"line":86},"8":{"loc":{"start":{"line":89,"column":6},"end":{"line":92,"column":null}},"type":"if","locations":[{"start":{"line":89,"column":6},"end":{"line":92,"column":null}},{"start":{},"end":{}}],"line":89},"9":{"loc":{"start":{"line":89,"column":17},"end":{"line":89,"column":71}},"type":"binary-expr","locations":[{"start":{"line":89,"column":17},"end":{"line":89,"column":37}},{"start":{"line":89,"column":37},"end":{"line":89,"column":71}}],"line":89},"10":{"loc":{"start":{"line":96,"column":2},"end":{"line":105,"column":null}},"type":"if","locations":[{"start":{"line":96,"column":2},"end":{"line":105,"column":null}},{"start":{},"end":{}}],"line":96},"11":{"loc":{"start":{"line":112,"column":2},"end":{"line":125,"column":null}},"type":"if","locations":[{"start":{"line":112,"column":2},"end":{"line":125,"column":null}},{"start":{},"end":{}}],"line":112},"12":{"loc":{"start":{"line":116,"column":11},"end":{"line":119,"column":null}},"type":"cond-expr","locations":[{"start":{"line":117,"column":12},"end":{"line":117,"column":null}},{"start":{"line":119,"column":12},"end":{"line":119,"column":null}}],"line":116},"13":{"loc":{"start":{"line":128,"column":4},"end":{"line":157,"column":null}},"type":"switch","locations":[{"start":{"line":129,"column":6},"end":{"line":130,"column":null}},{"start":{"line":131,"column":6},"end":{"line":132,"column":null}},{"start":{"line":133,"column":6},"end":{"line":134,"column":null}},{"start":{"line":135,"column":6},"end":{"line":136,"column":null}},{"start":{"line":137,"column":6},"end":{"line":138,"column":null}},{"start":{"line":139,"column":6},"end":{"line":140,"column":null}},{"start":{"line":141,"column":6},"end":{"line":142,"column":null}},{"start":{"line":143,"column":6},"end":{"line":144,"column":null}},{"start":{"line":145,"column":6},"end":{"line":146,"column":null}},{"start":{"line":147,"column":6},"end":{"line":148,"column":null}},{"start":{"line":149,"column":6},"end":{"line":150,"column":null}},{"start":{"line":151,"column":6},"end":{"line":152,"column":null}},{"start":{"line":153,"column":6},"end":{"line":154,"column":null}},{"start":{"line":155,"column":6},"end":{"line":156,"column":null}}],"line":128}},"s":{"0":1,"1":1,"2":1,"3":1,"4":0,"5":0,"6":1,"7":0,"8":0,"9":1,"10":0,"11":0,"12":1,"13":0,"14":0,"15":1,"16":0,"17":0,"18":1,"19":0,"20":0,"21":1,"22":0,"23":0,"24":1,"25":0,"26":0,"27":1,"28":0,"29":0,"30":1,"31":0,"32":0,"33":1,"34":0,"35":0,"36":1,"37":0,"38":0,"39":1,"40":0,"41":0,"42":1,"43":0,"44":0,"45":1,"46":1,"47":1,"48":6,"49":6,"50":6,"51":4,"52":4,"53":4,"54":2,"55":2,"56":1,"57":1,"58":2,"59":1,"60":0,"61":1,"62":1,"63":4,"64":4,"65":6,"66":4,"67":4,"68":4,"69":4,"70":3,"71":4,"72":4,"73":4,"74":4,"75":6,"76":6,"77":5,"78":0,"79":0,"80":5,"81":1,"82":1,"83":6,"84":1,"85":5,"86":0,"87":0,"88":5,"89":5,"90":0,"91":0,"92":0,"93":0,"94":0,"95":0,"96":0,"97":0,"98":0,"99":0,"100":0,"101":0,"102":0,"103":0,"104":0,"105":0,"106":0},"f":{"0":1,"1":1,"2":0,"3":0,"4":0,"5":0,"6":0,"7":0,"8":0,"9":0,"10":0,"11":0,"12":0,"13":0,"14":0,"15":0,"16":0,"17":0,"18":0,"19":0,"20":0,"21":0,"22":0,"23":0,"24":0,"25":0,"26":0,"27":0,"28":0,"29":0,"30":1,"31":6,"32":4,"33":4,"34":4,"35":4,"36":4,"37":6,"38":0,"39":0},"b":{"0":[2,2],"1":[1,1],"2":[1,0],"3":[4,3],"4":[3,1],"5":[5,1],"6":[0,5],"7":[5,0],"8":[1,4],"9":[5,5],"10":[1,5],"11":[5,0],"12":[0,5],"13":[0,0,0,0,0,0,0,0,0,0,0,0,0,0]},"meta":{"lastBranch":14,"lastFunction":40,"lastStatement":107,"seen":{"s:9:6:9:Infinity":0,"f:9:23:9:29":0,"s:9:29:9:Infinity":1,"f:9:67:9:73":1,"s:9:75:9:Infinity":2,"s:10:6:10:Infinity":3,"f:10:26:10:32":2,"s:10:32:10:Infinity":4,"f:10:73:10:79":3,"s:10:81:10:Infinity":5,"s:11:6:11:Infinity":6,"f:11:27:11:33":4,"s:11:33:11:Infinity":7,"f:11:70:11:76":5,"s:11:78:11:Infinity":8,"s:12:6:12:Infinity":9,"f:12:27:12:33":6,"s:12:33:12:Infinity":10,"f:12:75:12:81":7,"s:12:83:12:Infinity":11,"s:13:6:13:Infinity":12,"f:13:30:13:36":8,"s:13:36:13:Infinity":13,"f:13:84:13:90":9,"s:13:92:13:Infinity":14,"s:14:6:14:Infinity":15,"f:14:28:14:34":10,"s:14:34:14:Infinity":16,"f:14:83:14:89":11,"s:14:91:14:Infinity":17,"s:15:6:15:Infinity":18,"f:15:31:15:37":12,"s:15:37:15:Infinity":19,"f:15:87:15:93":13,"s:15:95:15:Infinity":20,"s:16:6:16:Infinity":21,"f:16:25:16:31":14,"s:16:31:16:Infinity":22,"f:16:75:16:81":15,"s:16:83:16:Infinity":23,"s:17:6:17:Infinity":24,"f:17:25:17:31":16,"s:17:31:17:Infinity":25,"f:17:74:17:80":17,"s:17:82:17:Infinity":26,"s:18:6:18:Infinity":27,"f:18:25:18:31":18,"s:18:31:18:Infinity":28,"f:18:75:18:81":19,"s:18:83:18:Infinity":29,"s:21:6:21:Infinity":30,"f:21:32:21:38":20,"s:21:38:21:Infinity":31,"f:21:86:21:92":21,"s:21:94:21:Infinity":32,"s:22:6:22:Infinity":33,"f:22:28:22:34":22,"s:22:34:22:Infinity":34,"f:22:78:22:84":23,"s:22:86:22:Infinity":35,"s:23:6:23:Infinity":36,"f:23:33:23:39":24,"s:23:39:23:Infinity":37,"f:23:88:23:94":25,"s:23:96:23:Infinity":38,"s:24:6:24:Infinity":39,"f:24:28:24:34":26,"s:24:34:24:Infinity":40,"f:24:78:24:84":27,"s:24:86:24:Infinity":41,"s:25:6:25:Infinity":42,"f:25:44:25:50":28,"s:25:50:25:Infinity":43,"f:25:110:25:116":29,"s:25:118:25:Infinity":44,"s:29:20:29:Infinity":45,"s:30:25:30:Infinity":46,"f:32:9:32:22":30,"s:33:2:36:Infinity":47,"f:40:9:40:15":31,"s:41:66:41:Infinity":48,"s:42:24:42:Infinity":49,"s:44:2:66:Infinity":50,"f:44:12:44:18":32,"s:45:22:63:Infinity":51,"f:45:22:45:34":33,"s:46:20:46:Infinity":52,"b:47:6:61:Infinity:undefined:undefined:undefined:undefined":0,"s:47:6:61:Infinity":53,"s:48:8:60:Infinity":54,"s:49:23:49:Infinity":55,"s:50:10:50:Infinity":56,"s:51:23:51:Infinity":57,"b:51:23:51:56:51:56:51:Infinity":1,"b:52:10:56:Infinity:54:17:56:Infinity":2,"s:52:10:56:Infinity":58,"s:53:12:53:Infinity":59,"s:55:12:55:Infinity":60,"s:58:10:58:Infinity":61,"s:59:10:59:Infinity":62,"s:62:6:62:Infinity":63,"s:65:4:65:Infinity":64,"s:69:2:81:Infinity":65,"f:69:12:69:18":34,"s:70:29:76:Infinity":66,"f:70:29:70:35":35,"s:71:19:71:Infinity":67,"b:71:19:71:52:71:52:71:Infinity":3,"s:72:24:72:Infinity":68,"b:73:6:75:Infinity:undefined:undefined:undefined:undefined":4,"s:73:6:75:Infinity":69,"s:74:8:74:Infinity":70,"s:78:4:78:Infinity":71,"s:79:4:79:Infinity":72,"s:80:4:80:Infinity":73,"f:80:11:80:17":36,"s:80:17:80:Infinity":74,"s:84:2:94:Infinity":75,"f:84:12:84:18":37,"b:85:4:93:Infinity:undefined:undefined:undefined:undefined":5,"s:85:4:93:Infinity":76,"b:86:6:92:Infinity:89:6:92:Infinity":6,"s:86:6:92:Infinity":77,"b:86:10:86:29:86:29:86:58":7,"s:87:8:87:Infinity":78,"s:88:8:88:Infinity":79,"b:89:6:92:Infinity:undefined:undefined:undefined:undefined":8,"s:89:6:92:Infinity":80,"b:89:17:89:37:89:37:89:71":9,"s:90:8:90:Infinity":81,"s:91:8:91:Infinity":82,"b:96:2:105:Infinity:undefined:undefined:undefined:undefined":10,"s:96:2:105:Infinity":83,"s:97:4:103:Infinity":84,"s:107:19:110:Infinity":85,"f:107:19:107:20":38,"s:108:4:108:Infinity":86,"s:109:4:109:Infinity":87,"b:112:2:125:Infinity:undefined:undefined:undefined:undefined":11,"s:112:2:125:Infinity":88,"s:113:4:123:Infinity":89,"b:117:12:117:Infinity:119:12:119:Infinity":12,"s:127:21:158:Infinity":90,"f:127:21:127:27":39,"b:129:6:130:Infinity:131:6:132:Infinity:133:6:134:Infinity:135:6:136:Infinity:137:6:138:Infinity:139:6:140:Infinity:141:6:142:Infinity:143:6:144:Infinity:145:6:146:Infinity:147:6:148:Infinity:149:6:150:Infinity:151:6:152:Infinity:153:6:154:Infinity:155:6:156:Infinity":13,"s:128:4:157:Infinity":91,"s:130:8:130:Infinity":92,"s:132:8:132:Infinity":93,"s:134:8:134:Infinity":94,"s:136:8:136:Infinity":95,"s:138:8:138:Infinity":96,"s:140:8:140:Infinity":97,"s:142:8:142:Infinity":98,"s:144:8:144:Infinity":99,"s:146:8:146:Infinity":100,"s:148:8:148:Infinity":101,"s:150:8:150:Infinity":102,"s:152:8:152:Infinity":103,"s:154:8:154:Infinity":104,"s:156:8:156:Infinity":105,"s:160:2:168:Infinity":106}}}
,"/Users/golishchev/Developer/cronbox.ru/frontend/src/api/admin.ts": {"path":"/Users/golishchev/Developer/cronbox.ru/frontend/src/api/admin.ts","statementMap":{"0":{"start":{"line":67,"column":19},"end":{"line":67,"column":null}},"1":{"start":{"line":68,"column":2},"end":{"line":68,"column":null}},"2":{"start":{"line":76,"column":19},"end":{"line":76,"column":null}},"3":{"start":{"line":77,"column":2},"end":{"line":77,"column":null}},"4":{"start":{"line":81,"column":19},"end":{"line":81,"column":null}},"5":{"start":{"line":82,"column":2},"end":{"line":82,"column":null}},"6":{"start":{"line":86,"column":2},"end":{"line":86,"column":null}},"7":{"start":{"line":94,"column":19},"end":{"line":94,"column":null}},"8":{"start":{"line":95,"column":2},"end":{"line":95,"column":null}},"9":{"start":{"line":171,"column":19},"end":{"line":171,"column":null}},"10":{"start":{"line":172,"column":2},"end":{"line":172,"column":null}},"11":{"start":{"line":176,"column":19},"end":{"line":176,"column":null}},"12":{"start":{"line":177,"column":2},"end":{"line":177,"column":null}},"13":{"start":{"line":181,"column":19},"end":{"line":181,"column":null}},"14":{"start":{"line":182,"column":2},"end":{"line":182,"column":null}},"15":{"start":{"line":186,"column":2},"end":{"line":186,"column":null}},"16":{"start":{"line":232,"column":19},"end":{"line":232,"column":null}},"17":{"start":{"line":233,"column":2},"end":{"line":233,"column":null}},"18":{"start":{"line":237,"column":19},"end":{"line":237,"column":null}},"19":{"start":{"line":238,"column":2},"end":{"line":238,"column":null}},"20":{"start":{"line":245,"column":19},"end":{"line":245,"column":null}},"21":{"start":{"line":246,"column":2},"end":{"line":246,"column":null}},"22":{"start":{"line":250,"column":19},"end":{"line":250,"column":null}},"23":{"start":{"line":251,"column":2},"end":{"line":251,"column":null}},"24":{"start":{"line":255,"column":19},"end":{"line":255,"column":null}},"25":{"start":{"line":256,"column":2},"end":{"line":256,"column":null}}},"fnMap":{"0":{"name":"getAdminStats","decl":{"start":{"line":66,"column":22},"end":{"line":66,"column":59}},"loc":{"start":{"line":66,"column":59},"end":{"line":69,"column":null}},"line":66},"1":{"name":"getAdminUsers","decl":{"start":{"line":71,"column":22},"end":{"line":71,"column":36}},"loc":{"start":{"line":75,"column":32},"end":{"line":78,"column":null}},"line":75},"2":{"name":"getAdminUser","decl":{"start":{"line":80,"column":22},"end":{"line":80,"column":35}},"loc":{"start":{"line":80,"column":71},"end":{"line":83,"column":null}},"line":80},"3":{"name":"updateAdminUser","decl":{"start":{"line":85,"column":22},"end":{"line":85,"column":38}},"loc":{"start":{"line":85,"column":94},"end":{"line":87,"column":null}},"line":85},"4":{"name":"getAdminWorkspaces","decl":{"start":{"line":89,"column":22},"end":{"line":89,"column":41}},"loc":{"start":{"line":93,"column":37},"end":{"line":96,"column":null}},"line":93},"5":{"name":"getAdminPlans","decl":{"start":{"line":170,"column":22},"end":{"line":170,"column":67}},"loc":{"start":{"line":170,"column":67},"end":{"line":173,"column":null}},"line":170},"6":{"name":"createAdminPlan","decl":{"start":{"line":175,"column":22},"end":{"line":175,"column":38}},"loc":{"start":{"line":175,"column":83},"end":{"line":178,"column":null}},"line":175},"7":{"name":"updateAdminPlan","decl":{"start":{"line":180,"column":22},"end":{"line":180,"column":38}},"loc":{"start":{"line":180,"column":99},"end":{"line":183,"column":null}},"line":180},"8":{"name":"deleteAdminPlan","decl":{"start":{"line":185,"column":22},"end":{"line":185,"column":38}},"loc":{"start":{"line":185,"column":69},"end":{"line":187,"column":null}},"line":185},"9":{"name":"getNotificationTemplates","decl":{"start":{"line":227,"column":22},"end":{"line":227,"column":47}},"loc":{"start":{"line":231,"column":43},"end":{"line":234,"column":null}},"line":231},"10":{"name":"getNotificationTemplate","decl":{"start":{"line":236,"column":22},"end":{"line":236,"column":46}},"loc":{"start":{"line":236,"column":97},"end":{"line":239,"column":null}},"line":236},"11":{"name":"updateNotificationTemplate","decl":{"start":{"line":241,"column":22},"end":{"line":241,"column":null}},"loc":{"start":{"line":244,"column":33},"end":{"line":247,"column":null}},"line":244},"12":{"name":"previewNotificationTemplate","decl":{"start":{"line":249,"column":22},"end":{"line":249,"column":50}},"loc":{"start":{"line":249,"column":114},"end":{"line":252,"column":null}},"line":249},"13":{"name":"resetNotificationTemplate","decl":{"start":{"line":254,"column":22},"end":{"line":254,"column":48}},"loc":{"start":{"line":254,"column":99},"end":{"line":257,"column":null}},"line":254}},"branchMap":{},"s":{"0":1,"1":1,"2":2,"3":2,"4":1,"5":1,"6":2,"7":1,"8":1,"9":1,"10":1,"11":1,"12":1,"13":1,"14":1,"15":1,"16":2,"17":2,"18":1,"19":1,"20":1,"21":1,"22":1,"23":1,"24":1,"25":1},"f":{"0":1,"1":2,"2":1,"3":2,"4":1,"5":1,"6":1,"7":1,"8":1,"9":2,"10":1,"11":1,"12":1,"13":1},"b":{},"meta":{"lastBranch":0,"lastFunction":14,"lastStatement":26,"seen":{"f:66:22:66:59":0,"s:67:19:67:Infinity":0,"s:68:2:68:Infinity":1,"f:71:22:71:36":1,"s:76:19:76:Infinity":2,"s:77:2:77:Infinity":3,"f:80:22:80:35":2,"s:81:19:81:Infinity":4,"s:82:2:82:Infinity":5,"f:85:22:85:38":3,"s:86:2:86:Infinity":6,"f:89:22:89:41":4,"s:94:19:94:Infinity":7,"s:95:2:95:Infinity":8,"f:170:22:170:67":5,"s:171:19:171:Infinity":9,"s:172:2:172:Infinity":10,"f:175:22:175:38":6,"s:176:19:176:Infinity":11,"s:177:2:177:Infinity":12,"f:180:22:180:38":7,"s:181:19:181:Infinity":13,"s:182:2:182:Infinity":14,"f:185:22:185:38":8,"s:186:2:186:Infinity":15,"f:227:22:227:47":9,"s:232:19:232:Infinity":16,"s:233:2:233:Infinity":17,"f:236:22:236:46":10,"s:237:19:237:Infinity":18,"s:238:2:238:Infinity":19,"f:241:22:241:Infinity":11,"s:245:19:245:Infinity":20,"s:246:2:246:Infinity":21,"f:249:22:249:50":12,"s:250:19:250:Infinity":22,"s:251:2:251:Infinity":23,"f:254:22:254:48":13,"s:255:19:255:Infinity":24,"s:256:2:256:Infinity":25}}}
,"/Users/golishchev/Developer/cronbox.ru/frontend/src/api/auth.ts": {"path":"/Users/golishchev/Developer/cronbox.ru/frontend/src/api/auth.ts","statementMap":{"0":{"start":{"line":5,"column":19},"end":{"line":5,"column":null}},"1":{"start":{"line":6,"column":2},"end":{"line":6,"column":null}},"2":{"start":{"line":10,"column":19},"end":{"line":10,"column":null}},"3":{"start":{"line":11,"column":2},"end":{"line":11,"column":null}},"4":{"start":{"line":15,"column":19},"end":{"line":15,"column":null}},"5":{"start":{"line":16,"column":2},"end":{"line":16,"column":null}},"6":{"start":{"line":20,"column":19},"end":{"line":20,"column":null}},"7":{"start":{"line":21,"column":2},"end":{"line":21,"column":null}},"8":{"start":{"line":25,"column":2},"end":{"line":28,"column":null}},"9":{"start":{"line":32,"column":2},"end":{"line":32,"column":null}},"10":{"start":{"line":40,"column":19},"end":{"line":40,"column":null}},"11":{"start":{"line":41,"column":2},"end":{"line":41,"column":null}}},"fnMap":{"0":{"name":"login","decl":{"start":{"line":4,"column":22},"end":{"line":4,"column":28}},"loc":{"start":{"line":4,"column":71},"end":{"line":7,"column":null}},"line":4},"1":{"name":"register","decl":{"start":{"line":9,"column":22},"end":{"line":9,"column":31}},"loc":{"start":{"line":9,"column":77},"end":{"line":12,"column":null}},"line":9},"2":{"name":"getCurrentUser","decl":{"start":{"line":14,"column":22},"end":{"line":14,"column":54}},"loc":{"start":{"line":14,"column":54},"end":{"line":17,"column":null}},"line":14},"3":{"name":"refreshTokens","decl":{"start":{"line":19,"column":22},"end":{"line":19,"column":36}},"loc":{"start":{"line":19,"column":116},"end":{"line":22,"column":null}},"line":19},"4":{"name":"changePassword","decl":{"start":{"line":24,"column":22},"end":{"line":24,"column":37}},"loc":{"start":{"line":24,"column":98},"end":{"line":29,"column":null}},"line":24},"5":{"name":"logout","decl":{"start":{"line":31,"column":22},"end":{"line":31,"column":46}},"loc":{"start":{"line":31,"column":46},"end":{"line":33,"column":null}},"line":31},"6":{"name":"updateProfile","decl":{"start":{"line":35,"column":22},"end":{"line":35,"column":36}},"loc":{"start":{"line":39,"column":18},"end":{"line":42,"column":null}},"line":39}},"branchMap":{},"s":{"0":2,"1":1,"2":1,"3":1,"4":1,"5":1,"6":1,"7":1,"8":1,"9":1,"10":1,"11":1},"f":{"0":2,"1":1,"2":1,"3":1,"4":1,"5":1,"6":1},"b":{},"meta":{"lastBranch":0,"lastFunction":7,"lastStatement":12,"seen":{"f:4:22:4:28":0,"s:5:19:5:Infinity":0,"s:6:2:6:Infinity":1,"f:9:22:9:31":1,"s:10:19:10:Infinity":2,"s:11:2:11:Infinity":3,"f:14:22:14:54":2,"s:15:19:15:Infinity":4,"s:16:2:16:Infinity":5,"f:19:22:19:36":3,"s:20:19:20:Infinity":6,"s:21:2:21:Infinity":7,"f:24:22:24:37":4,"s:25:2:28:Infinity":8,"f:31:22:31:46":5,"s:32:2:32:Infinity":9,"f:35:22:35:36":6,"s:40:19:40:Infinity":10,"s:41:2:41:Infinity":11}}}
,"/Users/golishchev/Developer/cronbox.ru/frontend/src/api/billing.ts": {"path":"/Users/golishchev/Developer/cronbox.ru/frontend/src/api/billing.ts","statementMap":{"0":{"start":{"line":47,"column":19},"end":{"line":47,"column":null}},"1":{"start":{"line":48,"column":2},"end":{"line":48,"column":null}},"2":{"start":{"line":52,"column":19},"end":{"line":52,"column":null}},"3":{"start":{"line":53,"column":2},"end":{"line":53,"column":null}},"4":{"start":{"line":62,"column":19},"end":{"line":66,"column":null}},"5":{"start":{"line":67,"column":2},"end":{"line":67,"column":null}},"6":{"start":{"line":74,"column":2},"end":{"line":76,"column":null}},"7":{"start":{"line":84,"column":19},"end":{"line":86,"column":null}},"8":{"start":{"line":87,"column":2},"end":{"line":87,"column":null}}},"fnMap":{"0":{"name":"getPlans","decl":{"start":{"line":46,"column":22},"end":{"line":46,"column":50}},"loc":{"start":{"line":46,"column":50},"end":{"line":49,"column":null}},"line":46},"1":{"name":"getSubscription","decl":{"start":{"line":51,"column":22},"end":{"line":51,"column":38}},"loc":{"start":{"line":51,"column":89},"end":{"line":54,"column":null}},"line":51},"2":{"name":"createPayment","decl":{"start":{"line":56,"column":22},"end":{"line":56,"column":null}},"loc":{"start":{"line":61,"column":20},"end":{"line":68,"column":null}},"line":61},"3":{"name":"cancelSubscription","decl":{"start":{"line":70,"column":22},"end":{"line":70,"column":null}},"loc":{"start":{"line":73,"column":17},"end":{"line":77,"column":null}},"line":73},"4":{"name":"getPaymentHistory","decl":{"start":{"line":79,"column":22},"end":{"line":79,"column":null}},"loc":{"start":{"line":83,"column":22},"end":{"line":88,"column":null}},"line":83}},"branchMap":{"0":{"loc":{"start":{"line":59,"column":2},"end":{"line":59,"column":null}},"type":"default-arg","locations":[{"start":{"line":59,"column":40},"end":{"line":59,"column":null}}],"line":59},"1":{"loc":{"start":{"line":72,"column":2},"end":{"line":72,"column":null}},"type":"default-arg","locations":[{"start":{"line":72,"column":25},"end":{"line":72,"column":null}}],"line":72},"2":{"loc":{"start":{"line":81,"column":2},"end":{"line":81,"column":null}},"type":"default-arg","locations":[{"start":{"line":81,"column":18},"end":{"line":81,"column":null}}],"line":81},"3":{"loc":{"start":{"line":82,"column":2},"end":{"line":82,"column":null}},"type":"default-arg","locations":[{"start":{"line":82,"column":19},"end":{"line":82,"column":null}}],"line":82}},"s":{"0":1,"1":1,"2":2,"3":2,"4":3,"5":3,"6":2,"7":2,"8":2},"f":{"0":1,"1":2,"2":3,"3":2,"4":2},"b":{"0":[3],"1":[2],"2":[2],"3":[2]},"meta":{"lastBranch":4,"lastFunction":5,"lastStatement":9,"seen":{"f:46:22:46:50":0,"s:47:19:47:Infinity":0,"s:48:2:48:Infinity":1,"f:51:22:51:38":1,"s:52:19:52:Infinity":2,"s:53:2:53:Infinity":3,"f:56:22:56:Infinity":2,"b:59:40:59:Infinity":0,"s:62:19:66:Infinity":4,"s:67:2:67:Infinity":5,"f:70:22:70:Infinity":3,"b:72:25:72:Infinity":1,"s:74:2:76:Infinity":6,"f:79:22:79:Infinity":4,"b:81:18:81:Infinity":2,"b:82:19:82:Infinity":3,"s:84:19:86:Infinity":7,"s:87:2:87:Infinity":8}}}
,"/Users/golishchev/Developer/cronbox.ru/frontend/src/api/client.ts": {"path":"/Users/golishchev/Developer/cronbox.ru/frontend/src/api/client.ts","statementMap":{"0":{"start":{"line":4,"column":21},"end":{"line":4,"column":null}},"1":{"start":{"line":6,"column":25},"end":{"line":11,"column":null}},"2":{"start":{"line":14,"column":0},"end":{"line":23,"column":null}},"3":{"start":{"line":16,"column":18},"end":{"line":16,"column":null}},"4":{"start":{"line":17,"column":4},"end":{"line":19,"column":null}},"5":{"start":{"line":18,"column":6},"end":{"line":18,"column":null}},"6":{"start":{"line":20,"column":4},"end":{"line":20,"column":null}},"7":{"start":{"line":22,"column":13},"end":{"line":22,"column":null}},"8":{"start":{"line":26,"column":0},"end":{"line":60,"column":null}},"9":{"start":{"line":27,"column":16},"end":{"line":27,"column":null}},"10":{"start":{"line":29,"column":28},"end":{"line":29,"column":null}},"11":{"start":{"line":32,"column":4},"end":{"line":56,"column":null}},"12":{"start":{"line":33,"column":6},"end":{"line":33,"column":null}},"13":{"start":{"line":35,"column":6},"end":{"line":55,"column":null}},"14":{"start":{"line":36,"column":29},"end":{"line":36,"column":null}},"15":{"start":{"line":37,"column":8},"end":{"line":49,"column":null}},"16":{"start":{"line":38,"column":27},"end":{"line":40,"column":null}},"17":{"start":{"line":42,"column":50},"end":{"line":42,"column":null}},"18":{"start":{"line":43,"column":10},"end":{"line":43,"column":null}},"19":{"start":{"line":44,"column":10},"end":{"line":44,"column":null}},"20":{"start":{"line":47,"column":10},"end":{"line":47,"column":null}},"21":{"start":{"line":48,"column":10},"end":{"line":48,"column":null}},"22":{"start":{"line":52,"column":8},"end":{"line":52,"column":null}},"23":{"start":{"line":53,"column":8},"end":{"line":53,"column":null}},"24":{"start":{"line":54,"column":8},"end":{"line":54,"column":null}},"25":{"start":{"line":58,"column":4},"end":{"line":58,"column":null}},"26":{"start":{"line":63,"column":2},"end":{"line":65,"column":null}},"27":{"start":{"line":64,"column":4},"end":{"line":64,"column":null}},"28":{"start":{"line":66,"column":2},"end":{"line":68,"column":null}},"29":{"start":{"line":67,"column":4},"end":{"line":67,"column":null}},"30":{"start":{"line":69,"column":2},"end":{"line":69,"column":null}}},"fnMap":{"0":{"name":"(anonymous_0)","decl":{"start":{"line":15,"column":2},"end":{"line":15,"column":3}},"loc":{"start":{"line":15,"column":42},"end":{"line":21,"column":null}},"line":15},"1":{"name":"(anonymous_1)","decl":{"start":{"line":22,"column":2},"end":{"line":22,"column":3}},"loc":{"start":{"line":22,"column":13},"end":{"line":22,"column":null}},"line":22},"2":{"name":"(anonymous_2)","decl":{"start":{"line":27,"column":2},"end":{"line":27,"column":3}},"loc":{"start":{"line":27,"column":16},"end":{"line":27,"column":null}},"line":27},"3":{"name":"(anonymous_3)","decl":{"start":{"line":28,"column":2},"end":{"line":28,"column":9}},"loc":{"start":{"line":28,"column":41},"end":{"line":59,"column":null}},"line":28},"4":{"name":"getErrorMessage","decl":{"start":{"line":62,"column":16},"end":{"line":62,"column":32}},"loc":{"start":{"line":62,"column":56},"end":{"line":70,"column":null}},"line":62}},"branchMap":{"0":{"loc":{"start":{"line":17,"column":4},"end":{"line":19,"column":null}},"type":"if","locations":[{"start":{"line":17,"column":4},"end":{"line":19,"column":null}},{"start":{},"end":{}}],"line":17},"1":{"loc":{"start":{"line":32,"column":4},"end":{"line":56,"column":null}},"type":"if","locations":[{"start":{"line":32,"column":4},"end":{"line":56,"column":null}},{"start":{},"end":{}}],"line":32},"2":{"loc":{"start":{"line":32,"column":8},"end":{"line":32,"column":67}},"type":"binary-expr","locations":[{"start":{"line":32,"column":8},"end":{"line":32,"column":42}},{"start":{"line":32,"column":42},"end":{"line":32,"column":67}}],"line":32},"3":{"loc":{"start":{"line":37,"column":8},"end":{"line":49,"column":null}},"type":"if","locations":[{"start":{"line":37,"column":8},"end":{"line":49,"column":null}},{"start":{},"end":{}}],"line":37},"4":{"loc":{"start":{"line":63,"column":2},"end":{"line":65,"column":null}},"type":"if","locations":[{"start":{"line":63,"column":2},"end":{"line":65,"column":null}},{"start":{},"end":{}}],"line":63},"5":{"loc":{"start":{"line":64,"column":11},"end":{"line":64,"column":null}},"type":"binary-expr","locations":[{"start":{"line":64,"column":11},"end":{"line":64,"column":43}},{"start":{"line":64,"column":43},"end":{"line":64,"column":60}},{"start":{"line":64,"column":60},"end":{"line":64,"column":null}}],"line":64},"6":{"loc":{"start":{"line":66,"column":2},"end":{"line":68,"column":null}},"type":"if","locations":[{"start":{"line":66,"column":2},"end":{"line":68,"column":null}},{"start":{},"end":{}}],"line":66}},"s":{"0":18,"1":18,"2":18,"3":2,"4":2,"5":1,"6":2,"7":0,"8":18,"9":0,"10":0,"11":0,"12":0,"13":0,"14":0,"15":0,"16":0,"17":0,"18":0,"19":0,"20":0,"21":0,"22":0,"23":0,"24":0,"25":0,"26":15,"27":2,"28":13,"29":10,"30":3},"f":{"0":2,"1":0,"2":0,"3":0,"4":15},"b":{"0":[1,1],"1":[0,0],"2":[0,0],"3":[0,0],"4":[2,13],"5":[2,1,0],"6":[10,3]},"meta":{"lastBranch":7,"lastFunction":5,"lastStatement":31,"seen":{"s:4:21:4:Infinity":0,"s:6:25:11:Infinity":1,"s:14:0:23:Infinity":2,"f:15:2:15:3":0,"s:16:18:16:Infinity":3,"b:17:4:19:Infinity:undefined:undefined:undefined:undefined":0,"s:17:4:19:Infinity":4,"s:18:6:18:Infinity":5,"s:20:4:20:Infinity":6,"f:22:2:22:3":1,"s:22:13:22:Infinity":7,"s:26:0:60:Infinity":8,"f:27:2:27:3":2,"s:27:16:27:Infinity":9,"f:28:2:28:9":3,"s:29:28:29:Infinity":10,"b:32:4:56:Infinity:undefined:undefined:undefined:undefined":1,"s:32:4:56:Infinity":11,"b:32:8:32:42:32:42:32:67":2,"s:33:6:33:Infinity":12,"s:35:6:55:Infinity":13,"s:36:29:36:Infinity":14,"b:37:8:49:Infinity:undefined:undefined:undefined:undefined":3,"s:37:8:49:Infinity":15,"s:38:27:40:Infinity":16,"s:42:50:42:Infinity":17,"s:43:10:43:Infinity":18,"s:44:10:44:Infinity":19,"s:47:10:47:Infinity":20,"s:48:10:48:Infinity":21,"s:52:8:52:Infinity":22,"s:53:8:53:Infinity":23,"s:54:8:54:Infinity":24,"s:58:4:58:Infinity":25,"f:62:16:62:32":4,"b:63:2:65:Infinity:undefined:undefined:undefined:undefined":4,"s:63:2:65:Infinity":26,"s:64:4:64:Infinity":27,"b:64:11:64:43:64:43:64:60:64:60:64:Infinity":5,"b:66:2:68:Infinity:undefined:undefined:undefined:undefined":6,"s:66:2:68:Infinity":28,"s:67:4:67:Infinity":29,"s:69:2:69:Infinity":30}}}
,"/Users/golishchev/Developer/cronbox.ru/frontend/src/api/cronTasks.ts": {"path":"/Users/golishchev/Developer/cronbox.ru/frontend/src/api/cronTasks.ts","statementMap":{"0":{"start":{"line":20,"column":17},"end":{"line":23,"column":null}},"1":{"start":{"line":24,"column":2},"end":{"line":26,"column":null}},"2":{"start":{"line":25,"column":4},"end":{"line":25,"column":null}},"3":{"start":{"line":27,"column":19},"end":{"line":29,"column":null}},"4":{"start":{"line":30,"column":2},"end":{"line":30,"column":null}},"5":{"start":{"line":34,"column":19},"end":{"line":36,"column":null}},"6":{"start":{"line":37,"column":2},"end":{"line":37,"column":null}},"7":{"start":{"line":44,"column":19},"end":{"line":47,"column":null}},"8":{"start":{"line":48,"column":2},"end":{"line":48,"column":null}},"9":{"start":{"line":56,"column":19},"end":{"line":59,"column":null}},"10":{"start":{"line":60,"column":2},"end":{"line":60,"column":null}},"11":{"start":{"line":64,"column":2},"end":{"line":64,"column":null}},"12":{"start":{"line":71,"column":19},"end":{"line":73,"column":null}},"13":{"start":{"line":74,"column":2},"end":{"line":74,"column":null}},"14":{"start":{"line":78,"column":19},"end":{"line":80,"column":null}},"15":{"start":{"line":81,"column":2},"end":{"line":81,"column":null}},"16":{"start":{"line":85,"column":19},"end":{"line":87,"column":null}},"17":{"start":{"line":88,"column":2},"end":{"line":88,"column":null}}},"fnMap":{"0":{"name":"getCronTasks","decl":{"start":{"line":14,"column":22},"end":{"line":14,"column":null}},"loc":{"start":{"line":19,"column":30},"end":{"line":31,"column":null}},"line":19},"1":{"name":"getCronTask","decl":{"start":{"line":33,"column":22},"end":{"line":33,"column":34}},"loc":{"start":{"line":33,"column":90},"end":{"line":38,"column":null}},"line":33},"2":{"name":"createCronTask","decl":{"start":{"line":40,"column":22},"end":{"line":40,"column":null}},"loc":{"start":{"line":43,"column":21},"end":{"line":49,"column":null}},"line":43},"3":{"name":"updateCronTask","decl":{"start":{"line":51,"column":22},"end":{"line":51,"column":null}},"loc":{"start":{"line":55,"column":21},"end":{"line":61,"column":null}},"line":55},"4":{"name":"deleteCronTask","decl":{"start":{"line":63,"column":22},"end":{"line":63,"column":37}},"loc":{"start":{"line":63,"column":89},"end":{"line":65,"column":null}},"line":63},"5":{"name":"runCronTask","decl":{"start":{"line":67,"column":22},"end":{"line":67,"column":null}},"loc":{"start":{"line":70,"column":49},"end":{"line":75,"column":null}},"line":70},"6":{"name":"pauseCronTask","decl":{"start":{"line":77,"column":22},"end":{"line":77,"column":36}},"loc":{"start":{"line":77,"column":92},"end":{"line":82,"column":null}},"line":77},"7":{"name":"resumeCronTask","decl":{"start":{"line":84,"column":22},"end":{"line":84,"column":37}},"loc":{"start":{"line":84,"column":93},"end":{"line":89,"column":null}},"line":84}},"branchMap":{"0":{"loc":{"start":{"line":16,"column":2},"end":{"line":16,"column":null}},"type":"default-arg","locations":[{"start":{"line":16,"column":9},"end":{"line":16,"column":null}}],"line":16},"1":{"loc":{"start":{"line":17,"column":2},"end":{"line":17,"column":null}},"type":"default-arg","locations":[{"start":{"line":17,"column":10},"end":{"line":17,"column":null}}],"line":17},"2":{"loc":{"start":{"line":24,"column":2},"end":{"line":26,"column":null}},"type":"if","locations":[{"start":{"line":24,"column":2},"end":{"line":26,"column":null}},{"start":{},"end":{}}],"line":24}},"s":{"0":3,"1":3,"2":1,"3":3,"4":3,"5":1,"6":1,"7":1,"8":1,"9":1,"10":1,"11":1,"12":1,"13":1,"14":1,"15":1,"16":1,"17":1},"f":{"0":3,"1":1,"2":1,"3":1,"4":1,"5":1,"6":1,"7":1},"b":{"0":[3],"1":[3],"2":[1,2]},"meta":{"lastBranch":3,"lastFunction":8,"lastStatement":18,"seen":{"f:14:22:14:Infinity":0,"b:16:9:16:Infinity":0,"b:17:10:17:Infinity":1,"s:20:17:23:Infinity":0,"b:24:2:26:Infinity:undefined:undefined:undefined:undefined":2,"s:24:2:26:Infinity":1,"s:25:4:25:Infinity":2,"s:27:19:29:Infinity":3,"s:30:2:30:Infinity":4,"f:33:22:33:34":1,"s:34:19:36:Infinity":5,"s:37:2:37:Infinity":6,"f:40:22:40:Infinity":2,"s:44:19:47:Infinity":7,"s:48:2:48:Infinity":8,"f:51:22:51:Infinity":3,"s:56:19:59:Infinity":9,"s:60:2:60:Infinity":10,"f:63:22:63:37":4,"s:64:2:64:Infinity":11,"f:67:22:67:Infinity":5,"s:71:19:73:Infinity":12,"s:74:2:74:Infinity":13,"f:77:22:77:36":6,"s:78:19:80:Infinity":14,"s:81:2:81:Infinity":15,"f:84:22:84:37":7,"s:85:19:87:Infinity":16,"s:88:2:88:Infinity":17}}}
,"/Users/golishchev/Developer/cronbox.ru/frontend/src/api/delayedTasks.ts": {"path":"/Users/golishchev/Developer/cronbox.ru/frontend/src/api/delayedTasks.ts","statementMap":{"0":{"start":{"line":19,"column":17},"end":{"line":19,"column":null}},"1":{"start":{"line":20,"column":2},"end":{"line":20,"column":null}},"2":{"start":{"line":20,"column":21},"end":{"line":20,"column":null}},"3":{"start":{"line":21,"column":2},"end":{"line":21,"column":null}},"4":{"start":{"line":21,"column":22},"end":{"line":21,"column":null}},"5":{"start":{"line":22,"column":2},"end":{"line":22,"column":null}},"6":{"start":{"line":22,"column":23},"end":{"line":22,"column":null}},"7":{"start":{"line":24,"column":16},"end":{"line":24,"column":null}},"8":{"start":{"line":25,"column":19},"end":{"line":27,"column":null}},"9":{"start":{"line":28,"column":2},"end":{"line":28,"column":null}},"10":{"start":{"line":35,"column":19},"end":{"line":37,"column":null}},"11":{"start":{"line":38,"column":2},"end":{"line":38,"column":null}},"12":{"start":{"line":45,"column":19},"end":{"line":48,"column":null}},"13":{"start":{"line":49,"column":2},"end":{"line":49,"column":null}},"14":{"start":{"line":57,"column":19},"end":{"line":60,"column":null}},"15":{"start":{"line":61,"column":2},"end":{"line":61,"column":null}},"16":{"start":{"line":68,"column":19},"end":{"line":70,"column":null}},"17":{"start":{"line":71,"column":2},"end":{"line":71,"column":null}}},"fnMap":{"0":{"name":"getDelayedTasks","decl":{"start":{"line":15,"column":22},"end":{"line":15,"column":null}},"loc":{"start":{"line":18,"column":33},"end":{"line":29,"column":null}},"line":18},"1":{"name":"getDelayedTask","decl":{"start":{"line":31,"column":22},"end":{"line":31,"column":null}},"loc":{"start":{"line":34,"column":24},"end":{"line":39,"column":null}},"line":34},"2":{"name":"createDelayedTask","decl":{"start":{"line":41,"column":22},"end":{"line":41,"column":null}},"loc":{"start":{"line":44,"column":24},"end":{"line":50,"column":null}},"line":44},"3":{"name":"updateDelayedTask","decl":{"start":{"line":52,"column":22},"end":{"line":52,"column":null}},"loc":{"start":{"line":56,"column":24},"end":{"line":62,"column":null}},"line":56},"4":{"name":"cancelDelayedTask","decl":{"start":{"line":64,"column":22},"end":{"line":64,"column":null}},"loc":{"start":{"line":67,"column":24},"end":{"line":72,"column":null}},"line":67}},"branchMap":{"0":{"loc":{"start":{"line":20,"column":2},"end":{"line":20,"column":null}},"type":"if","locations":[{"start":{"line":20,"column":2},"end":{"line":20,"column":null}},{"start":{},"end":{}}],"line":20},"1":{"loc":{"start":{"line":21,"column":2},"end":{"line":21,"column":null}},"type":"if","locations":[{"start":{"line":21,"column":2},"end":{"line":21,"column":null}},{"start":{},"end":{}}],"line":21},"2":{"loc":{"start":{"line":22,"column":2},"end":{"line":22,"column":null}},"type":"if","locations":[{"start":{"line":22,"column":2},"end":{"line":22,"column":null}},{"start":{},"end":{}}],"line":22},"3":{"loc":{"start":{"line":24,"column":16},"end":{"line":24,"column":null}},"type":"cond-expr","locations":[{"start":{"line":24,"column":36},"end":{"line":24,"column":62}},{"start":{"line":24,"column":62},"end":{"line":24,"column":null}}],"line":24}},"s":{"0":3,"1":3,"2":1,"3":3,"4":1,"5":3,"6":1,"7":3,"8":3,"9":3,"10":2,"11":1,"12":2,"13":1,"14":2,"15":2,"16":2,"17":1},"f":{"0":3,"1":2,"2":2,"3":2,"4":2},"b":{"0":[1,2],"1":[1,2],"2":[1,2],"3":[1,2]},"meta":{"lastBranch":4,"lastFunction":5,"lastStatement":18,"seen":{"f:15:22:15:Infinity":0,"s:19:17:19:Infinity":0,"b:20:2:20:Infinity:undefined:undefined:undefined:undefined":0,"s:20:2:20:Infinity":1,"s:20:21:20:Infinity":2,"b:21:2:21:Infinity:undefined:undefined:undefined:undefined":1,"s:21:2:21:Infinity":3,"s:21:22:21:Infinity":4,"b:22:2:22:Infinity:undefined:undefined:undefined:undefined":2,"s:22:2:22:Infinity":5,"s:22:23:22:Infinity":6,"s:24:16:24:Infinity":7,"b:24:36:24:62:24:62:24:Infinity":3,"s:25:19:27:Infinity":8,"s:28:2:28:Infinity":9,"f:31:22:31:Infinity":1,"s:35:19:37:Infinity":10,"s:38:2:38:Infinity":11,"f:41:22:41:Infinity":2,"s:45:19:48:Infinity":12,"s:49:2:49:Infinity":13,"f:52:22:52:Infinity":3,"s:57:19:60:Infinity":14,"s:61:2:61:Infinity":15,"f:64:22:64:Infinity":4,"s:68:19:70:Infinity":16,"s:71:2:71:Infinity":17}}}
,"/Users/golishchev/Developer/cronbox.ru/frontend/src/api/executions.ts": {"path":"/Users/golishchev/Developer/cronbox.ru/frontend/src/api/executions.ts","statementMap":{"0":{"start":{"line":21,"column":17},"end":{"line":21,"column":null}},"1":{"start":{"line":22,"column":2},"end":{"line":22,"column":null}},"2":{"start":{"line":22,"column":21},"end":{"line":22,"column":null}},"3":{"start":{"line":23,"column":2},"end":{"line":23,"column":null}},"4":{"start":{"line":23,"column":22},"end":{"line":23,"column":null}},"5":{"start":{"line":24,"column":2},"end":{"line":24,"column":null}},"6":{"start":{"line":24,"column":26},"end":{"line":24,"column":null}},"7":{"start":{"line":25,"column":2},"end":{"line":25,"column":null}},"8":{"start":{"line":25,"column":23},"end":{"line":25,"column":null}},"9":{"start":{"line":26,"column":2},"end":{"line":26,"column":null}},"10":{"start":{"line":26,"column":24},"end":{"line":26,"column":null}},"11":{"start":{"line":28,"column":16},"end":{"line":28,"column":null}},"12":{"start":{"line":29,"column":19},"end":{"line":31,"column":null}},"13":{"start":{"line":32,"column":2},"end":{"line":32,"column":null}},"14":{"start":{"line":39,"column":19},"end":{"line":41,"column":null}},"15":{"start":{"line":42,"column":2},"end":{"line":42,"column":null}},"16":{"start":{"line":49,"column":17},"end":{"line":49,"column":null}},"17":{"start":{"line":50,"column":19},"end":{"line":52,"column":null}},"18":{"start":{"line":53,"column":2},"end":{"line":53,"column":null}}},"fnMap":{"0":{"name":"getExecutions","decl":{"start":{"line":17,"column":22},"end":{"line":17,"column":null}},"loc":{"start":{"line":20,"column":31},"end":{"line":33,"column":null}},"line":20},"1":{"name":"getExecution","decl":{"start":{"line":35,"column":22},"end":{"line":35,"column":null}},"loc":{"start":{"line":38,"column":28},"end":{"line":43,"column":null}},"line":38},"2":{"name":"getExecutionStats","decl":{"start":{"line":45,"column":22},"end":{"line":45,"column":null}},"loc":{"start":{"line":48,"column":27},"end":{"line":54,"column":null}},"line":48}},"branchMap":{"0":{"loc":{"start":{"line":22,"column":2},"end":{"line":22,"column":null}},"type":"if","locations":[{"start":{"line":22,"column":2},"end":{"line":22,"column":null}},{"start":{},"end":{}}],"line":22},"1":{"loc":{"start":{"line":23,"column":2},"end":{"line":23,"column":null}},"type":"if","locations":[{"start":{"line":23,"column":2},"end":{"line":23,"column":null}},{"start":{},"end":{}}],"line":23},"2":{"loc":{"start":{"line":24,"column":2},"end":{"line":24,"column":null}},"type":"if","locations":[{"start":{"line":24,"column":2},"end":{"line":24,"column":null}},{"start":{},"end":{}}],"line":24},"3":{"loc":{"start":{"line":25,"column":2},"end":{"line":25,"column":null}},"type":"if","locations":[{"start":{"line":25,"column":2},"end":{"line":25,"column":null}},{"start":{},"end":{}}],"line":25},"4":{"loc":{"start":{"line":26,"column":2},"end":{"line":26,"column":null}},"type":"if","locations":[{"start":{"line":26,"column":2},"end":{"line":26,"column":null}},{"start":{},"end":{}}],"line":26},"5":{"loc":{"start":{"line":28,"column":16},"end":{"line":28,"column":null}},"type":"cond-expr","locations":[{"start":{"line":28,"column":36},"end":{"line":28,"column":62}},{"start":{"line":28,"column":62},"end":{"line":28,"column":null}}],"line":28},"6":{"loc":{"start":{"line":49,"column":17},"end":{"line":49,"column":null}},"type":"cond-expr","locations":[{"start":{"line":49,"column":24},"end":{"line":49,"column":42}},{"start":{"line":49,"column":42},"end":{"line":49,"column":null}}],"line":49}},"s":{"0":5,"1":5,"2":1,"3":5,"4":1,"5":5,"6":1,"7":5,"8":1,"9":5,"10":1,"11":5,"12":5,"13":5,"14":2,"15":1,"16":2,"17":2,"18":2},"f":{"0":5,"1":2,"2":2},"b":{"0":[1,4],"1":[1,4],"2":[1,4],"3":[1,4],"4":[1,4],"5":[4,1],"6":[1,1]},"meta":{"lastBranch":7,"lastFunction":3,"lastStatement":19,"seen":{"f:17:22:17:Infinity":0,"s:21:17:21:Infinity":0,"b:22:2:22:Infinity:undefined:undefined:undefined:undefined":0,"s:22:2:22:Infinity":1,"s:22:21:22:Infinity":2,"b:23:2:23:Infinity:undefined:undefined:undefined:undefined":1,"s:23:2:23:Infinity":3,"s:23:22:23:Infinity":4,"b:24:2:24:Infinity:undefined:undefined:undefined:undefined":2,"s:24:2:24:Infinity":5,"s:24:26:24:Infinity":6,"b:25:2:25:Infinity:undefined:undefined:undefined:undefined":3,"s:25:2:25:Infinity":7,"s:25:23:25:Infinity":8,"b:26:2:26:Infinity:undefined:undefined:undefined:undefined":4,"s:26:2:26:Infinity":9,"s:26:24:26:Infinity":10,"s:28:16:28:Infinity":11,"b:28:36:28:62:28:62:28:Infinity":5,"s:29:19:31:Infinity":12,"s:32:2:32:Infinity":13,"f:35:22:35:Infinity":1,"s:39:19:41:Infinity":14,"s:42:2:42:Infinity":15,"f:45:22:45:Infinity":2,"s:49:17:49:Infinity":16,"b:49:24:49:42:49:42:49:Infinity":6,"s:50:19:52:Infinity":17,"s:53:2:53:Infinity":18}}}
,"/Users/golishchev/Developer/cronbox.ru/frontend/src/api/notifications.ts": {"path":"/Users/golishchev/Developer/cronbox.ru/frontend/src/api/notifications.ts","statementMap":{"0":{"start":{"line":34,"column":19},"end":{"line":36,"column":null}},"1":{"start":{"line":37,"column":2},"end":{"line":37,"column":null}},"2":{"start":{"line":44,"column":19},"end":{"line":47,"column":null}},"3":{"start":{"line":48,"column":2},"end":{"line":48,"column":null}},"4":{"start":{"line":55,"column":19},"end":{"line":58,"column":null}},"5":{"start":{"line":59,"column":2},"end":{"line":59,"column":null}}},"fnMap":{"0":{"name":"getNotificationSettings","decl":{"start":{"line":31,"column":22},"end":{"line":31,"column":null}},"loc":{"start":{"line":33,"column":33},"end":{"line":38,"column":null}},"line":33},"1":{"name":"updateNotificationSettings","decl":{"start":{"line":40,"column":22},"end":{"line":40,"column":null}},"loc":{"start":{"line":43,"column":33},"end":{"line":49,"column":null}},"line":43},"2":{"name":"sendTestNotification","decl":{"start":{"line":51,"column":22},"end":{"line":51,"column":null}},"loc":{"start":{"line":54,"column":50},"end":{"line":60,"column":null}},"line":54}},"branchMap":{},"s":{"0":1,"1":1,"2":3,"3":3,"4":3,"5":2},"f":{"0":1,"1":3,"2":3},"b":{},"meta":{"lastBranch":0,"lastFunction":3,"lastStatement":6,"seen":{"f:31:22:31:Infinity":0,"s:34:19:36:Infinity":0,"s:37:2:37:Infinity":1,"f:40:22:40:Infinity":1,"s:44:19:47:Infinity":2,"s:48:2:48:Infinity":3,"f:51:22:51:Infinity":2,"s:55:19:58:Infinity":4,"s:59:2:59:Infinity":5}}}
,"/Users/golishchev/Developer/cronbox.ru/frontend/src/api/workers.ts": {"path":"/Users/golishchev/Developer/cronbox.ru/frontend/src/api/workers.ts","statementMap":{"0":{"start":{"line":5,"column":19},"end":{"line":5,"column":null}},"1":{"start":{"line":6,"column":2},"end":{"line":6,"column":null}},"2":{"start":{"line":10,"column":19},"end":{"line":10,"column":null}},"3":{"start":{"line":11,"column":2},"end":{"line":11,"column":null}},"4":{"start":{"line":15,"column":19},"end":{"line":15,"column":null}},"5":{"start":{"line":16,"column":2},"end":{"line":16,"column":null}},"6":{"start":{"line":20,"column":19},"end":{"line":20,"column":null}},"7":{"start":{"line":21,"column":2},"end":{"line":21,"column":null}},"8":{"start":{"line":25,"column":2},"end":{"line":25,"column":null}},"9":{"start":{"line":29,"column":19},"end":{"line":29,"column":null}},"10":{"start":{"line":30,"column":2},"end":{"line":30,"column":null}}},"fnMap":{"0":{"name":"getWorkers","decl":{"start":{"line":4,"column":22},"end":{"line":4,"column":33}},"loc":{"start":{"line":4,"column":73},"end":{"line":7,"column":null}},"line":4},"1":{"name":"getWorker","decl":{"start":{"line":9,"column":22},"end":{"line":9,"column":32}},"loc":{"start":{"line":9,"column":88},"end":{"line":12,"column":null}},"line":9},"2":{"name":"createWorker","decl":{"start":{"line":14,"column":22},"end":{"line":14,"column":35}},"loc":{"start":{"line":14,"column":114},"end":{"line":17,"column":null}},"line":14},"3":{"name":"updateWorker","decl":{"start":{"line":19,"column":22},"end":{"line":19,"column":35}},"loc":{"start":{"line":19,"column":118},"end":{"line":22,"column":null}},"line":19},"4":{"name":"deleteWorker","decl":{"start":{"line":24,"column":22},"end":{"line":24,"column":35}},"loc":{"start":{"line":24,"column":89},"end":{"line":26,"column":null}},"line":24},"5":{"name":"regenerateWorkerKey","decl":{"start":{"line":28,"column":22},"end":{"line":28,"column":42}},"loc":{"start":{"line":28,"column":112},"end":{"line":31,"column":null}},"line":28}},"branchMap":{},"s":{"0":2,"1":2,"2":2,"3":1,"4":1,"5":1,"6":2,"7":2,"8":1,"9":1,"10":1},"f":{"0":2,"1":2,"2":1,"3":2,"4":1,"5":1},"b":{},"meta":{"lastBranch":0,"lastFunction":6,"lastStatement":11,"seen":{"f:4:22:4:33":0,"s:5:19:5:Infinity":0,"s:6:2:6:Infinity":1,"f:9:22:9:32":1,"s:10:19:10:Infinity":2,"s:11:2:11:Infinity":3,"f:14:22:14:35":2,"s:15:19:15:Infinity":4,"s:16:2:16:Infinity":5,"f:19:22:19:35":3,"s:20:19:20:Infinity":6,"s:21:2:21:Infinity":7,"f:24:22:24:35":4,"s:25:2:25:Infinity":8,"f:28:22:28:42":5,"s:29:19:29:Infinity":9,"s:30:2:30:Infinity":10}}}
,"/Users/golishchev/Developer/cronbox.ru/frontend/src/api/workspaces.ts": {"path":"/Users/golishchev/Developer/cronbox.ru/frontend/src/api/workspaces.ts","statementMap":{"0":{"start":{"line":5,"column":19},"end":{"line":5,"column":null}},"1":{"start":{"line":6,"column":2},"end":{"line":6,"column":null}},"2":{"start":{"line":10,"column":19},"end":{"line":10,"column":null}},"3":{"start":{"line":11,"column":2},"end":{"line":11,"column":null}},"4":{"start":{"line":15,"column":19},"end":{"line":15,"column":null}},"5":{"start":{"line":16,"column":2},"end":{"line":16,"column":null}},"6":{"start":{"line":23,"column":19},"end":{"line":23,"column":null}},"7":{"start":{"line":24,"column":2},"end":{"line":24,"column":null}},"8":{"start":{"line":28,"column":2},"end":{"line":28,"column":null}}},"fnMap":{"0":{"name":"getWorkspaces","decl":{"start":{"line":4,"column":22},"end":{"line":4,"column":60}},"loc":{"start":{"line":4,"column":60},"end":{"line":7,"column":null}},"line":4},"1":{"name":"getWorkspace","decl":{"start":{"line":9,"column":22},"end":{"line":9,"column":35}},"loc":{"start":{"line":9,"column":85},"end":{"line":12,"column":null}},"line":9},"2":{"name":"createWorkspace","decl":{"start":{"line":14,"column":22},"end":{"line":14,"column":38}},"loc":{"start":{"line":14,"column":88},"end":{"line":17,"column":null}},"line":14},"3":{"name":"updateWorkspace","decl":{"start":{"line":19,"column":22},"end":{"line":19,"column":null}},"loc":{"start":{"line":22,"column":22},"end":{"line":25,"column":null}},"line":22},"4":{"name":"deleteWorkspace","decl":{"start":{"line":27,"column":22},"end":{"line":27,"column":38}},"loc":{"start":{"line":27,"column":74},"end":{"line":29,"column":null}},"line":27}},"branchMap":{},"s":{"0":2,"1":2,"2":2,"3":1,"4":2,"5":1,"6":2,"7":1,"8":2},"f":{"0":2,"1":2,"2":2,"3":2,"4":2},"b":{},"meta":{"lastBranch":0,"lastFunction":5,"lastStatement":9,"seen":{"f:4:22:4:60":0,"s:5:19:5:Infinity":0,"s:6:2:6:Infinity":1,"f:9:22:9:35":1,"s:10:19:10:Infinity":2,"s:11:2:11:Infinity":3,"f:14:22:14:38":2,"s:15:19:15:Infinity":4,"s:16:2:16:Infinity":5,"f:19:22:19:Infinity":3,"s:23:19:23:Infinity":6,"s:24:2:24:Infinity":7,"f:27:22:27:38":4,"s:28:2:28:Infinity":8}}}
,"/Users/golishchev/Developer/cronbox.ru/frontend/src/components/cron/CronExpressionBuilder.tsx": {"path":"/Users/golishchev/Developer/cronbox.ru/frontend/src/components/cron/CronExpressionBuilder.tsx","statementMap":{"0":{"start":{"line":38,"column":43},"end":{"line":65,"column":null}},"1":{"start":{"line":67,"column":26},"end":{"line":67,"column":null}},"2":{"start":{"line":70,"column":18},"end":{"line":70,"column":null}},"3":{"start":{"line":71,"column":26},"end":{"line":71,"column":null}},"4":{"start":{"line":72,"column":38},"end":{"line":72,"column":null}},"5":{"start":{"line":73,"column":46},"end":{"line":73,"column":null}},"6":{"start":{"line":76,"column":32},"end":{"line":76,"column":null}},"7":{"start":{"line":77,"column":30},"end":{"line":77,"column":null}},"8":{"start":{"line":78,"column":22},"end":{"line":78,"column":null}},"9":{"start":{"line":79,"column":26},"end":{"line":79,"column":null}},"10":{"start":{"line":80,"column":38},"end":{"line":80,"column":null}},"11":{"start":{"line":81,"column":34},"end":{"line":81,"column":null}},"12":{"start":{"line":84,"column":50},"end":{"line":84,"column":null}},"13":{"start":{"line":86,"column":29},"end":{"line":93,"column":null}},"14":{"start":{"line":87,"column":4},"end":{"line":92,"column":null}},"15":{"start":{"line":88,"column":21},"end":{"line":88,"column":null}},"16":{"start":{"line":89,"column":6},"end":{"line":89,"column":null}},"17":{"start":{"line":91,"column":6},"end":{"line":91,"column":null}},"18":{"start":{"line":95,"column":32},"end":{"line":111,"column":null}},"19":{"start":{"line":96,"column":4},"end":{"line":110,"column":null}},"20":{"start":{"line":98,"column":8},"end":{"line":98,"column":null}},"21":{"start":{"line":100,"column":8},"end":{"line":100,"column":null}},"22":{"start":{"line":102,"column":8},"end":{"line":102,"column":null}},"23":{"start":{"line":104,"column":8},"end":{"line":104,"column":null}},"24":{"start":{"line":104,"column":39},"end":{"line":104,"column":null}},"25":{"start":{"line":105,"column":8},"end":{"line":105,"column":null}},"26":{"start":{"line":107,"column":8},"end":{"line":107,"column":null}},"27":{"start":{"line":109,"column":8},"end":{"line":109,"column":null}},"28":{"start":{"line":113,"column":20},"end":{"line":119,"column":null}},"29":{"start":{"line":114,"column":4},"end":{"line":118,"column":null}},"30":{"start":{"line":115,"column":6},"end":{"line":117,"column":null}},"31":{"start":{"line":116,"column":27},"end":{"line":116,"column":36}},"32":{"start":{"line":121,"column":22},"end":{"line":135,"column":null}},"33":{"start":{"line":122,"column":19},"end":{"line":122,"column":null}},"34":{"start":{"line":124,"column":4},"end":{"line":132,"column":null}},"35":{"start":{"line":126,"column":4},"end":{"line":132,"column":null}},"36":{"start":{"line":127,"column":6},"end":{"line":127,"column":null}},"37":{"start":{"line":128,"column":6},"end":{"line":128,"column":null}},"38":{"start":{"line":129,"column":4},"end":{"line":132,"column":null}},"39":{"start":{"line":130,"column":6},"end":{"line":130,"column":null}},"40":{"start":{"line":131,"column":6},"end":{"line":131,"column":null}},"41":{"start":{"line":134,"column":4},"end":{"line":134,"column":null}},"42":{"start":{"line":137,"column":29},"end":{"line":140,"column":null}},"43":{"start":{"line":138,"column":4},"end":{"line":138,"column":null}},"44":{"start":{"line":139,"column":4},"end":{"line":139,"column":null}},"45":{"start":{"line":142,"column":26},"end":{"line":142,"column":null}},"46":{"start":{"line":142,"column":55},"end":{"line":142,"column":86}},"47":{"start":{"line":145,"column":2},"end":{"line":147,"column":null}},"48":{"start":{"line":146,"column":4},"end":{"line":146,"column":null}},"49":{"start":{"line":149,"column":2},"end":{"line":435,"column":null}},"50":{"start":{"line":155,"column":27},"end":{"line":155,"column":null}},"51":{"start":{"line":163,"column":25},"end":{"line":163,"column":null}},"52":{"start":{"line":189,"column":31},"end":{"line":189,"column":null}},"53":{"start":{"line":198,"column":31},"end":{"line":198,"column":null}},"54":{"start":{"line":207,"column":31},"end":{"line":207,"column":null}},"55":{"start":{"line":219,"column":20},"end":{"line":226,"column":null}},"56":{"start":{"line":223,"column":37},"end":{"line":223,"column":null}},"57":{"start":{"line":231,"column":20},"end":{"line":242,"column":null}},"58":{"start":{"line":236,"column":37},"end":{"line":236,"column":null}},"59":{"start":{"line":253,"column":66},"end":{"line":253,"column":null}},"60":{"start":{"line":276,"column":41},"end":{"line":276,"column":null}},"61":{"start":{"line":287,"column":76},"end":{"line":287,"column":null}},"62":{"start":{"line":293,"column":26},"end":{"line":293,"column":null}},"63":{"start":{"line":304,"column":76},"end":{"line":304,"column":null}},"64":{"start":{"line":310,"column":28},"end":{"line":310,"column":null}},"65":{"start":{"line":315,"column":78},"end":{"line":315,"column":null}},"66":{"start":{"line":321,"column":28},"end":{"line":321,"column":null}},"67":{"start":{"line":334,"column":24},"end":{"line":342,"column":null}},"68":{"start":{"line":339,"column":41},"end":{"line":339,"column":null}},"69":{"start":{"line":351,"column":80},"end":{"line":351,"column":null}},"70":{"start":{"line":357,"column":26},"end":{"line":357,"column":null}},"71":{"start":{"line":381,"column":37},"end":{"line":381,"column":null}},"72":{"start":{"line":424,"column":67},"end":{"line":424,"column":null}}},"fnMap":{"0":{"name":"CronExpressionBuilder","decl":{"start":{"line":69,"column":16},"end":{"line":69,"column":38}},"loc":{"start":{"line":69,"column":87},"end":{"line":437,"column":null}},"line":69},"1":{"name":"(anonymous_1)","decl":{"start":{"line":86,"column":29},"end":{"line":86,"column":30}},"loc":{"start":{"line":86,"column":55},"end":{"line":93,"column":null}},"line":86},"2":{"name":"(anonymous_2)","decl":{"start":{"line":95,"column":32},"end":{"line":95,"column":46}},"loc":{"start":{"line":95,"column":46},"end":{"line":111,"column":null}},"line":95},"3":{"name":"(anonymous_3)","decl":{"start":{"line":113,"column":20},"end":{"line":113,"column":21}},"loc":{"start":{"line":113,"column":37},"end":{"line":119,"column":null}},"line":113},"4":{"name":"(anonymous_4)","decl":{"start":{"line":114,"column":20},"end":{"line":114,"column":null}},"loc":{"start":{"line":115,"column":6},"end":{"line":117,"column":null}},"line":115},"5":{"name":"(anonymous_5)","decl":{"start":{"line":116,"column":22},"end":{"line":116,"column":27}},"loc":{"start":{"line":116,"column":27},"end":{"line":116,"column":36}},"line":116},"6":{"name":"(anonymous_6)","decl":{"start":{"line":121,"column":22},"end":{"line":121,"column":28}},"loc":{"start":{"line":121,"column":28},"end":{"line":135,"column":null}},"line":121},"7":{"name":"(anonymous_7)","decl":{"start":{"line":137,"column":29},"end":{"line":137,"column":30}},"loc":{"start":{"line":137,"column":57},"end":{"line":140,"column":null}},"line":137},"8":{"name":"(anonymous_8)","decl":{"start":{"line":142,"column":50},"end":{"line":142,"column":55}},"loc":{"start":{"line":142,"column":55},"end":{"line":142,"column":86}},"line":142},"9":{"name":"(anonymous_9)","decl":{"start":{"line":145,"column":12},"end":{"line":145,"column":18}},"loc":{"start":{"line":145,"column":18},"end":{"line":147,"column":5}},"line":145},"10":{"name":"(anonymous_10)","decl":{"start":{"line":155,"column":20},"end":{"line":155,"column":21}},"loc":{"start":{"line":155,"column":27},"end":{"line":155,"column":null}},"line":155},"11":{"name":"(anonymous_11)","decl":{"start":{"line":163,"column":19},"end":{"line":163,"column":25}},"loc":{"start":{"line":163,"column":25},"end":{"line":163,"column":null}},"line":163},"12":{"name":"(anonymous_12)","decl":{"start":{"line":189,"column":25},"end":{"line":189,"column":31}},"loc":{"start":{"line":189,"column":31},"end":{"line":189,"column":null}},"line":189},"13":{"name":"(anonymous_13)","decl":{"start":{"line":198,"column":25},"end":{"line":198,"column":31}},"loc":{"start":{"line":198,"column":31},"end":{"line":198,"column":null}},"line":198},"14":{"name":"(anonymous_14)","decl":{"start":{"line":207,"column":25},"end":{"line":207,"column":31}},"loc":{"start":{"line":207,"column":31},"end":{"line":207,"column":null}},"line":207},"15":{"name":"(anonymous_15)","decl":{"start":{"line":218,"column":77},"end":{"line":218,"column":78}},"loc":{"start":{"line":219,"column":20},"end":{"line":226,"column":null}},"line":219},"16":{"name":"(anonymous_16)","decl":{"start":{"line":223,"column":31},"end":{"line":223,"column":37}},"loc":{"start":{"line":223,"column":37},"end":{"line":223,"column":null}},"line":223},"17":{"name":"(anonymous_17)","decl":{"start":{"line":230,"column":39},"end":{"line":230,"column":40}},"loc":{"start":{"line":231,"column":20},"end":{"line":242,"column":null}},"line":231},"18":{"name":"(anonymous_18)","decl":{"start":{"line":236,"column":31},"end":{"line":236,"column":37}},"loc":{"start":{"line":236,"column":37},"end":{"line":236,"column":null}},"line":236},"19":{"name":"(anonymous_19)","decl":{"start":{"line":253,"column":59},"end":{"line":253,"column":60}},"loc":{"start":{"line":253,"column":66},"end":{"line":253,"column":null}},"line":253},"20":{"name":"(anonymous_20)","decl":{"start":{"line":276,"column":34},"end":{"line":276,"column":35}},"loc":{"start":{"line":276,"column":41},"end":{"line":276,"column":null}},"line":276},"21":{"name":"(anonymous_21)","decl":{"start":{"line":287,"column":69},"end":{"line":287,"column":70}},"loc":{"start":{"line":287,"column":76},"end":{"line":287,"column":null}},"line":287},"22":{"name":"(anonymous_22)","decl":{"start":{"line":292,"column":45},"end":{"line":292,"column":46}},"loc":{"start":{"line":293,"column":26},"end":{"line":293,"column":null}},"line":293},"23":{"name":"(anonymous_23)","decl":{"start":{"line":304,"column":69},"end":{"line":304,"column":70}},"loc":{"start":{"line":304,"column":76},"end":{"line":304,"column":null}},"line":304},"24":{"name":"(anonymous_24)","decl":{"start":{"line":309,"column":54},"end":{"line":309,"column":55}},"loc":{"start":{"line":310,"column":28},"end":{"line":310,"column":null}},"line":310},"25":{"name":"(anonymous_25)","decl":{"start":{"line":315,"column":71},"end":{"line":315,"column":72}},"loc":{"start":{"line":315,"column":78},"end":{"line":315,"column":null}},"line":315},"26":{"name":"(anonymous_26)","decl":{"start":{"line":320,"column":78},"end":{"line":320,"column":79}},"loc":{"start":{"line":321,"column":28},"end":{"line":321,"column":null}},"line":321},"27":{"name":"(anonymous_27)","decl":{"start":{"line":333,"column":45},"end":{"line":333,"column":46}},"loc":{"start":{"line":334,"column":24},"end":{"line":342,"column":null}},"line":334},"28":{"name":"(anonymous_28)","decl":{"start":{"line":339,"column":35},"end":{"line":339,"column":41}},"loc":{"start":{"line":339,"column":41},"end":{"line":339,"column":null}},"line":339},"29":{"name":"(anonymous_29)","decl":{"start":{"line":351,"column":73},"end":{"line":351,"column":74}},"loc":{"start":{"line":351,"column":80},"end":{"line":351,"column":null}},"line":351},"30":{"name":"(anonymous_30)","decl":{"start":{"line":356,"column":52},"end":{"line":356,"column":53}},"loc":{"start":{"line":357,"column":26},"end":{"line":357,"column":null}},"line":357},"31":{"name":"(anonymous_31)","decl":{"start":{"line":381,"column":30},"end":{"line":381,"column":31}},"loc":{"start":{"line":381,"column":37},"end":{"line":381,"column":null}},"line":381},"32":{"name":"(anonymous_32)","decl":{"start":{"line":424,"column":61},"end":{"line":424,"column":67}},"loc":{"start":{"line":424,"column":67},"end":{"line":424,"column":null}},"line":424}},"branchMap":{"0":{"loc":{"start":{"line":88,"column":21},"end":{"line":88,"column":null}},"type":"cond-expr","locations":[{"start":{"line":88,"column":46},"end":{"line":88,"column":53}},{"start":{"line":88,"column":53},"end":{"line":88,"column":null}}],"line":88},"1":{"loc":{"start":{"line":96,"column":4},"end":{"line":110,"column":null}},"type":"switch","locations":[{"start":{"line":97,"column":6},"end":{"line":98,"column":null}},{"start":{"line":99,"column":6},"end":{"line":100,"column":null}},{"start":{"line":101,"column":6},"end":{"line":102,"column":null}},{"start":{"line":103,"column":6},"end":{"line":105,"column":null}},{"start":{"line":106,"column":6},"end":{"line":107,"column":null}},{"start":{"line":108,"column":6},"end":{"line":109,"column":null}}],"line":96},"2":{"loc":{"start":{"line":104,"column":8},"end":{"line":104,"column":null}},"type":"if","locations":[{"start":{"line":104,"column":8},"end":{"line":104,"column":null}},{"start":{},"end":{}}],"line":104},"3":{"loc":{"start":{"line":115,"column":6},"end":{"line":117,"column":null}},"type":"cond-expr","locations":[{"start":{"line":116,"column":10},"end":{"line":116,"column":null}},{"start":{"line":117,"column":10},"end":{"line":117,"column":null}}],"line":115},"4":{"loc":{"start":{"line":124,"column":4},"end":{"line":132,"column":null}},"type":"if","locations":[{"start":{"line":124,"column":4},"end":{"line":132,"column":null}},{"start":{"line":126,"column":4},"end":{"line":132,"column":null}}],"line":124},"5":{"loc":{"start":{"line":126,"column":4},"end":{"line":132,"column":null}},"type":"if","locations":[{"start":{"line":126,"column":4},"end":{"line":132,"column":null}},{"start":{"line":129,"column":4},"end":{"line":132,"column":null}}],"line":126},"6":{"loc":{"start":{"line":129,"column":4},"end":{"line":132,"column":null}},"type":"if","locations":[{"start":{"line":129,"column":4},"end":{"line":132,"column":null}},{"start":{},"end":{}}],"line":129},"7":{"loc":{"start":{"line":187,"column":25},"end":{"line":187,"column":null}},"type":"cond-expr","locations":[{"start":{"line":187,"column":53},"end":{"line":187,"column":65}},{"start":{"line":187,"column":65},"end":{"line":187,"column":null}}],"line":187},"8":{"loc":{"start":{"line":196,"column":25},"end":{"line":196,"column":null}},"type":"cond-expr","locations":[{"start":{"line":196,"column":53},"end":{"line":196,"column":65}},{"start":{"line":196,"column":65},"end":{"line":196,"column":null}}],"line":196},"9":{"loc":{"start":{"line":205,"column":25},"end":{"line":205,"column":null}},"type":"cond-expr","locations":[{"start":{"line":205,"column":55},"end":{"line":205,"column":67}},{"start":{"line":205,"column":67},"end":{"line":205,"column":null}}],"line":205},"10":{"loc":{"start":{"line":215,"column":13},"end":{"line":245,"column":null}},"type":"binary-expr","locations":[{"start":{"line":215,"column":13},"end":{"line":215,"column":null}},{"start":{"line":216,"column":14},"end":{"line":245,"column":null}}],"line":215},"11":{"loc":{"start":{"line":221,"column":31},"end":{"line":221,"column":null}},"type":"cond-expr","locations":[{"start":{"line":221,"column":58},"end":{"line":221,"column":70}},{"start":{"line":221,"column":70},"end":{"line":221,"column":null}}],"line":221},"12":{"loc":{"start":{"line":234,"column":31},"end":{"line":234,"column":null}},"type":"cond-expr","locations":[{"start":{"line":234,"column":56},"end":{"line":234,"column":68}},{"start":{"line":234,"column":68},"end":{"line":234,"column":null}}],"line":234},"13":{"loc":{"start":{"line":239,"column":73},"end":{"line":239,"column":177}},"type":"cond-expr","locations":[{"start":{"line":239,"column":98},"end":{"line":239,"column":151}},{"start":{"line":239,"column":151},"end":{"line":239,"column":177}}],"line":239},"14":{"loc":{"start":{"line":249,"column":13},"end":{"line":371,"column":null}},"type":"binary-expr","locations":[{"start":{"line":249,"column":13},"end":{"line":249,"column":null}},{"start":{"line":250,"column":14},"end":{"line":371,"column":null}}],"line":249},"15":{"loc":{"start":{"line":265,"column":16},"end":{"line":281,"column":null}},"type":"binary-expr","locations":[{"start":{"line":267,"column":18},"end":{"line":267,"column":45}},{"start":{"line":267,"column":45},"end":{"line":267,"column":null}},{"start":{"line":268,"column":18},"end":{"line":281,"column":null}}],"line":265},"16":{"loc":{"start":{"line":274,"column":29},"end":{"line":274,"column":null}},"type":"cond-expr","locations":[{"start":{"line":274,"column":55},"end":{"line":274,"column":60}},{"start":{"line":274,"column":60},"end":{"line":274,"column":null}}],"line":274},"17":{"loc":{"start":{"line":276,"column":53},"end":{"line":276,"column":82}},"type":"binary-expr","locations":[{"start":{"line":276,"column":53},"end":{"line":276,"column":81}},{"start":{"line":276,"column":81},"end":{"line":276,"column":82}}],"line":276},"18":{"loc":{"start":{"line":284,"column":17},"end":{"line":297,"column":null}},"type":"binary-expr","locations":[{"start":{"line":284,"column":17},"end":{"line":284,"column":null}},{"start":{"line":285,"column":18},"end":{"line":297,"column":null}}],"line":284},"19":{"loc":{"start":{"line":297,"column":18},"end":{"line":326,"column":null}},"type":"binary-expr","locations":[{"start":{"line":300,"column":18},"end":{"
[...]
r/cronbox.ru/frontend/src/pages/settings/ProfilePage.tsx": {"path":"/Users/golishchev/Developer/cronbox.ru/frontend/src/pages/settings/ProfilePage.tsx","statementMap":{"0":{"start":{"line":24,"column":12},"end":{"line":24,"column":null}},"1":{"start":{"line":25,"column":27},"end":{"line":25,"column":null}},"2":{"start":{"line":26,"column":22},"end":{"line":26,"column":null}},"3":{"start":{"line":27,"column":30},"end":{"line":27,"column":null}},"4":{"start":{"line":28,"column":30},"end":{"line":28,"column":null}},"5":{"start":{"line":29,"column":24},"end":{"line":29,"column":null}},"6":{"start":{"line":30,"column":28},"end":{"line":30,"column":null}},"7":{"start":{"line":32,"column":21},"end":{"line":50,"column":null}},"8":{"start":{"line":33,"column":4},"end":{"line":33,"column":null}},"9":{"start":{"line":34,"column":4},"end":{"line":34,"column":null}},"10":{"start":{"line":35,"column":4},"end":{"line":35,"column":null}},"11":{"start":{"line":37,"column":4},"end":{"line":49,"column":null}},"12":{"start":{"line":38,"column":26},"end":{"line":41,"column":null}},"13":{"start":{"line":42,"column":6},"end":{"line":42,"column":null}},"14":{"start":{"line":43,"column":6},"end":{"line":43,"column":null}},"15":{"start":{"line":44,"column":6},"end":{"line":44,"column":null}},"16":{"start":{"line":44,"column":23},"end":{"line":44,"column":39}},"17":{"start":{"line":46,"column":6},"end":{"line":46,"column":null}},"18":{"start":{"line":48,"column":6},"end":{"line":48,"column":null}},"19":{"start":{"line":52,"column":21},"end":{"line":52,"column":null}},"20":{"start":{"line":54,"column":2},"end":{"line":185,"column":null}},"21":{"start":{"line":89,"column":31},"end":{"line":89,"column":null}},"22":{"start":{"line":118,"column":57},"end":{"line":118,"column":null}}},"fnMap":{"0":{"name":"ProfilePage","decl":{"start":{"line":23,"column":16},"end":{"line":23,"column":28}},"loc":{"start":{"line":23,"column":65},"end":{"line":187,"column":null}},"line":23},"1":{"name":"(anonymous_1)","decl":{"start":{"line":32,"column":21},"end":{"line":32,"column":33}},"loc":{"start":{"line":32,"column":33},"end":{"line":50,"column":null}},"line":32},"2":{"name":"(anonymous_2)","decl":{"start":{"line":44,"column":17},"end":{"line":44,"column":23}},"loc":{"start":{"line":44,"column":23},"end":{"line":44,"column":39}},"line":44},"3":{"name":"(anonymous_3)","decl":{"start":{"line":89,"column":24},"end":{"line":89,"column":25}},"loc":{"start":{"line":89,"column":31},"end":{"line":89,"column":null}},"line":89},"4":{"name":"(anonymous_4)","decl":{"start":{"line":118,"column":50},"end":{"line":118,"column":51}},"loc":{"start":{"line":118,"column":57},"end":{"line":118,"column":null}},"line":118}},"branchMap":{"0":{"loc":{"start":{"line":26,"column":35},"end":{"line":26,"column":51}},"type":"binary-expr","locations":[{"start":{"line":26,"column":35},"end":{"line":26,"column":49}},{"start":{"line":26,"column":49},"end":{"line":26,"column":51}}],"line":26},"1":{"loc":{"start":{"line":27,"column":56},"end":{"line":27,"column":88}},"type":"binary-expr","locations":[{"start":{"line":27,"column":56},"end":{"line":27,"column":84}},{"start":{"line":27,"column":84},"end":{"line":27,"column":88}}],"line":27},"2":{"loc":{"start":{"line":39,"column":14},"end":{"line":39,"column":null}},"type":"cond-expr","locations":[{"start":{"line":39,"column":36},"end":{"line":39,"column":43}},{"start":{"line":39,"column":43},"end":{"line":39,"column":null}}],"line":39},"3":{"loc":{"start":{"line":40,"column":28},"end":{"line":40,"column":null}},"type":"cond-expr","locations":[{"start":{"line":40,"column":68},"end":{"line":40,"column":79}},{"start":{"line":40,"column":79},"end":{"line":40,"column":null}}],"line":40},"4":{"loc":{"start":{"line":52,"column":21},"end":{"line":52,"column":null}},"type":"binary-expr","locations":[{"start":{"line":52,"column":21},"end":{"line":52,"column":44}},{"start":{"line":52,"column":44},"end":{"line":52,"column":null}}],"line":52},"5":{"loc":{"start":{"line":63,"column":7},"end":{"line":66,"column":null}},"type":"binary-expr","locations":[{"start":{"line":63,"column":7},"end":{"line":63,"column":null}},{"start":{"line":64,"column":8},"end":{"line":66,"column":null}}],"line":63},"6":{"loc":{"start":{"line":69,"column":7},"end":{"line":72,"column":null}},"type":"binary-expr","locations":[{"start":{"line":69,"column":7},"end":{"line":69,"column":null}},{"start":{"line":70,"column":8},"end":{"line":72,"column":null}}],"line":69},"7":{"loc":{"start":{"line":98,"column":21},"end":{"line":98,"column":null}},"type":"binary-expr","locations":[{"start":{"line":98,"column":21},"end":{"line":98,"column":36}},{"start":{"line":98,"column":36},"end":{"line":98,"column":null}}],"line":98},"8":{"loc":{"start":{"line":138,"column":19},"end":{"line":138,"column":91}},"type":"cond-expr","locations":[{"start":{"line":138,"column":38},"end":{"line":138,"column":87}},{"start":{"line":138,"column":87},"end":{"line":138,"column":91}}],"line":138},"9":{"loc":{"start":{"line":144,"column":15},"end":{"line":153,"column":null}},"type":"cond-expr","locations":[{"start":{"line":145,"column":16},"end":{"line":148,"column":null}},{"start":{"line":150,"column":16},"end":{"line":153,"column":null}}],"line":144},"10":{"loc":{"start":{"line":161,"column":15},"end":{"line":167,"column":null}},"type":"cond-expr","locations":[{"start":{"line":162,"column":16},"end":{"line":165,"column":null}},{"start":{"line":167,"column":16},"end":{"line":167,"column":null}}],"line":161},"11":{"loc":{"start":{"line":164,"column":52},"end":{"line":164,"column":95}},"type":"binary-expr","locations":[{"start":{"line":164,"column":52},"end":{"line":164,"column":78}},{"start":{"line":164,"column":78},"end":{"line":164,"column":95}}],"line":164},"12":{"loc":{"start":{"line":176,"column":47},"end":{"line":176,"column":null}},"type":"binary-expr","locations":[{"start":{"line":176,"column":47},"end":{"line":176,"column":59}},{"start":{"line":176,"column":59},"end":{"line":176,"column":null}}],"line":176},"13":{"loc":{"start":{"line":177,"column":11},"end":{"line":180,"column":null}},"type":"cond-expr","locations":[{"start":{"line":178,"column":12},"end":{"line":178,"column":null}},{"start":{"line":180,"column":12},"end":{"line":180,"column":null}}],"line":177},"14":{"loc":{"start":{"line":182,"column":11},"end":{"line":182,"column":null}},"type":"cond-expr","locations":[{"start":{"line":182,"column":22},"end":{"line":182,"column":44}},{"start":{"line":182,"column":44},"end":{"line":182,"column":null}}],"line":182}},"s":{"0":67,"1":67,"2":67,"3":67,"4":67,"5":67,"6":67,"7":67,"8":4,"9":4,"10":4,"11":4,"12":4,"13":3,"14":3,"15":3,"16":0,"17":1,"18":4,"19":67,"20":67,"21":45,"22":0},"f":{"0":67,"1":4,"2":0,"3":45,"4":0},"b":{"0":[67,0],"1":[67,0],"2":[4,0],"3":[0,4],"4":[67,14],"5":[67,1],"6":[67,3],"7":[67,0],"8":[67,0],"9":[66,1],"10":[0,67],"11":[0,0],"12":[67,63],"13":[4,63],"14":[4,63]},"meta":{"lastBranch":15,"lastFunction":5,"lastStatement":23,"seen":{"f:23:16:23:28":0,"s:24:12:24:Infinity":0,"s:25:27:25:Infinity":1,"s:26:22:26:Infinity":2,"b:26:35:26:49:26:49:26:51":0,"s:27:30:27:Infinity":3,"b:27:56:27:84:27:84:27:88":1,"s:28:30:28:Infinity":4,"s:29:24:29:Infinity":5,"s:30:28:30:Infinity":6,"s:32:21:50:Infinity":7,"f:32:21:32:33":1,"s:33:4:33:Infinity":8,"s:34:4:34:Infinity":9,"s:35:4:35:Infinity":10,"s:37:4:49:Infinity":11,"s:38:26:41:Infinity":12,"b:39:36:39:43:39:43:39:Infinity":2,"b:40:68:40:79:40:79:40:Infinity":3,"s:42:6:42:Infinity":13,"s:43:6:43:Infinity":14,"s:44:6:44:Infinity":15,"f:44:17:44:23":2,"s:44:23:44:39":16,"s:46:6:46:Infinity":17,"s:48:6:48:Infinity":18,"s:52:21:52:Infinity":19,"b:52:21:52:44:52:44:52:Infinity":4,"s:54:2:185:Infinity":20,"b:63:7:63:Infinity:64:8:66:Infinity":5,"b:69:7:69:Infinity:70:8:72:Infinity":6,"f:89:24:89:25":3,"s:89:31:89:Infinity":21,"b:98:21:98:36:98:36:98:Infinity":7,"f:118:50:118:51":4,"s:118:57:118:Infinity":22,"b:138:38:138:87:138:87:138:91":8,"b:145:16:148:Infinity:150:16:153:Infinity":9,"b:162:16:165:Infinity:167:16:167:Infinity":10,"b:164:52:164:78:164:78:164:95":11,"b:176:47:176:59:176:59:176:Infinity":12,"b:178:12:178:Infinity:180:12:180:Infinity":13,"b:182:22:182:44:182:44:182:Infinity":14}}}
,"/Users/golishchev/Developer/cronbox.ru/frontend/src/stores/authStore.ts": {"path":"/Users/golishchev/Developer/cronbox.ru/frontend/src/stores/authStore.ts","statementMap":{"0":{"start":{"line":18,"column":13},"end":{"line":65,"column":null}},"1":{"start":{"line":20,"column":19},"end":{"line":59,"column":null}},"2":{"start":{"line":26,"column":8},"end":{"line":28,"column":null}},"3":{"start":{"line":27,"column":10},"end":{"line":27,"column":null}},"4":{"start":{"line":29,"column":8},"end":{"line":29,"column":null}},"5":{"start":{"line":32,"column":33},"end":{"line":32,"column":null}},"6":{"start":{"line":35,"column":8},"end":{"line":35,"column":null}},"7":{"start":{"line":36,"column":8},"end":{"line":36,"column":null}},"8":{"start":{"line":37,"column":8},"end":{"line":39,"column":null}},"9":{"start":{"line":38,"column":10},"end":{"line":38,"column":null}},"10":{"start":{"line":40,"column":8},"end":{"line":40,"column":null}},"11":{"start":{"line":44,"column":8},"end":{"line":44,"column":null}},"12":{"start":{"line":45,"column":8},"end":{"line":45,"column":null}},"13":{"start":{"line":46,"column":8},"end":{"line":46,"column":null}},"14":{"start":{"line":50,"column":28},"end":{"line":50,"column":null}},"15":{"start":{"line":51,"column":8},"end":{"line":57,"column":null}},"16":{"start":{"line":52,"column":30},"end":{"line":52,"column":null}},"17":{"start":{"line":53,"column":10},"end":{"line":55,"column":null}},"18":{"start":{"line":54,"column":12},"end":{"line":54,"column":null}},"19":{"start":{"line":56,"column":10},"end":{"line":56,"column":null}},"20":{"start":{"line":62,"column":30},"end":{"line":62,"column":null}}},"fnMap":{"0":{"name":"(anonymous_0)","decl":{"start":{"line":20,"column":4},"end":{"line":20,"column":5}},"loc":{"start":{"line":20,"column":19},"end":{"line":59,"column":null}},"line":20},"1":{"name":"(anonymous_1)","decl":{"start":{"line":25,"column":15},"end":{"line":25,"column":16}},"loc":{"start":{"line":25,"column":25},"end":{"line":30,"column":null}},"line":25},"2":{"name":"(anonymous_2)","decl":{"start":{"line":32,"column":18},"end":{"line":32,"column":19}},"loc":{"start":{"line":32,"column":33},"end":{"line":32,"column":null}},"line":32},"3":{"name":"(anonymous_3)","decl":{"start":{"line":34,"column":13},"end":{"line":34,"column":14}},"loc":{"start":{"line":34,"column":50},"end":{"line":41,"column":null}},"line":34},"4":{"name":"(anonymous_4)","decl":{"start":{"line":43,"column":14},"end":{"line":43,"column":20}},"loc":{"start":{"line":43,"column":20},"end":{"line":47,"column":null}},"line":43},"5":{"name":"(anonymous_5)","decl":{"start":{"line":49,"column":18},"end":{"line":49,"column":19}},"loc":{"start":{"line":49,"column":31},"end":{"line":58,"column":null}},"line":49},"6":{"name":"(anonymous_6)","decl":{"start":{"line":62,"column":18},"end":{"line":62,"column":19}},"loc":{"start":{"line":62,"column":30},"end":{"line":62,"column":null}},"line":62}},"branchMap":{"0":{"loc":{"start":{"line":26,"column":8},"end":{"line":28,"column":null}},"type":"if","locations":[{"start":{"line":26,"column":8},"end":{"line":28,"column":null}},{"start":{},"end":{}}],"line":26},"1":{"loc":{"start":{"line":37,"column":8},"end":{"line":39,"column":null}},"type":"if","locations":[{"start":{"line":37,"column":8},"end":{"line":39,"column":null}},{"start":{},"end":{}}],"line":37},"2":{"loc":{"start":{"line":51,"column":8},"end":{"line":57,"column":null}},"type":"if","locations":[{"start":{"line":51,"column":8},"end":{"line":57,"column":null}},{"start":{},"end":{}}],"line":51},"3":{"loc":{"start":{"line":53,"column":10},"end":{"line":55,"column":null}},"type":"if","locations":[{"start":{"line":53,"column":10},"end":{"line":55,"column":null}},{"start":{},"end":{}}],"line":53}},"s":{"0":1,"1":1,"2":3,"3":2,"4":3,"5":2,"6":2,"7":2,"8":2,"9":2,"10":2,"11":1,"12":1,"13":1,"14":4,"15":4,"16":3,"17":3,"18":1,"19":3,"20":29},"f":{"0":1,"1":3,"2":2,"3":2,"4":1,"5":4,"6":29},"b":{"0":[2,1],"1":[2,0],"2":[3,1],"3":[1,2]},"meta":{"lastBranch":4,"lastFunction":7,"lastStatement":21,"seen":{"s:18:13:65:Infinity":0,"f:20:4:20:5":0,"s:20:19:59:Infinity":1,"f:25:15:25:16":1,"b:26:8:28:Infinity:undefined:undefined:undefined:undefined":0,"s:26:8:28:Infinity":2,"s:27:10:27:Infinity":3,"s:29:8:29:Infinity":4,"f:32:18:32:19":2,"s:32:33:32:Infinity":5,"f:34:13:34:14":3,"s:35:8:35:Infinity":6,"s:36:8:36:Infinity":7,"b:37:8:39:Infinity:undefined:undefined:undefined:undefined":1,"s:37:8:39:Infinity":8,"s:38:10:38:Infinity":9,"s:40:8:40:Infinity":10,"f:43:14:43:20":4,"s:44:8:44:Infinity":11,"s:45:8:45:Infinity":12,"s:46:8:46:Infinity":13,"f:49:18:49:19":5,"s:50:28:50:Infinity":14,"b:51:8:57:Infinity:undefined:undefined:undefined:undefined":2,"s:51:8:57:Infinity":15,"s:52:30:52:Infinity":16,"b:53:10:55:Infinity:undefined:undefined:undefined:undefined":3,"s:53:10:55:Infinity":17,"s:54:12:54:Infinity":18,"s:56:10:56:Infinity":19,"f:62:18:62:19":6,"s:62:30:62:Infinity":20}}}
,"/Users/golishchev/Developer/cronbox.ru/frontend/src/stores/uiStore.ts": {"path":"/Users/golishchev/Developer/cronbox.ru/frontend/src/stores/uiStore.ts","statementMap":{"0":{"start":{"line":10,"column":13},"end":{"line":21,"column":null}},"1":{"start":{"line":12,"column":14},"end":{"line":16,"column":null}},"2":{"start":{"line":14,"column":42},"end":{"line":14,"column":null}},"3":{"start":{"line":15,"column":27},"end":{"line":15,"column":null}},"4":{"start":{"line":15,"column":43},"end":{"line":15,"column":89}}},"fnMap":{"0":{"name":"(anonymous_0)","decl":{"start":{"line":12,"column":4},"end":{"line":12,"column":5}},"loc":{"start":{"line":12,"column":14},"end":{"line":16,"column":null}},"line":12},"1":{"name":"(anonymous_1)","decl":{"start":{"line":14,"column":27},"end":{"line":14,"column":28}},"loc":{"start":{"line":14,"column":42},"end":{"line":14,"column":null}},"line":14},"2":{"name":"(anonymous_2)","decl":{"start":{"line":15,"column":21},"end":{"line":15,"column":27}},"loc":{"start":{"line":15,"column":27},"end":{"line":15,"column":null}},"line":15},"3":{"name":"(anonymous_3)","decl":{"start":{"line":15,"column":31},"end":{"line":15,"column":32}},"loc":{"start":{"line":15,"column":43},"end":{"line":15,"column":89}},"line":15}},"branchMap":{},"s":{"0":1,"1":1,"2":2,"3":5,"4":5},"f":{"0":1,"1":2,"2":5,"3":5},"b":{},"meta":{"lastBranch":0,"lastFunction":4,"lastStatement":5,"seen":{"s:10:13:21:Infinity":0,"f:12:4:12:5":0,"s:12:14:16:Infinity":1,"f:14:27:14:28":1,"s:14:42:14:Infinity":2,"f:15:21:15:27":2,"s:15:27:15:Infinity":3,"f:15:31:15:32":3,"s:15:43:15:89":4}}}
,"/Users/golishchev/Developer/cronbox.ru/frontend/src/stores/workspaceStore.ts": {"path":"/Users/golishchev/Developer/cronbox.ru/frontend/src/stores/workspaceStore.ts","statementMap":{"0":{"start":{"line":18,"column":13},"end":{"line":61,"column":null}},"1":{"start":{"line":20,"column":14},"end":{"line":53,"column":null}},"2":{"start":{"line":25,"column":37},"end":{"line":25,"column":null}},"3":{"start":{"line":27,"column":49},"end":{"line":27,"column":null}},"4":{"start":{"line":29,"column":33},"end":{"line":29,"column":null}},"5":{"start":{"line":32,"column":8},"end":{"line":32,"column":null}},"6":{"start":{"line":32,"column":24},"end":{"line":32,"column":73}},"7":{"start":{"line":35,"column":8},"end":{"line":43,"column":null}},"8":{"start":{"line":35,"column":24},"end":{"line":43,"column":10}},"9":{"start":{"line":37,"column":12},"end":{"line":37,"column":null}},"10":{"start":{"line":46,"column":8},"end":{"line":52,"column":null}},"11":{"start":{"line":46,"column":24},"end":{"line":52,"column":10}},"12":{"start":{"line":47,"column":53},"end":{"line":47,"column":73}},"13":{"start":{"line":56,"column":30},"end":{"line":58,"column":null}}},"fnMap":{"0":{"name":"(anonymous_0)","decl":{"start":{"line":20,"column":4},"end":{"line":20,"column":5}},"loc":{"start":{"line":20,"column":14},"end":{"line":53,"column":null}},"line":20},"1":{"name":"(anonymous_1)","decl":{"start":{"line":25,"column":21},"end":{"line":25,"column":22}},"loc":{"start":{"line":25,"column":37},"end":{"line":25,"column":null}},"line":25},"2":{"name":"(anonymous_2)","decl":{"start":{"line":27,"column":27},"end":{"line":27,"column":28}},"loc":{"start":{"line":27,"column":49},"end":{"line":27,"column":null}},"line":27},"3":{"name":"(anonymous_3)","decl":{"start":{"line":29,"column":18},"end":{"line":29,"column":19}},"loc":{"start":{"line":29,"column":33},"end":{"line":29,"column":null}},"line":29},"4":{"name":"(anonymous_4)","decl":{"start":{"line":31,"column":20},"end":{"line":31,"column":21}},"loc":{"start":{"line":32,"column":8},"end":{"line":32,"column":null}},"line":32},"5":{"name":"(anonymous_5)","decl":{"start":{"line":32,"column":12},"end":{"line":32,"column":13}},"loc":{"start":{"line":32,"column":24},"end":{"line":32,"column":73}},"line":32},"6":{"name":"(anonymous_6)","decl":{"start":{"line":34,"column":23},"end":{"line":34,"column":24}},"loc":{"start":{"line":35,"column":8},"end":{"line":43,"column":null}},"line":35},"7":{"name":"(anonymous_7)","decl":{"start":{"line":35,"column":12},"end":{"line":35,"column":13}},"loc":{"start":{"line":35,"column":24},"end":{"line":43,"column":10}},"line":35},"8":{"name":"(anonymous_8)","decl":{"start":{"line":36,"column":43},"end":{"line":36,"column":44}},"loc":{"start":{"line":37,"column":12},"end":{"line":37,"column":null}},"line":37},"9":{"name":"(anonymous_9)","decl":{"start":{"line":45,"column":23},"end":{"line":45,"column":24}},"loc":{"start":{"line":46,"column":8},"end":{"line":52,"column":null}},"line":46},"10":{"name":"(anonymous_10)","decl":{"start":{"line":46,"column":12},"end":{"line":46,"column":13}},"loc":{"start":{"line":46,"column":24},"end":{"line":52,"column":10}},"line":46},"11":{"name":"(anonymous_11)","decl":{"start":{"line":47,"column":46},"end":{"line":47,"column":47}},"loc":{"start":{"line":47,"column":53},"end":{"line":47,"column":73}},"line":47},"12":{"name":"(anonymous_12)","decl":{"start":{"line":56,"column":18},"end":{"line":56,"column":19}},"loc":{"start":{"line":56,"column":30},"end":{"line":58,"column":null}},"line":56}},"branchMap":{"0":{"loc":{"start":{"line":37,"column":12},"end":{"line":37,"column":null}},"type":"cond-expr","locations":[{"start":{"line":37,"column":36},"end":{"line":37,"column":48}},{"start":{"line":37,"column":48},"end":{"line":37,"column":null}}],"line":37},"1":{"loc":{"start":{"line":40,"column":12},"end":{"line":42,"column":null}},"type":"cond-expr","locations":[{"start":{"line":41,"column":16},"end":{"line":41,"column":null}},{"start":{"line":42,"column":16},"end":{"line":42,"column":null}}],"line":40},"2":{"loc":{"start":{"line":49,"column":12},"end":{"line":51,"column":null}},"type":"cond-expr","locations":[{"start":{"line":50,"column":16},"end":{"line":50,"column":null}},{"start":{"line":51,"column":16},"end":{"line":51,"column":null}}],"line":49}},"s":{"0":1,"1":1,"2":2,"3":2,"4":2,"5":2,"6":2,"7":4,"8":4,"9":6,"10":4,"11":4,"12":6,"13":43},"f":{"0":1,"1":2,"2":2,"3":2,"4":2,"5":2,"6":4,"7":4,"8":6,"9":4,"10":4,"11":6,"12":43},"b":{"0":[4,2],"1":[1,3],"2":[1,3]},"meta":{"lastBranch":3,"lastFunction":13,"lastStatement":14,"seen":{"s:18:13:61:Infinity":0,"f:20:4:20:5":0,"s:20:14:53:Infinity":1,"f:25:21:25:22":1,"s:25:37:25:Infinity":2,"f:27:27:27:28":2,"s:27:49:27:Infinity":3,"f:29:18:29:19":3,"s:29:33:29:Infinity":4,"f:31:20:31:21":4,"s:32:8:32:Infinity":5,"f:32:12:32:13":5,"s:32:24:32:73":6,"f:34:23:34:24":6,"s:35:8:43:Infinity":7,"f:35:12:35:13":7,"s:35:24:43:10":8,"f:36:43:36:44":8,"s:37:12:37:Infinity":9,"b:37:36:37:48:37:48:37:Infinity":0,"b:41:16:41:Infinity:42:16:42:Infinity":1,"f:45:23:45:24":9,"s:46:8:52:Infinity":10,"f:46:12:46:13":10,"s:46:24:52:10":11,"f:47:46:47:47":11,"s:47:53:47:73":12,"b:50:16:50:Infinity:51:16:51:Infinity":2,"f:56:18:56:19":12,"s:56:30:58:Infinity":13}}}
}
