TN:
SF:src/App.tsx
FN:9,(anonymous_0)
FN:9,(anonymous_1)
FN:10,(anonymous_2)
FN:10,(anonymous_3)
FN:11,(anonymous_4)
FN:11,(anonymous_5)
FN:12,(anonymous_6)
FN:12,(anonymous_7)
FN:13,(anonymous_8)
FN:13,(anonymous_9)
FN:14,(anonymous_10)
FN:14,(anonymous_11)
FN:15,(anonymous_12)
FN:15,(anonymous_13)
FN:16,(anonymous_14)
FN:16,(anonymous_15)
FN:17,(anonymous_16)
FN:17,(anonymous_17)
FN:18,(anonymous_18)
FN:18,(anonymous_19)
FN:21,(anonymous_20)
FN:21,(anonymous_21)
FN:22,(anonymous_22)
FN:22,(anonymous_23)
FN:23,(anonymous_24)
FN:23,(anonymous_25)
FN:24,(anonymous_26)
FN:24,(anonymous_27)
FN:25,(anonymous_28)
FN:25,(anonymous_29)
FN:32,PageLoader
FN:40,App
FN:44,(anonymous_32)
FN:45,(anonymous_33)
FN:69,(anonymous_34)
FN:70,(anonymous_35)
FN:80,(anonymous_36)
FN:84,(anonymous_37)
FN:107,(anonymous_38)
FN:127,(anonymous_39)
FNF:40
FNH:10
FNDA:1,(anonymous_0)
FNDA:1,(anonymous_1)
FNDA:0,(anonymous_2)
FNDA:0,(anonymous_3)
FNDA:0,(anonymous_4)
FNDA:0,(anonymous_5)
FNDA:0,(anonymous_6)
FNDA:0,(anonymous_7)
FNDA:0,(anonymous_8)
FNDA:0,(anonymous_9)
FNDA:0,(anonymous_10)
FNDA:0,(anonymous_11)
FNDA:0,(anonymous_12)
FNDA:0,(anonymous_13)
FNDA:0,(anonymous_14)
FNDA:0,(anonymous_15)
FNDA:0,(anonymous_16)
FNDA:0,(anonymous_17)
FNDA:0,(anonymous_18)
FNDA:0,(anonymous_19)
FNDA:0,(anonymous_20)
FNDA:0,(anonymous_21)
FNDA:0,(anonymous_22)
FNDA:0,(anonymous_23)
FNDA:0,(anonymous_24)
FNDA:0,(anonymous_25)
FNDA:0,(anonymous_26)
FNDA:0,(anonymous_27)
FNDA:0,(anonymous_28)
FNDA:0,(anonymous_29)
FNDA:1,PageLoader
FNDA:6,App
FNDA:4,(anonymous_32)
FNDA:4,(anonymous_33)
FNDA:4,(anonymous_34)
FNDA:4,(anonymous_35)
FNDA:4,(anonymous_36)
FNDA:6,(anonymous_37)
FNDA:0,(anonymous_38)
FNDA:0,(anonymous_39)
DA:9,1
DA:10,1
DA:11,1
DA:12,1
DA:13,1
DA:14,1
DA:15,1
DA:16,1
DA:17,1
DA:18,1
DA:21,1
DA:22,1
DA:23,1
DA:24,1
DA:25,1
DA:29,1
DA:30,1
DA:33,1
DA:41,6
DA:42,6
DA:44,6
DA:45,4
DA:46,4
DA:47,4
DA:48,2
DA:49,2
DA:50,1
DA:51,1
DA:52,2
DA:53,1
DA:55,0
DA:58,1
DA:59,1
DA:62,4
DA:65,4
DA:69,6
DA:70,4
DA:71,4
DA:72,4
DA:73,4
DA:74,3
DA:78,4
DA:79,4
DA:80,4
DA:84,6
DA:85,6
DA:86,5
DA:87,0
DA:88,0
DA:89,5
DA:90,1
DA:91,1
DA:96,6
DA:97,1
DA:107,5
DA:108,0
DA:109,0
DA:112,5
DA:113,5
DA:127,0
DA:128,0
DA:130,0
DA:132,0
DA:134,0
DA:136,0
DA:138,0
DA:140,0
DA:142,0
DA:144,0
DA:146,0
DA:148,0
DA:150,0
DA:152,0
DA:154,0
DA:156,0
DA:160,0
LF:76
LH:54
BRDA:47,0,0,2
BRDA:47,0,1,2
BRDA:51,1,0,1
BRDA:51,1,1,1
BRDA:52,2,0,1
BRDA:52,2,1,0
BRDA:71,3,0,4
BRDA:71,3,1,3
BRDA:73,4,0,3
BRDA:73,4,1,1
BRDA:85,5,0,5
BRDA:85,5,1,1
BRDA:86,6,0,0
BRDA:86,6,1,5
BRDA:86,7,0,5
BRDA:86,7,1,0
BRDA:89,8,0,1
BRDA:89,8,1,4
BRDA:89,9,0,5
BRDA:89,9,1,5
BRDA:96,10,0,1
BRDA:96,10,1,5
BRDA:112,11,0,5
BRDA:112,11,1,0
BRDA:116,12,0,0
BRDA:116,12,1,5
BRDA:128,13,0,0
BRDA:128,13,1,0
BRDA:128,13,2,0
BRDA:128,13,3,0
BRDA:128,13,4,0
BRDA:128,13,5,0
BRDA:128,13,6,0
BRDA:128,13,7,0
BRDA:128,13,8,0
BRDA:128,13,9,0
BRDA:128,13,10,0
BRDA:128,13,11,0
BRDA:128,13,12,0
BRDA:128,13,13,0
BRF:40
BRH:21
end_of_record
TN:
SF:src/api/admin.ts
FN:66,getAdminStats
FN:71,getAdminUsers
FN:80,getAdminUser
FN:85,updateAdminUser
FN:89,getAdminWorkspaces
FN:170,getAdminPlans
FN:175,createAdminPlan
FN:180,updateAdminPlan
FN:185,deleteAdminPlan
FN:227,getNotificationTemplates
FN:236,getNotificationTemplate
FN:241,updateNotificationTemplate
FN:249,previewNotificationTemplate
FN:254,resetNotificationTemplate
FNF:14
FNH:14
FNDA:1,getAdminStats
FNDA:2,getAdminUsers
FNDA:1,getAdminUser
FNDA:2,updateAdminUser
FNDA:1,getAdminWorkspaces
FNDA:1,getAdminPlans
FNDA:1,createAdminPlan
FNDA:1,updateAdminPlan
FNDA:1,deleteAdminPlan
FNDA:2,getNotificationTemplates
FNDA:1,getNotificationTemplate
FNDA:1,updateNotificationTemplate
FNDA:1,previewNotificationTemplate
FNDA:1,resetNotificationTemplate
DA:67,1
DA:68,1
DA:76,2
DA:77,2
DA:81,1
DA:82,1
DA:86,2
DA:94,1
DA:95,1
DA:171,1
DA:172,1
DA:176,1
DA:177,1
DA:181,1
DA:182,1
DA:186,1
DA:232,2
DA:233,2
DA:237,1
DA:238,1
DA:245,1
DA:246,1
DA:250,1
DA:251,1
DA:255,1
DA:256,1
LF:26
LH:26
BRF:0
BRH:0
end_of_record
TN:
SF:src/api/auth.ts
FN:4,login
FN:9,register
FN:14,getCurrentUser
FN:19,refreshTokens
FN:24,changePassword
FN:31,logout
FN:35,updateProfile
FNF:7
FNH:7
FNDA:2,login
FNDA:1,register
FNDA:1,getCurrentUser
FNDA:1,refreshTokens
FNDA:1,changePassword
FNDA:1,logout
FNDA:1,updateProfile
DA:5,2
DA:6,1
DA:10,1
DA:11,1
DA:15,1
DA:16,1
DA:20,1
DA:21,1
DA:25,1
DA:32,1
DA:40,1
DA:41,1
LF:12
LH:12
BRF:0
BRH:0
end_of_record
TN:
SF:src/api/billing.ts
FN:46,getPlans
FN:51,getSubscription
FN:56,createPayment
FN:70,cancelSubscription
FN:79,getPaymentHistory
FNF:5
FNH:5
FNDA:1,getPlans
FNDA:2,getSubscription
FNDA:3,createPayment
FNDA:2,cancelSubscription
FNDA:2,getPaymentHistory
DA:47,1
DA:48,1
DA:52,2
DA:53,2
DA:62,3
DA:67,3
DA:74,2
DA:84,2
DA:87,2
LF:9
LH:9
BRDA:59,0,0,3
BRDA:72,1,0,2
BRDA:81,2,0,2
BRDA:82,3,0,2
BRF:4
BRH:4
end_of_record
TN:
SF:src/api/client.ts
FN:15,(anonymous_0)
FN:22,(anonymous_1)
FN:27,(anonymous_2)
FN:28,(anonymous_3)
FN:62,getErrorMessage
FNF:5
FNH:2
FNDA:2,(anonymous_0)
FNDA:0,(anonymous_1)
FNDA:0,(anonymous_2)
FNDA:0,(anonymous_3)
FNDA:15,getErrorMessage
DA:4,18
DA:6,18
DA:14,18
DA:16,2
DA:17,2
DA:18,1
DA:20,2
DA:22,0
DA:26,18
DA:27,0
DA:29,0
DA:32,0
DA:33,0
DA:35,0
DA:36,0
DA:37,0
DA:38,0
DA:42,0
DA:43,0
DA:44,0
DA:47,0
DA:48,0
DA:52,0
DA:53,0
DA:54,0
DA:58,0
DA:63,15
DA:64,2
DA:66,13
DA:67,10
DA:69,3
LF:31
LH:13
BRDA:17,0,0,1
BRDA:17,0,1,1
BRDA:32,1,0,0
BRDA:32,1,1,0
BRDA:32,2,0,0
BRDA:32,2,1,0
BRDA:37,3,0,0
BRDA:37,3,1,0
BRDA:63,4,0,2
BRDA:63,4,1,13
BRDA:64,5,0,2
BRDA:64,5,1,1
BRDA:64,5,2,0
BRDA:66,6,0,10
BRDA:66,6,1,3
BRF:15
BRH:8
end_of_record
TN:
SF:src/api/cronTasks.ts
FN:14,getCronTasks
FN:33,getCronTask
FN:40,createCronTask
FN:51,updateCronTask
FN:63,deleteCronTask
FN:67,runCronTask
FN:77,pauseCronTask
FN:84,resumeCronTask
FNF:8
FNH:8
FNDA:3,getCronTasks
FNDA:1,getCronTask
FNDA:1,createCronTask
FNDA:1,updateCronTask
FNDA:1,deleteCronTask
FNDA:1,runCronTask
FNDA:1,pauseCronTask
FNDA:1,resumeCronTask
DA:20,3
DA:24,3
DA:25,1
DA:27,3
DA:30,3
DA:34,1
DA:37,1
DA:44,1
DA:48,1
DA:56,1
DA:60,1
DA:64,1
DA:71,1
DA:74,1
DA:78,1
DA:81,1
DA:85,1
DA:88,1
LF:18
LH:18
BRDA:16,0,0,3
BRDA:17,1,0,3
BRDA:24,2,0,1
BRDA:24,2,1,2
BRF:4
BRH:4
end_of_record
TN:
SF:src/api/delayedTasks.ts
FN:15,getDelayedTasks
FN:31,getDelayedTask
FN:41,createDelayedTask
FN:52,updateDelayedTask
FN:64,cancelDelayedTask
FNF:5
FNH:5
FNDA:3,getDelayedTasks
FNDA:2,getDelayedTask
FNDA:2,createDelayedTask
FNDA:2,updateDelayedTask
FNDA:2,cancelDelayedTask
DA:19,3
DA:20,3
DA:21,3
DA:22,3
DA:24,3
DA:25,3
DA:28,3
DA:35,2
DA:38,1
DA:45,2
DA:49,1
DA:57,2
DA:61,2
DA:68,2
DA:71,1
LF:15
LH:15
BRDA:20,0,0,1
BRDA:20,0,1,2
BRDA:21,1,0,1
BRDA:21,1,1,2
BRDA:22,2,0,1
BRDA:22,2,1,2
BRDA:24,3,0,1
BRDA:24,3,1,2
BRF:8
BRH:8
end_of_record
TN:
SF:src/api/executions.ts
FN:17,getExecutions
FN:35,getExecution
FN:45,getExecutionStats
FNF:3
FNH:3
FNDA:5,getExecutions
FNDA:2,getExecution
FNDA:2,getExecutionStats
DA:21,5
DA:22,5
DA:23,5
DA:24,5
DA:25,5
DA:26,5
DA:28,5
DA:29,5
DA:32,5
DA:39,2
DA:42,1
DA:49,2
DA:50,2
DA:53,2
LF:14
LH:14
BRDA:22,0,0,1
BRDA:22,0,1,4
BRDA:23,1,0,1
BRDA:23,1,1,4
BRDA:24,2,0,1
BRDA:24,2,1,4
BRDA:25,3,0,1
BRDA:25,3,1,4
BRDA:26,4,0,1
BRDA:26,4,1,4
BRDA:28,5,0,4
BRDA:28,5,1,1
BRDA:49,6,0,1
BRDA:49,6,1,1
BRF:14
BRH:14
end_of_record
TN:
SF:src/api/notifications.ts
FN:31,getNotificationSettings
FN:40,updateNotificationSettings
FN:51,sendTestNotification
FNF:3
FNH:3
FNDA:1,getNotificationSettings
FNDA:3,updateNotificationSettings
FNDA:3,sendTestNotification
DA:34,1
DA:37,1
DA:44,3
DA:48,3
DA:55,3
DA:59,2
LF:6
LH:6
BRF:0
BRH:0
end_of_record
TN:
SF:src/api/workers.ts
FN:4,getWorkers
FN:9,getWorker
FN:14,createWorker
FN:19,updateWorker
FN:24,deleteWorker
FN:28,regenerateWorkerKey
FNF:6
FNH:6
FNDA:2,getWorkers
FNDA:2,getWorker
FNDA:1,createWorker
FNDA:2,updateWorker
FNDA:1,deleteWorker
FNDA:1,regenerateWorkerKey
DA:5,2
DA:6,2
DA:10,2
DA:11,1
DA:15,1
DA:16,1
DA:20,2
DA:21,2
DA:25,1
DA:29,1
DA:30,1
LF:11
LH:11
BRF:0
BRH:0
end_of_record
TN:
SF:src/api/workspaces.ts
FN:4,getWorkspaces
FN:9,getWorkspace
FN:14,createWorkspace
FN:19,updateWorkspace
FN:27,deleteWorkspace
FNF:5
FNH:5
FNDA:2,getWorkspaces
FNDA:2,getWorkspace
FNDA:2,createWorkspace
FNDA:2,updateWorkspace
FNDA:2,deleteWorkspace
DA:5,2
DA:6,2
DA:10,2
DA:11,1
DA:15,2
DA:16,1
DA:23,2
DA:24,1
DA:28,2
LF:9
LH:9
BRF:0
BRH:0
end_of_record
TN:
SF:src/components/cron/CronExpressionBuilder.tsx
FN:69,CronExpressionBuilder
FN:86,(anonymous_1)
FN:95,(anonymous_2)
FN:113,(anonymous_3)
FN:114,(anonymous_4)
FN:116,(anonymous_5)
FN:121,(anonymous_6)
FN:137,(anonymous_7)
FN:142,(anonymous_8)
FN:145,(anonymous_9)
FN:155,(anonymous_10)
FN:163,(anonymous_11)
FN:189,(anonymous_12)
FN:198,(anonymous_13)
FN:207,(anonymous_14)
FN:218,(anonymous_15)
FN:223,(anonymous_16)
FN:230,(anonymous_17)
FN:236,(anonymous_18)
FN:253,(anonymous_19)
FN:276,(anonymous_20)
FN:287,(anonymous_21)
FN:292,(anonymous_22)
FN:304,(anonymous_23)
FN:309,(anonymous_24)
FN:315,(anonymous_25)
FN:320,(anonymous_26)
FN:333,(anonymous_27)
FN:339,(anonymous_28)
FN:351,(anonymous_29)
FN:356,(anonymous_30)
FN:381,(anonymous_31)
FN:424,(anonymous_32)
FNF:33
FNH:17
FNDA:211,CronExpressionBuilder
FNDA:215,(anonymous_1)
FNDA:4,(anonymous_2)
FNDA:0,(anonymous_3)
FNDA:0,(anonymous_4)
FNDA:0,(anonymous_5)
FNDA:0,(anonymous_6)
FNDA:2,(anonymous_7)
FNDA:4642,(anonymous_8)
FNDA:30,(anonymous_9)
FNDA:9,(anonymous_10)
FNDA:11,(anonymous_11)
FNDA:0,(anonymous_12)
FNDA:2,(anonymous_13)
FNDA:2,(anonymous_14)
FNDA:828,(anonymous_15)
FNDA:1,(anonymous_16)
FNDA:1859,(anonymous_17)
FNDA:2,(anonymous_18)
FNDA:0,(anonymous_19)
FNDA:0,(anonymous_20)
FNDA:0,(anonymous_21)
FNDA:0,(anonymous_22)
FNDA:0,(anonymous_23)
FNDA:48,(anonymous_24)
FNDA:0,(anonymous_25)
FNDA:24,(anonymous_26)
FNDA:0,(anonymous_27)
FNDA:0,(anonymous_28)
FNDA:0,(anonymous_29)
FNDA:0,(anonymous_30)
FNDA:0,(anonymous_31)
FNDA:1,(anonymous_32)
DA:38,3
DA:67,3
DA:70,211
DA:71,211
DA:72,211
DA:73,211
DA:76,211
DA:77,211
DA:78,211
DA:79,211
DA:80,211
DA:81,211
DA:84,211
DA:86,211
DA:87,215
DA:88,215
DA:89,215
DA:91,2
DA:95,211
DA:96,4
DA:98,0
DA:100,0
DA:102,4
DA:104,0
DA:105,0
DA:107,0
DA:109,0
DA:113,211
DA:114,0
DA:115,0
DA:116,0
DA:121,211
DA:122,0
DA:124,0
DA:126,0
DA:127,0
DA:128,0
DA:129,0
DA:130,0
DA:131,0
DA:134,0
DA:137,211
DA:138,2
DA:139,2
DA:142,4642
DA:145,211
DA:146,30
DA:149,211
DA:155,9
DA:163,11
DA:189,0
DA:198,2
DA:207,2
DA:219,828
DA:223,1
DA:231,1859
DA:236,2
DA:253,0
DA:276,0
DA:287,0
DA:293,0
DA:304,0
DA:310,48
DA:315,0
DA:321,24
DA:334,0
DA:339,0
DA:351,0
DA:357,0
DA:381,0
DA:424,1
LF:71
LH:41
BRDA:88,0,0,0
BRDA:88,0,1,215
BRDA:96,1,0,0
BRDA:96,1,1,0
BRDA:96,1,2,4
BRDA:96,1,3,0
BRDA:96,1,4,0
BRDA:96,1,5,0
BRDA:104,2,0,0
BRDA:104,2,1,0
BRDA:115,3,0,0
BRDA:115,3,1,0
BRDA:124,4,0,0
BRDA:124,4,1,0
BRDA:126,5,0,0
BRDA:126,5,1,0
BRDA:129,6,0,0
BRDA:129,6,1,0
BRDA:187,7,0,207
BRDA:187,7,1,4
BRDA:196,8,0,2
BRDA:196,8,1,209
BRDA:205,9,0,2
BRDA:205,9,1,209
BRDA:215,10,0,211
BRDA:215,10,1,207
BRDA:221,11,0,207
BRDA:221,11,1,621
BRDA:234,12,0,204
BRDA:234,12,1,1655
BRDA:239,13,0,204
BRDA:239,13,1,1655
BRDA:249,14,0,211
BRDA:249,14,1,2
BRDA:265,15,0,2
BRDA:265,15,1,2
BRDA:265,15,2,0
BRDA:274,16,0,0
BRDA:274,16,1,0
BRDA:276,17,0,0
BRDA:276,17,1,0
BRDA:284,18,0,2
BRDA:284,18,1,0
BRDA:297,19,0,2
BRDA:297,19,1,0
BRDA:297,19,2,0
BRDA:297,19,3,2
BRDA:329,20,0,2
BRDA:329,20,1,0
BRDA:337,21,0,0
BRDA:337,21,1,0
BRDA:348,22,0,2
BRDA:348,22,1,0
BRDA:375,23,0,211
BRDA:375,23,1,2
BRDA:427,24,0,211
BRDA:427,24,1,4
BRF:57
BRH:29
end_of_record
TN:
SF:src/components/cron/CronTaskForm.tsx
FN:30,CronTaskForm
FN:49,(anonymous_1)
FN:133,(anonymous_2)
FN:141,(anonymous_3)
FN:146,(anonymous_4)
FN:160,(anonymous_5)
FN:171,(anonymous_6)
FN:204,(anonymous_7)
FN:216,(anonymous_8)
FN:226,(anonymous_9)
FN:238,(anonymous_10)
FNF:11
FNH:5
FNDA:160,CronTaskForm
FNDA:5,(anonymous_1)
FNDA:45,(anonymous_2)
FNDA:0,(anonymous_3)
FNDA:960,(anonymous_4)
FNDA:92,(anonymous_5)
FNDA:0,(anonymous_6)
FNDA:0,(anonymous_7)
FNDA:0,(anonymous_8)
FNDA:0,(anonymous_9)
FNDA:0,(anonymous_10)
DA:28,2
DA:31,160
DA:32,160
DA:34,160
DA:35,160
DA:36,160
DA:37,160
DA:38,160
DA:39,160
DA:40,160
DA:41,160
DA:42,160
DA:43,160
DA:44,160
DA:46,160
DA:47,160
DA:49,160
DA:50,5
DA:51,5
DA:54,5
DA:55,0
DA:56,0
DA:58,5
DA:59,0
DA:60,0
DA:62,5
DA:63,0
DA:64,0
DA:67,5
DA:68,5
DA:69,5
DA:71,0
DA:72,0
DA:75,5
DA:77,5
DA:78,5
DA:92,5
DA:93,1
DA:94,1
DA:100,4
DA:101,2
DA:107,3
DA:109,1
DA:115,4
DA:119,160
DA:133,45
DA:141,0
DA:147,960
DA:160,92
DA:171,0
DA:204,0
DA:216,0
DA:226,0
DA:238,0
LF:54
LH:40
BRDA:34,0,0,160
BRDA:34,0,1,143
BRDA:35,1,0,160
BRDA:35,1,1,143
BRDA:36,2,0,160
BRDA:36,2,1,143
BRDA:37,3,0,160
BRDA:37,3,1,143
BRDA:38,4,0,160
BRDA:38,4,1,143
BRDA:39,5,0,160
BRDA:39,5,1,143
BRDA:40,6,0,160
BRDA:40,6,1,143
BRDA:41,7,0,160
BRDA:41,7,1,143
BRDA:42,8,0,160
BRDA:42,8,1,143
BRDA:43,9,0,160
BRDA:43,9,1,143
BRDA:44,10,0,160
BRDA:44,10,1,143
BRDA:54,11,0,0
BRDA:54,11,1,5
BRDA:58,12,0,0
BRDA:58,12,1,5
BRDA:62,13,0,0
BRDA:62,13,1,5
BRDA:69,14,0,5
BRDA:69,14,1,0
BRDA:80,15,0,5
BRDA:80,15,1,4
BRDA:88,16,0,5
BRDA:88,16,1,4
BRDA:92,17,0,1
BRDA:92,17,1,4
BRDA:110,18,0,0
BRDA:110,18,1,1
BRDA:121,19,0,160
BRDA:121,19,1,0
BRDA:204,20,0,0
BRDA:204,20,1,0
BRDA:216,21,0,0
BRDA:216,21,1,0
BRDA:230,22,0,160
BRDA:230,22,1,143
BRDA:230,22,2,143
BRDA:230,22,3,17
BRDA:250,23,0,160
BRDA:250,23,1,5
BRDA:251,24,0,17
BRDA:251,24,1,143
BRF:52
BRH:42
end_of_record
TN:
SF:src/components/delayed/DelayedTaskForm.tsx
FN:28,formatDateTimeLocal
FN:38,getDefaultDateTime
FN:57,DelayedTaskForm
FN:77,(anonymous_3)
FN:93,(anonymous_4)
FN:99,(anonymous_5)
FN:142,(anonymous_6)
FN:157,(anonymous_7)
FN:183,(anonymous_8)
FN:190,(anonymous_9)
FN:195,(anonymous_10)
FN:209,(anonymous_11)
FN:222,(anonymous_12)
FN:228,(anonymous_13)
FN:234,(anonymous_14)
FN:251,(anonymous_15)
FN:263,(anonymous_16)
FN:273,(anonymous_17)
FN:285,(anonymous_18)
FN:302,(anonymous_19)
FN:316,(anonymous_20)
FN:331,(anonymous_21)
FNF:22
FNH:13
FNDA:97,formatDateTimeLocal
FNDA:91,getDefaultDateTime
FNDA:91,DelayedTaskForm
FNDA:16,(anonymous_3)
FNDA:2,(anonymous_4)
FNDA:3,(anonymous_5)
FNDA:2,(anonymous_6)
FNDA:0,(anonymous_7)
FNDA:13,(anonymous_8)
FNDA:4,(anonymous_9)
FNDA:546,(anonymous_10)
FNDA:46,(anonymous_11)
FNDA:0,(anonymous_12)
FNDA:546,(anonymous_13)
FNDA:2,(anonymous_14)
FNDA:0,(anonymous_15)
FNDA:0,(anonymous_16)
FNDA:0,(anonymous_17)
FNDA:0,(anonymous_18)
FNDA:0,(anonymous_19)
FNDA:0,(anonymous_20)
FNDA:0,(anonymous_21)
DA:25,2
DA:29,97
DA:30,97
DA:31,97
DA:32,97
DA:33,97
DA:34,97
DA:39,91
DA:40,91
DA:41,91
DA:42,91
DA:43,91
DA:44,91
DA:48,2
DA:58,91
DA:59,91
DA:61,91
DA:62,91
DA:63,91
DA:64,91
DA:65,91
DA:66,91
DA:67,91
DA:68,91
DA:69,91
DA:70,91
DA:71,91
DA:73,91
DA:74,91
DA:77,91
DA:78,16
DA:79,4
DA:80,4
DA:81,4
DA:82,4
DA:83,4
DA:84,4
DA:85,4
DA:86,4
DA:87,4
DA:88,4
DA:89,4
DA:93,91
DA:94,2
DA:95,2
DA:96,2
DA:99,91
DA:100,3
DA:101,3
DA:104,3
DA:105,0
DA:106,0
DA:108,3
DA:109,0
DA:110,0
DA:114,3
DA:115,3
DA:116,0
DA:117,0
DA:120,3
DA:121,3
DA:122,3
DA:124,0
DA:125,0
DA:128,3
DA:130,3
DA:131,3
DA:132,1
DA:142,2
DA:144,1
DA:146,2
DA:157,0
DA:159,2
DA:161,3
DA:163,0
DA:165,3
DA:169,91
DA:183,13
DA:190,4
DA:196,546
DA:209,46
DA:222,0
DA:229,546
DA:234,2
DA:251,0
DA:263,0
DA:273,0
DA:285,0
DA:302,0
DA:316,0
DA:331,0
LF:91
LH:73
BRDA:78,0,0,4
BRDA:78,0,1,12
BRDA:79,1,0,4
BRDA:79,1,1,0
BRDA:86,2,0,4
BRDA:86,2,1,4
BRDA:87,3,0,4
BRDA:87,3,1,0
BRDA:88,4,0,4
BRDA:88,4,1,4
BRDA:104,5,0,0
BRDA:104,5,1,3
BRDA:108,6,0,0
BRDA:108,6,1,3
BRDA:115,7,0,0
BRDA:115,7,1,3
BRDA:122,8,0,3
BRDA:122,8,1,0
BRDA:131,9,0,1
BRDA:131,9,1,2
BRDA:131,10,0,3
BRDA:131,10,1,1
BRDA:136,11,0,1
BRDA:136,11,1,0
BRDA:140,12,0,1
BRDA:140,12,1,1
BRDA:141,13,0,1
BRDA:141,13,1,1
BRDA:142,14,0,1
BRDA:142,14,1,0
BRDA:150,15,0,2
BRDA:150,15,1,2
BRDA:154,16,0,2
BRDA:154,16,1,2
BRDA:155,17,0,2
BRDA:155,17,1,2
BRDA:156,18,0,2
BRDA:156,18,1,2
BRDA:157,19,0,0
BRDA:157,19,1,2
BRDA:171,20,0,91
BRDA:171,20,1,0
BRDA:251,21,0,0
BRDA:251,21,1,0
BRDA:263,22,0,0
BRDA:263,22,1,0
BRDA:277,23,0,91
BRDA:277,23,1,87
BRDA:277,23,2,87
BRDA:277,23,3,4
BRDA:295,24,0,27
BRDA:295,24,1,64
BRDA:296,25,0,91
BRDA:296,25,1,64
BRDA:345,26,0,91
BRDA:345,26,1,3
BRDA:346,27,0,27
BRDA:346,27,1,64
BRF:58
BRH:44
end_of_record
TN:
SF:src/components/layout/AppLayout.tsx
FN:14,AppLayout
FN:18,(anonymous_1)
FNF:2
FNH:2
FNDA:6,AppLayout
FNDA:1,(anonymous_1)
DA:15,6
DA:16,6
DA:18,6
DA:19,1
DA:20,1
DA:23,6
LF:6
LH:6
BRDA:14,0,0,6
BRDA:30,1,0,1
BRDA:30,1,1,5
BRF:3
BRH:3
end_of_record
TN:
SF:src/components/layout/Header.tsx
FN:24,Header
FN:31,(anonymous_1)
FN:36,(anonymous_2)
FN:79,(anonymous_3)
FN:85,(anonymous_4)
FN:116,(anonymous_5)
FN:123,(anonymous_6)
FNF:7
FNH:4
FNDA:19,Header
FNDA:37,(anonymous_1)
FNDA:0,(anonymous_2)
FNDA:0,(anonymous_3)
FNDA:0,(anonymous_4)
FNDA:1,(anonymous_5)
FNDA:1,(anonymous_6)
DA:25,19
DA:26,19
DA:27,19
DA:28,19
DA:30,19
DA:31,37
DA:34,19
DA:36,19
DA:37,0
DA:38,0
DA:39,0
DA:42,0
DA:46,19
DA:79,0
DA:85,0
DA:116,1
DA:123,1
LF:17
LH:11
BRDA:30,0,0,19
BRDA:30,0,1,0
BRDA:60,1,0,19
BRDA:60,1,1,18
BRDA:82,2,0,19
BRDA:82,2,1,0
BRDA:88,3,0,19
BRDA:88,3,1,19
BRF:8
BRH:6
end_of_record
TN:
SF:src/components/layout/Sidebar.tsx
FN:48,Sidebar
FN:53,(anonymous_1)
FN:59,(anonymous_2)
FN:83,(anonymous_3)
FN:89,(anonymous_4)
FN:96,(anonymous_5)
FN:116,(anonymous_6)
FN:127,(anonymous_7)
FN:139,(anonymous_8)
FNF:9
FNH:8
FNDA:17,Sidebar
FNDA:137,(anonymous_1)
FNDA:1,(anonymous_2)
FNDA:1,(anonymous_3)
FNDA:0,(anonymous_4)
FNDA:1,(anonymous_5)
FNDA:68,(anonymous_6)
FNDA:68,(anonymous_7)
FNDA:1,(anonymous_8)
DA:25,3
DA:32,3
DA:39,3
DA:49,17
DA:50,17
DA:51,17
DA:53,17
DA:54,137
DA:55,137
DA:57,137
DA:59,1
DA:73,17
DA:83,1
DA:89,0
DA:96,1
DA:117,68
DA:128,68
DA:140,1
LF:18
LH:17
BRDA:62,0,0,17
BRDA:62,0,1,120
BRDA:68,1,0,137
BRDA:68,1,1,121
BRDA:77,2,0,2
BRDA:77,2,1,15
BRDA:82,3,0,17
BRDA:82,3,1,15
BRDA:88,4,0,17
BRDA:88,4,1,2
BRDA:97,5,0,17
BRDA:97,5,1,2
BRDA:102,6,0,17
BRDA:102,6,1,2
BRDA:111,7,0,17
BRDA:111,7,1,15
BRDA:122,8,0,17
BRDA:122,8,1,15
BRDA:132,9,0,17
BRDA:132,9,1,1
BRDA:134,10,0,1
BRDA:134,10,1,1
BRF:22
BRH:22
end_of_record
TN:
SF:src/components/ui/alert.tsx
FN:25,(anonymous_0)
FN:38,(anonymous_1)
FN:50,(anonymous_2)
FNF:3
FNH:3
FNDA:2,(anonymous_0)
FNDA:2,(anonymous_1)
FNDA:2,(anonymous_2)
DA:6,2
DA:22,2
DA:26,2
DA:33,2
DA:35,2
DA:39,2
DA:45,2
DA:47,2
DA:51,2
DA:57,2
LF:10
LH:10
BRF:0
BRH:0
end_of_record
TN:
SF:src/components/ui/avatar.tsx
FN:9,(anonymous_0)
FN:24,(anonymous_1)
FN:36,(anonymous_2)
FNF:3
FNH:2
FNDA:19,(anonymous_0)
FNDA:0,(anonymous_1)
FNDA:19,(anonymous_2)
DA:6,3
DA:10,19
DA:19,3
DA:21,3
DA:25,0
DA:31,3
DA:33,3
DA:37,19
DA:46,3
LF:9
LH:8
BRF:0
BRH:0
end_of_record
TN:
SF:src/components/ui/badge.tsx
FN:34,Badge
FNF:1
FNH:1
FNDA:632,Badge
DA:6,16
DA:35,632
LF:2
LH:2
BRF:0
BRH:0
end_of_record
TN:
SF:src/components/ui/button.tsx
FN:44,(anonymous_0)
FNF:1
FNH:1
FNDA:2897,(anonymous_0)
DA:7,21
DA:43,21
DA:45,2897
DA:46,2897
DA:55,21
LF:5
LH:5
BRDA:44,0,0,2897
BRDA:45,1,0,0
BRDA:45,1,1,2897
BRF:3
BRH:2
end_of_record
TN:
SF:src/components/ui/card.tsx
FN:8,(anonymous_0)
FN:23,(anonymous_1)
FN:35,(anonymous_2)
FN:50,(anonymous_3)
FN:62,(anonymous_4)
FN:70,(anonymous_5)
FNF:6
FNH:6
FNDA:971,(anonymous_0)
FNDA:971,(anonymous_1)
FNDA:971,(anonymous_2)
FNDA:664,(anonymous_3)
FNDA:971,(anonymous_4)
FNDA:533,(anonymous_5)
DA:5,9
DA:9,971
DA:18,9
DA:20,9
DA:24,971
DA:30,9
DA:32,9
DA:36,971
DA:45,9
DA:47,9
DA:51,664
DA:57,9
DA:59,9
DA:63,971
DA:65,9
DA:67,9
DA:71,533
DA:77,9
LF:18
LH:18
BRF:0
BRH:0
end_of_record
TN:
SF:src/components/ui/dialog.tsx
FN:18,(anonymous_0)
FN:33,(anonymous_1)
FN:54,(anonymous_2)
FN:68,(anonymous_3)
FN:85,(anonymous_4)
FN:100,(anonymous_5)
FNF:6
FNH:6
FNDA:102,(anonymous_0)
FNDA:639,(anonymous_1)
FNDA:75,(anonymous_2)
FNDA:37,(anonymous_3)
FNDA:75,(anonymous_4)
FNDA:75,(anonymous_5)
DA:7,11
DA:9,11
DA:11,11
DA:13,11
DA:15,11
DA:19,102
DA:28,11
DA:30,11
DA:34,639
DA:52,11
DA:54,11
DA:58,75
DA:66,11
DA:68,11
DA:72,37
DA:80,11
DA:82,11
DA:86,75
DA:95,11
DA:97,11
DA:101,75
DA:107,11
LF:22
LH:22
BRF:0
BRH:0
end_of_record
TN:
SF:src/components/ui/dropdown-menu.tsx
FN:26,(anonymous_0)
FN:46,(anonymous_1)
FN:62,(anonymous_2)
FN:82,(anonymous_3)
FN:98,(anonymous_4)
FN:122,(anonymous_5)
FN:146,(anonymous_6)
FN:162,(anonymous_7)
FN:171,(anonymous_8)
FNF:9
FNH:4
FNDA:0,(anonymous_0)
FNDA:0,(anonymous_1)
FNDA:38,(anonymous_2)
FNDA:20,(anonymous_3)
FNDA:0,(anonymous_4)
FNDA:0,(anonymous_5)
FNDA:6,(anonymous_6)
FNDA:12,(anonymous_7)
FNDA:0,(anonymous_8)
DA:9,3
DA:11,3
DA:13,3
DA:15,3
DA:17,3
DA:19,3
DA:21,3
DA:27,0
DA:40,3
DA:43,3
DA:47,0
DA:56,3
DA:59,3
DA:63,38
DA:75,3
DA:77,3
DA:83,20
DA:93,3
DA:95,3
DA:99,0
DA:116,3
DA:119,3
DA:123,0
DA:139,3
DA:141,3
DA:147,6
DA:157,3
DA:159,3
DA:163,12
DA:169,3
DA:171,3
DA:175,0
DA:182,3
LF:33
LH:28
BRDA:31,0,0,0
BRDA:31,0,1,0
BRDA:62,1,0,38
BRDA:87,2,0,20
BRDA:87,2,1,0
BRDA:151,3,0,6
BRDA:151,3,1,0
BRF:7
BRH:3
end_of_record
TN:
SF:src/components/ui/input.tsx
FN:6,(anonymous_0)
FNF:1
FNH:1
FNDA:3754,(anonymous_0)
DA:5,16
DA:7,3754
DA:20,16
LF:3
LH:3
BRF:0
BRH:0
end_of_record
TN:
SF:src/components/ui/label.tsx
FN:15,(anonymous_0)
FNF:1
FNH:1
FNDA:4433,(anonymous_0)
DA:7,15
DA:11,15
DA:16,4433
DA:22,15
LF:4
LH:4
BRF:0
BRH:0
end_of_record
TN:
SF:src/components/ui/select.tsx
FN:16,(anonymous_0)
FN:36,(anonymous_1)
FN:53,(anonymous_2)
FN:71,(anonymous_3)
FN:103,(anonymous_4)
FN:115,(anonymous_5)
FN:138,(anonymous_6)
FNF:7
FNH:5
FNDA:636,(anonymous_0)
FNDA:628,(anonymous_1)
FNDA:628,(anonymous_2)
FNDA:636,(anonymous_3)
FNDA:0,(anonymous_4)
FNDA:3252,(anonymous_5)
FNDA:0,(anonymous_6)
DA:7,8
DA:9,8
DA:11,8
DA:13,8
DA:17,636
DA:31,8
DA:33,8
DA:37,628
DA:48,8
DA:50,8
DA:54,628
DA:65,8
DA:68,8
DA:72,636
DA:98,8
DA:100,8
DA:104,0
DA:110,8
DA:112,8
DA:116,3252
DA:133,8
DA:135,8
DA:139,0
DA:145,8
LF:24
LH:22
BRDA:71,0,0,636
BRDA:77,1,0,636
BRDA:77,1,1,636
BRDA:88,2,0,636
BRDA:88,2,1,636
BRF:5
BRH:5
end_of_record
TN:
SF:src/components/ui/skeleton.tsx
FN:3,Skeleton
FN:15,TableSkeleton
FN:20,(anonymous_2)
FN:26,(anonymous_3)
FN:29,(anonymous_4)
FN:47,CardSkeleton
FN:63,DashboardSkeleton
FN:68,(anonymous_7)
FNF:8
FNH:7
FNDA:4800,Skeleton
FNDA:89,TableSkeleton
FNDA:548,(anonymous_2)
FNDA:646,(anonymous_3)
FNDA:4035,(anonymous_4)
FNDA:0,CardSkeleton
FNDA:12,DashboardSkeleton
FNDA:48,(anonymous_7)
DA:7,4800
DA:16,89
DA:21,548
DA:27,646
DA:30,4035
DA:48,0
DA:64,12
DA:69,48
LF:8
LH:7
BRDA:15,0,0,89
BRDA:15,1,0,89
BRDA:34,2,0,4035
BRDA:34,2,1,646
BRDA:35,3,0,4035
BRDA:35,3,1,646
BRF:6
BRH:6
end_of_record
TN:
SF:src/components/ui/switch.tsx
FN:9,(anonymous_0)
FNF:1
FNH:1
FNDA:43,(anonymous_0)
DA:6,4
DA:10,43
DA:25,4
LF:3
LH:3
BRF:0
BRH:0
end_of_record
TN:
SF:src/components/ui/table.tsx
FN:8,(anonymous_0)
FN:22,(anonymous_1)
FN:30,(anonymous_2)
FN:42,(anonymous_3)
FN:57,(anonymous_4)
FN:72,(anonymous_5)
FN:87,(anonymous_6)
FN:99,(anonymous_7)
FNF:8
FNH:6
FNDA:121,(anonymous_0)
FNDA:121,(anonymous_1)
FNDA:121,(anonymous_2)
FNDA:0,(anonymous_3)
FNDA:349,(anonymous_4)
FNDA:727,(anonymous_5)
FNDA:1438,(anonymous_6)
FNDA:0,(anonymous_7)
DA:5,11
DA:9,121
DA:17,11
DA:19,11
DA:23,121
DA:25,11
DA:27,11
DA:31,121
DA:37,11
DA:39,11
DA:43,0
DA:52,11
DA:54,11
DA:58,349
DA:67,11
DA:69,11
DA:73,727
DA:82,11
DA:84,11
DA:88,1438
DA:94,11
DA:96,11
DA:100,0
DA:106,11
LF:24
LH:22
BRF:0
BRH:0
end_of_record
TN:
SF:src/components/ui/textarea.tsx
FN:8,(anonymous_0)
FNF:1
FNH:1
FNDA:9,(anonymous_0)
DA:5,2
DA:9,9
DA:20,2
LF:3
LH:3
BRF:0
BRH:0
end_of_record
TN:
SF:src/components/ui/toast.tsx
FN:13,(anonymous_0)
FN:47,(anonymous_1)
FN:61,(anonymous_2)
FN:76,(anonymous_3)
FN:94,(anonymous_4)
FN:106,(anonymous_5)
FNF:6
FNH:6
FNDA:8,(anonymous_0)
FNDA:1,(anonymous_1)
FNDA:1,(anonymous_2)
FNDA:1,(anonymous_3)
FNDA:1,(anonymous_4)
FNDA:1,(anonymous_5)
DA:8,2
DA:10,2
DA:14,8
DA:23,2
DA:25,2
DA:43,2
DA:48,1
DA:56,2
DA:58,2
DA:62,1
DA:71,2
DA:73,2
DA:77,1
DA:89,2
DA:91,2
DA:95,1
DA:101,2
DA:103,2
DA:107,1
DA:113,2
LF:20
LH:20
BRF:0
BRH:0
end_of_record
TN:
SF:src/components/ui/toaster.tsx
FN:11,Toaster
FN:16,(anonymous_1)
FNF:2
FNH:1
FNDA:7,Toaster
FNDA:0,(anonymous_1)
DA:12,7
DA:14,7
DA:17,0
LF:3
LH:2
BRDA:20,0,0,0
BRDA:20,0,1,0
BRDA:21,1,0,0
BRDA:21,1,1,0
BRF:4
BRH:0
end_of_record
TN:
SF:src/hooks/use-toast.ts
FN:24,genId
FN:55,(anonymous_1)
FN:60,(anonymous_2)
FN:71,(anonymous_3)
FN:82,(anonymous_4)
FN:93,(anonymous_5)
FN:100,(anonymous_6)
FN:119,(anonymous_7)
FN:128,dispatch
FN:130,(anonymous_9)
FN:137,toast
FN:140,(anonymous_11)
FN:145,(anonymous_12)
FN:153,(anonymous_13)
FN:166,useToast
FN:169,(anonymous_15)
FN:171,(anonymous_16)
FN:182,(anonymous_17)
FNF:18
FNH:13
FNDA:5,genId
FNDA:3,(anonymous_1)
FNDA:0,(anonymous_2)
FNDA:17,(anonymous_3)
FNDA:2,(anonymous_4)
FNDA:2,(anonymous_5)
FNDA:4,(anonymous_6)
FNDA:2,(anonymous_7)
FNDA:5,dispatch
FNDA:1,(anonymous_9)
FNDA:5,toast
FNDA:0,(anonymous_11)
FNDA:0,(anonymous_12)
FNDA:0,(anonymous_13)
FNDA:11,useToast
FNDA:9,(anonymous_15)
FNDA:9,(anonymous_16)
FNDA:0,(anonymous_17)
DA:5,3
DA:6,3
DA:15,3
DA:22,3
DA:25,5
DA:26,5
DA:53,3
DA:55,3
DA:56,3
DA:57,1
DA:60,2
DA:61,0
DA:62,0
DA:68,2
DA:71,3
DA:72,17
DA:74,11
DA:80,2
DA:83,2
DA:88,2
DA:90,2
DA:91,1
DA:93,1
DA:94,2
DA:98,2
DA:101,4
DA:111,2
DA:112,1
DA:117,1
DA:119,2
DA:124,3
DA:126,3
DA:129,5
DA:130,5
DA:131,1
DA:138,5
DA:140,5
DA:141,0
DA:145,5
DA:147,5
DA:154,0
DA:159,5
DA:167,11
DA:169,11
DA:170,9
DA:171,9
DA:172,9
DA:173,9
DA:174,9
DA:179,11
DA:182,0
LF:51
LH:46
BRDA:56,0,0,1
BRDA:56,0,1,2
BRDA:72,1,0,11
BRDA:72,1,1,2
BRDA:72,1,2,2
BRDA:72,1,3,2
BRDA:83,2,0,1
BRDA:83,2,1,1
BRDA:90,3,0,1
BRDA:90,3,1,1
BRDA:101,4,0,3
BRDA:101,4,1,1
BRDA:101,5,0,4
BRDA:101,5,1,3
BRDA:111,6,0,1
BRDA:111,6,1,1
BRDA:154,7,0,0
BRDA:154,7,1,0
BRDA:173,8,0,9
BRDA:173,8,1,0
BRF:20
BRH:17
end_of_record
TN:
SF:src/lib/i18n.ts
FN:20,(anonymous_0)
FN:24,(anonymous_1)
FNF:2
FNH:2
FNDA:2,(anonymous_0)
FNDA:3,(anonymous_1)
DA:6,1
DA:20,1
DA:21,2
DA:24,1
DA:25,3
LF:5
LH:5
BRF:0
BRH:0
end_of_record
TN:
SF:src/lib/translateApiError.ts
FN:13,(anonymous_0)
FN:18,(anonymous_1)
FN:34,translateApiError
FNF:3
FNH:3
FNDA:3,(anonymous_0)
FNDA:2,(anonymous_1)
FNDA:15,translateApiError
DA:9,4
DA:13,3
DA:18,2
DA:35,15
DA:36,45
DA:37,45
DA:38,9
DA:39,9
DA:42,6
LF:9
LH:9
BRDA:37,0,0,9
BRDA:37,0,1,36
BRDA:38,1,0,5
BRDA:38,1,1,4
BRF:4
BRH:4
end_of_record
TN:
SF:src/lib/utils.ts
FN:4,cn
FNF:1
FNH:1
FNDA:36381,cn
DA:5,36381
LF:1
LH:1
BRF:0
BRH:0
end_of_record
TN:
SF:src/pages/DashboardPage.tsx
FN:48,DashboardPage
FN:63,(anonymous_1)
FN:70,(anonymous_2)
FN:75,(anonymous_3)
FN:107,(anonymous_4)
FN:108,(anonymous_5)
FN:126,(anonymous_6)
FN:127,(anonymous_7)
FN:137,(anonymous_8)
FN:155,(anonymous_9)
FN:173,(anonymous_10)
FN:188,(anonymous_11)
FN:203,(anonymous_12)
FN:228,(anonymous_13)
FN:254,(anonymous_14)
FN:264,(anonymous_15)
FN:273,(anonymous_16)
FN:439,(anonymous_17)
FNF:18
FNH:16
FNDA:58,DashboardPage
FNDA:32,(anonymous_1)
FNDA:32,(anonymous_2)
FNDA:1,(anonymous_3)
FNDA:13,(anonymous_4)
FNDA:13,(anonymous_5)
FNDA:13,(anonymous_6)
FNDA:13,(anonymous_7)
FNDA:13,(anonymous_8)
FNDA:8,(anonymous_9)
FNDA:8,(anonymous_10)
FNDA:8,(anonymous_11)
FNDA:8,(anonymous_12)
FNDA:3,(anonymous_13)
FNDA:32,(anonymous_14)
FNDA:0,(anonymous_15)
FNDA:0,(anonymous_16)
FNDA:8,(anonymous_17)
DA:49,58
DA:50,58
DA:51,58
DA:52,58
DA:53,58
DA:54,58
DA:57,58
DA:58,58
DA:59,58
DA:60,58
DA:61,58
DA:63,58
DA:64,32
DA:70,58
DA:71,32
DA:72,32
DA:75,58
DA:76,1
DA:77,1
DA:78,0
DA:79,0
DA:82,1
DA:83,1
DA:85,1
DA:86,1
DA:90,1
DA:91,1
DA:92,1
DA:93,1
DA:94,1
DA:95,1
DA:101,0
DA:103,1
DA:107,58
DA:108,13
DA:109,13
DA:110,13
DA:111,13
DA:112,13
DA:113,13
DA:114,5
DA:117,0
DA:119,13
DA:123,13
DA:126,58
DA:127,13
DA:128,13
DA:129,8
DA:130,8
DA:131,8
DA:137,13
DA:138,13
DA:139,8
DA:140,8
DA:141,8
DA:144,8
DA:145,8
DA:151,13
DA:152,13
DA:155,58
DA:156,8
DA:157,8
DA:160,8
DA:161,56
DA:162,56
DA:163,56
DA:164,56
DA:173,8
DA:174,8
DA:175,8
DA:176,0
DA:177,0
DA:178,0
DA:179,0
DA:180,0
DA:185,8
DA:188,58
DA:189,8
DA:191,8
DA:193,0
DA:195,0
DA:197,0
DA:199,0
DA:203,58
DA:204,8
DA:205,8
DA:206,8
DA:209,58
DA:210,1
DA:213,57
DA:214,0
DA:221,57
DA:222,41
DA:228,3
DA:254,32
DA:264,0
DA:273,0
DA:288,16
DA:440,8
LF:99
LH:83
BRDA:77,0,0,0
BRDA:77,0,1,1
BRDA:77,1,0,1
BRDA:77,1,1,1
BRDA:113,2,0,5
BRDA:113,2,1,8
BRDA:113,3,0,13
BRDA:113,3,1,13
BRDA:128,4,0,5
BRDA:128,4,1,8
BRDA:138,5,0,5
BRDA:138,5,1,8
BRDA:157,6,0,0
BRDA:157,6,1,8
BRDA:175,7,0,0
BRDA:175,7,1,8
BRDA:177,8,0,0
BRDA:177,8,1,0
BRDA:179,9,0,0
BRDA:179,9,1,0
BRDA:189,10,0,8
BRDA:189,10,1,0
BRDA:189,10,2,0
BRDA:189,10,3,0
BRDA:189,10,4,0
BRDA:204,11,0,0
BRDA:204,11,1,8
BRDA:205,12,0,0
BRDA:205,12,1,8
BRDA:209,13,0,1
BRDA:209,13,1,57
BRDA:213,14,0,0
BRDA:213,14,1,57
BRDA:221,15,0,41
BRDA:221,15,1,16
BRDA:244,16,0,41
BRDA:244,16,1,0
BRDA:277,17,0,41
BRDA:277,17,1,1
BRDA:305,18,0,16
BRDA:305,18,1,16
BRDA:307,19,0,58
BRDA:307,19,1,8
BRDA:318,20,0,58
BRDA:318,20,1,16
BRDA:320,21,0,58
BRDA:320,21,1,16
BRDA:331,22,0,58
BRDA:331,22,1,16
BRDA:345,23,0,0
BRDA:345,23,1,16
BRDA:370,24,0,8
BRDA:370,24,1,8
BRDA:428,25,0,8
BRDA:428,25,1,8
BRDA:444,26,0,8
BRDA:444,26,1,0
BRDA:470,27,0,58
BRDA:470,27,1,16
BRDA:478,28,0,16
BRDA:478,28,1,16
BRF:61
BRH:44
end_of_record
TN:
SF:src/pages/admin/AdminDashboardPage.tsx
FN:24,AdminDashboardPage
FN:29,(anonymous_1)
FN:30,(anonymous_2)
FN:75,(anonymous_3)
FN:104,(anonymous_4)
FN:133,(anonymous_5)
FN:149,(anonymous_6)
FNF:7
FNH:5
FNDA:20,AdminDashboardPage
FNDA:10,(anonymous_1)
FNDA:10,(anonymous_2)
FNDA:1,(anonymous_3)
FNDA:1,(anonymous_4)
FNDA:0,(anonymous_5)
FNDA:0,(anonymous_6)
DA:25,20
DA:26,20
DA:27,20
DA:29,20
DA:30,10
DA:31,10
DA:32,10
DA:33,9
DA:35,1
DA:41,10
DA:45,10
DA:48,20
DA:49,10
DA:52,10
DA:53,1
DA:60,9
DA:75,1
DA:104,1
DA:133,0
DA:149,0
LF:20
LH:18
BRDA:48,0,0,10
BRDA:48,0,1,10
BRDA:52,1,0,1
BRDA:52,1,1,9
BRDA:97,2,0,9
BRDA:97,2,1,0
BRF:6
BRH:5
end_of_record
TN:
SF:src/pages/admin/AdminNotificationTemplatesPage.tsx
FN:103,AdminNotificationTemplatesPage
FN:131,(anonymous_1)
FN:154,(anonymous_2)
FN:158,(anonymous_3)
FN:166,(anonymous_4)
FN:195,(anonymous_5)
FN:219,(anonymous_6)
FN:246,(anonymous_7)
FN:250,(anonymous_8)
FN:258,(anonymous_9)
FN:274,(anonymous_10)
FN:295,(anonymous_11)
FN:310,(anonymous_12)
FN:325,(anonymous_13)
FN:361,(anonymous_14)
FN:397,(anonymous_15)
FN:405,(anonymous_16)
FN:453,(anonymous_17)
FN:465,(anonymous_18)
FN:476,(anonymous_19)
FN:512,(anonymous_20)
FN:554,(anonymous_21)
FN:569,(anonymous_22)
FNF:23
FNH:17
FNDA:34,AdminNotificationTemplatesPage
FNDA:14,(anonymous_1)
FNDA:13,(anonymous_2)
FNDA:3,(anonymous_3)
FNDA:1,(anonymous_4)
FNDA:1,(anonymous_5)
FNDA:0,(anonymous_6)
FNDA:234,(anonymous_7)
FNDA:57,(anonymous_8)
FNDA:57,(anonymous_9)
FNDA:1,(anonymous_10)
FNDA:170,(anonymous_11)
FNDA:68,(anonymous_12)
FNDA:68,(anonymous_13)
FNDA:57,(anonymous_14)
FNDA:3,(anonymous_15)
FNDA:1,(anonymous_16)
FNDA:0,(anonymous_17)
FNDA:0,(anonymous_18)
FNDA:21,(anonymous_19)
FNDA:0,(anonymous_20)
FNDA:0,(anonymous_21)
FNDA:0,(anonymous_22)
DA:61,1
DA:69,1
DA:70,1
DA:72,1
DA:104,34
DA:105,34
DA:106,34
DA:107,34
DA:110,34
DA:111,34
DA:112,34
DA:115,34
DA:116,34
DA:117,34
DA:118,34
DA:119,34
DA:122,34
DA:123,34
DA:124,34
DA:125,34
DA:128,34
DA:129,34
DA:131,34
DA:132,14
DA:133,14
DA:134,14
DA:135,14
DA:136,14
DA:137,14
DA:139,14
DA:142,13
DA:144,1
DA:150,14
DA:154,34
DA:155,13
DA:158,34
DA:159,3
DA:160,3
DA:161,3
DA:162,3
DA:163,3
DA:166,34
DA:167,1
DA:168,1
DA:169,1
DA:170,1
DA:174,1
DA:175,1
DA:177,1
DA:178,1
DA:182,1
DA:183,1
DA:185,0
DA:191,1
DA:195,34
DA:196,1
DA:197,1
DA:198,1
DA:199,1
DA:200,1
DA:205,1
DA:206,1
DA:207,1
DA:209,0
DA:215,1
DA:219,34
DA:220,0
DA:221,0
DA:222,0
DA:223,0
DA:224,0
DA:228,0
DA:229,0
DA:231,0
DA:232,0
DA:234,0
DA:236,0
DA:242,0
DA:246,34
DA:247,234
DA:250,34
DA:251,57
DA:258,34
DA:259,57
DA:269,34
DA:274,1
DA:296,170
DA:311,68
DA:326,68
DA:362,57
DA:397,3
DA:406,1
DA:407,1
DA:453,0
DA:465,0
DA:477,21
DA:512,0
DA:554,0
DA:569,0
LF:99
LH:80
BRDA:135,0,0,0
BRDA:135,0,1,14
BRDA:135,1,0,14
BRDA:135,1,1,14
BRDA:136,2,0,0
BRDA:136,2,1,14
BRDA:136,3,0,14
BRDA:136,3,1,14
BRDA:137,4,0,0
BRDA:137,4,1,14
BRDA:137,5,0,14
BRDA:137,5,1,14
BRDA:140,6,0,0
BRDA:140,6,1,14
BRDA:160,7,0,3
BRDA:160,7,1,0
BRDA:167,8,0,0
BRDA:167,8,1,1
BRDA:174,9,0,1
BRDA:174,9,1,0
BRDA:175,10,0,1
BRDA:175,10,1,0
BRDA:196,11,0,0
BRDA:196,11,1,1
BRDA:199,12,0,1
BRDA:199,12,1,0
BRDA:202,13,0,1
BRDA:202,13,1,0
BRDA:220,14,0,0
BRDA:220,14,1,0
BRDA:231,15,0,0
BRDA:231,15,1,0
BRDA:251,16,0,38
BRDA:251,16,1,19
BRDA:259,17,0,38
BRDA:259,17,1,19
BRDA:327,18,0,34
BRDA:327,18,1,34
BRDA:339,19,0,13
BRDA:339,19,1,21
BRDA:341,20,0,2
BRDA:341,20,1,19
BRDA:377,21,0,38
BRDA:377,21,1,19
BRDA:381,22,0,38
BRDA:381,22,1,19
BRDA:383,23,0,38
BRDA:383,23,1,0
BRDA:428,24,0,34
BRDA:428,24,1,7
BRDA:432,25,0,7
BRDA:432,25,1,0
BRDA:440,26,0,34
BRDA:440,26,1,7
BRDA:447,27,0,34
BRDA:447,27,1,7
BRDA:472,28,0,34
BRDA:472,28,1,7
BRDA:472,28,2,7
BRDA:504,29,0,1
BRDA:504,29,1,33
BRDA:516,30,0,34
BRDA:516,30,1,1
BRDA:534,31,0,34
BRDA:534,31,1,1
BRDA:573,32,0,34
BRDA:573,32,1,1
BRF:67
BRH:50
end_of_record
TN:
SF:src/pages/admin/AdminPlansPage.tsx
FN:72,AdminPlansPage
FN:87,(anonymous_1)
FN:103,(anonymous_2)
FN:107,(anonymous_3)
FN:113,(anonymous_4)
FN:138,(anonymous_5)
FN:169,(anonymous_6)
FN:192,(anonymous_7)
FN:197,(anonymous_8)
FN:214,(anonymous_9)
FN:258,(anonymous_10)
FN:315,(anonymous_11)
FN:322,(anonymous_12)
FN:359,(anonymous_13)
FN:369,(anonymous_14)
FN:380,(anonymous_15)
FN:393,(anonymous_16)
FN:403,(anonymous_17)
FN:418,(anonymous_18)
FN:427,(anonymous_19)
FN:436,(anonymous_20)
FN:445,(anonymous_21)
FN:454,(anonymous_22)
FN:463,(anonymous_23)
FN:478,(anonymous_24)
FN:486,(anonymous_25)
FN:494,(anonymous_26)
FN:502,(anonymous_27)
FN:510,(anonymous_28)
FN:525,(anonymous_29)
FN:533,(anonymous_30)
FN:541,(anonymous_31)
FN:562,(anonymous_32)
FNF:33
FNH:10
FNDA:27,AdminPlansPage
FNDA:12,(anonymous_1)
FNDA:12,(anonymous_2)
FNDA:2,(anonymous_3)
FNDA:1,(anonymous_4)
FNDA:0,(anonymous_5)
FNDA:0,(anonymous_6)
FNDA:52,(anonymous_7)
FNDA:104,(anonymous_8)
FNDA:1,(anonymous_9)
FNDA:26,(anonymous_10)
FNDA:1,(anonymous_11)
FNDA:0,(anonymous_12)
FNDA:0,(anonymous_13)
FNDA:0,(anonymous_14)
FNDA:0,(anonymous_15)
FNDA:0,(anonymous_16)
FNDA:0,(anonymous_17)
FNDA:0,(anonymous_18)
FNDA:0,(anonymous_19)
FNDA:0,(anonymous_20)
FNDA:0,(anonymous_21)
FNDA:0,(anonymous_22)
FNDA:0,(anonymous_23)
FNDA:0,(anonymous_24)
FNDA:0,(anonymous_25)
FNDA:0,(anonymous_26)
FNDA:0,(anonymous_27)
FNDA:0,(anonymous_28)
FNDA:0,(anonymous_29)
FNDA:0,(anonymous_30)
FNDA:0,(anonymous_31)
FNDA:0,(anonymous_32)
DA:51,1
DA:73,27
DA:74,27
DA:75,27
DA:76,27
DA:79,27
DA:80,27
DA:81,27
DA:84,27
DA:85,27
DA:87,27
DA:88,12
DA:89,12
DA:90,12
DA:91,11
DA:93,1
DA:99,12
DA:103,27
DA:104,12
DA:107,27
DA:108,2
DA:109,2
DA:110,2
DA:113,27
DA:114,1
DA:115,1
DA:135,1
DA:138,27
DA:139,0
DA:140,0
DA:141,0
DA:142,0
DA:143,0
DA:144,0
DA:145,0
DA:150,0
DA:151,0
DA:156,0
DA:157,0
DA:159,0
DA:165,0
DA:169,27
DA:170,0
DA:171,0
DA:172,0
DA:173,0
DA:174,0
DA:178,0
DA:179,0
DA:180,0
DA:182,0
DA:188,0
DA:192,27
DA:193,52
DA:194,26
DA:197,27
DA:198,104
DA:209,27
DA:214,1
DA:259,26
DA:315,1
DA:323,0
DA:324,0
DA:359,0
DA:369,0
DA:380,0
DA:393,0
DA:403,0
DA:418,0
DA:427,0
DA:436,0
DA:445,0
DA:454,0
DA:463,0
DA:478,0
DA:486,0
DA:494,0
DA:502,0
DA:510,0
DA:525,0
DA:533,0
DA:541,0
DA:562,0
LF:83
LH:38
BRDA:118,0,0,1
BRDA:118,0,1,0
BRDA:141,1,0,0
BRDA:141,1,1,0
BRDA:160,2,0,0
BRDA:160,2,1,0
BRDA:170,3,0,0
BRDA:170,3,1,0
BRDA:193,4,0,26
BRDA:193,4,1,26
BRDA:198,5,0,52
BRDA:198,5,1,52
BRDA:231,6,0,12
BRDA:231,6,1,15
BRDA:233,7,0,2
BRDA:233,7,1,13
BRDA:297,8,0,26
BRDA:297,8,1,0
BRDA:302,9,0,26
BRDA:302,9,1,26
BRDA:344,10,0,1
BRDA:344,10,1,26
BRDA:347,11,0,1
BRDA:347,11,1,26
BRDA:379,12,0,27
BRDA:379,12,1,26
BRDA:393,13,0,0
BRDA:393,13,1,0
BRDA:403,14,0,0
BRDA:403,14,1,0
BRDA:418,15,0,0
BRDA:418,15,1,0
BRDA:427,16,0,0
BRDA:427,16,1,0
BRDA:436,17,0,0
BRDA:436,17,1,0
BRDA:445,18,0,0
BRDA:445,18,1,0
BRDA:454,19,0,0
BRDA:454,19,1,0
BRDA:463,20,0,0
BRDA:463,20,1,0
BRDA:545,21,0,27
BRDA:545,21,1,0
BRDA:546,22,0,1
BRDA:546,22,1,26
BRDA:566,23,0,27
BRDA:566,23,1,0
BRF:48
BRH:22
end_of_record
TN:
SF:src/pages/admin/AdminUsersPage.tsx
FN:42,AdminUsersPage
FN:58,(anonymous_1)
FN:79,(anonymous_2)
FN:83,(anonymous_3)
FN:90,(anonymous_4)
FN:125,(anonymous_5)
FN:144,(anonymous_6)
FN:183,(anonymous_7)
FN:230,(anonymous_8)
FN:251,(anonymous_9)
FN:251,(anonymous_10)
FN:260,(anonymous_11)
FN:260,(anonymous_12)
FN:273,(anonymous_13)
FN:308,(anonymous_14)
FNF:15
FNH:9
FNDA:39,AdminUsersPage
FNDA:16,(anonymous_1)
FNDA:15,(anonymous_2)
FNDA:2,(anonymous_3)
FNDA:1,(anonymous_4)
FNDA:1,(anonymous_5)
FNDA:5,(anonymous_6)
FNDA:44,(anonymous_7)
FNDA:2,(anonymous_8)
FNDA:0,(anonymous_9)
FNDA:0,(anonymous_10)
FNDA:0,(anonymous_11)
FNDA:0,(anonymous_12)
FNDA:0,(anonymous_13)
FNDA:0,(anonymous_14)
DA:43,39
DA:44,39
DA:45,39
DA:46,39
DA:47,39
DA:48,39
DA:49,39
DA:50,39
DA:51,39
DA:54,39
DA:55,39
DA:56,39
DA:58,39
DA:59,16
DA:60,16
DA:61,16
DA:66,15
DA:67,15
DA:69,1
DA:75,16
DA:79,39
DA:80,15
DA:83,39
DA:84,2
DA:85,2
DA:86,2
DA:87,2
DA:90,39
DA:91,1
DA:93,1
DA:94,1
DA:95,1
DA:100,1
DA:105,1
DA:106,1
DA:108,0
DA:114,1
DA:118,39
DA:120,39
DA:125,1
DA:145,5
DA:146,5
DA:184,44
DA:230,2
DA:251,0
DA:260,0
DA:273,0
DA:308,0
LF:48
LH:43
BRDA:64,0,0,16
BRDA:64,0,1,11
BRDA:91,1,0,0
BRDA:91,1,1,1
BRDA:157,2,0,15
BRDA:157,2,1,24
BRDA:159,3,0,2
BRDA:159,3,1,22
BRDA:164,4,0,0
BRDA:164,4,1,2
BRDA:189,5,0,44
BRDA:189,5,1,22
BRDA:198,6,0,44
BRDA:198,6,1,0
BRDA:203,7,0,44
BRDA:203,7,1,22
BRDA:212,8,0,22
BRDA:212,8,1,22
BRDA:242,9,0,22
BRDA:242,9,1,0
BRDA:312,10,0,39
BRDA:312,10,1,1
BRF:22
BRH:18
end_of_record
TN:
SF:src/pages/admin/AdminWorkspacesPage.tsx
FN:29,AdminWorkspacesPage
FN:38,(anonymous_1)
FN:59,(anonymous_2)
FN:63,(anonymous_3)
FN:81,(anonymous_4)
FN:100,(anonymous_5)
FN:139,(anonymous_6)
FN:176,(anonymous_7)
FN:176,(anonymous_8)
FN:185,(anonymous_9)
FN:185,(anonymous_10)
FNF:11
FNH:7
FNDA:34,AdminWorkspacesPage
FNDA:15,(anonymous_1)
FNDA:15,(anonymous_2)
FNDA:51,(anonymous_3)
FNDA:1,(anonymous_4)
FNDA:4,(anonymous_5)
FNDA:51,(anonymous_6)
FNDA:0,(anonymous_7)
FNDA:0,(anonymous_8)
FNDA:0,(anonymous_9)
FNDA:0,(anonymous_10)
DA:30,34
DA:31,34
DA:32,34
DA:33,34
DA:34,34
DA:35,34
DA:36,34
DA:38,34
DA:39,15
DA:40,15
DA:41,15
DA:46,14
DA:47,14
DA:49,1
DA:55,15
DA:59,34
DA:60,15
DA:63,34
DA:64,51
DA:66,17
DA:68,17
DA:70,17
DA:74,34
DA:76,34
DA:81,1
DA:101,4
DA:102,4
DA:140,51
DA:176,0
DA:185,0
LF:30
LH:28
BRDA:44,0,0,15
BRDA:44,0,1,11
BRDA:64,1,0,17
BRDA:64,1,1,17
BRDA:64,1,2,17
BRDA:113,2,0,15
BRDA:113,2,1,19
BRDA:115,3,0,2
BRDA:115,3,1,17
BRDA:120,4,0,0
BRDA:120,4,1,2
BRDA:167,5,0,17
BRDA:167,5,1,0
BRF:13
BRH:11
end_of_record
TN:
SF:src/pages/auth/LoginPage.tsx
FN:17,LoginPage
FN:24,(anonymous_1)
FN:70,(anonymous_2)
FN:80,(anonymous_3)
FN:94,(anonymous_4)
FNF:5
FNH:5
FNDA:186,LoginPage
FNDA:5,(anonymous_1)
FNDA:96,(anonymous_2)
FNDA:68,(anonymous_3)
FNDA:1,(anonymous_4)
DA:18,186
DA:19,186
DA:20,186
DA:21,186
DA:22,186
DA:24,186
DA:25,5
DA:26,5
DA:28,5
DA:29,5
DA:30,3
DA:31,3
DA:36,3
DA:38,1
DA:44,4
DA:48,186
DA:70,96
DA:80,68
DA:94,1
LF:19
LH:19
BRDA:87,0,0,5
BRDA:87,0,1,181
BRF:2
BRH:2
end_of_record
TN:
SF:src/pages/auth/RegisterPage.tsx
FN:17,RegisterPage
FN:26,(anonymous_1)
FN:91,(anonymous_2)
FN:102,(anonymous_3)
FN:112,(anonymous_4)
FN:122,(anonymous_5)
FN:136,(anonymous_6)
FNF:7
FNH:7
FNDA:336,RegisterPage
FNDA:6,(anonymous_1)
FNDA:56,(anonymous_2)
FNDA:116,(anonymous_3)
FNDA:71,(anonymous_4)
FNDA:77,(anonymous_5)
FNDA:1,(anonymous_6)
DA:18,336
DA:19,336
DA:20,336
DA:21,336
DA:22,336
DA:23,336
DA:24,336
DA:26,336
DA:27,6
DA:29,6
DA:30,1
DA:35,1
DA:38,5
DA:39,1
DA:44,1
DA:47,4
DA:49,4
DA:50,4
DA:51,2
DA:52,2
DA:57,2
DA:59,1
DA:65,3
DA:69,336
DA:91,56
DA:102,116
DA:112,71
DA:122,77
DA:136,1
LF:29
LH:29
BRDA:29,0,0,1
BRDA:29,0,1,5
BRDA:38,1,0,1
BRDA:38,1,1,4
BRDA:129,2,0,4
BRDA:129,2,1,332
BRF:6
BRH:6
end_of_record
TN:
SF:src/pages/billing/BillingPage.tsx
FN:41,BillingPage
FN:55,(anonymous_1)
FN:61,(anonymous_2)
FN:81,(anonymous_3)
FN:109,(anonymous_4)
FN:126,(anonymous_5)
FN:134,(anonymous_6)
FN:142,(anonymous_7)
FN:163,(anonymous_8)
FN:220,(anonymous_9)
FN:235,(anonymous_10)
FN:246,(anonymous_11)
FN:261,(anonymous_12)
FN:354,(anonymous_13)
FN:386,(anonymous_14)
FN:432,(anonymous_15)
FN:453,(anonymous_16)
FNF:17
FNH:8
FNDA:11,BillingPage
FNDA:6,(anonymous_1)
FNDA:5,(anonymous_2)
FNDA:0,(anonymous_3)
FNDA:0,(anonymous_4)
FNDA:10,(anonymous_5)
FNDA:15,(anonymous_6)
FNDA:10,(anonymous_7)
FNDA:0,(anonymous_8)
FNDA:0,(anonymous_9)
FNDA:0,(anonymous_10)
FNDA:0,(anonymous_11)
FNDA:10,(anonymous_12)
FNDA:0,(anonymous_13)
FNDA:5,(anonymous_14)
FNDA:0,(anonymous_15)
FNDA:0,(anonymous_16)
DA:42,11
DA:43,11
DA:44,11
DA:45,11
DA:46,11
DA:47,11
DA:48,11
DA:49,11
DA:50,11
DA:51,11
DA:52,11
DA:53,11
DA:55,11
DA:56,6
DA:57,5
DA:61,11
DA:62,5
DA:64,5
DA:65,5
DA:66,5
DA:71,5
DA:72,5
DA:73,5
DA:75,0
DA:77,5
DA:81,11
DA:82,0
DA:84,0
DA:85,0
DA:87,0
DA:88,0
DA:95,0
DA:97,0
DA:99,0
DA:102,0
DA:104,0
DA:105,0
DA:109,11
DA:110,0
DA:112,0
DA:113,0
DA:115,0
DA:116,0
DA:117,0
DA:118,0
DA:120,0
DA:122,0
DA:126,11
DA:127,10
DA:134,11
DA:135,15
DA:142,11
DA:143,10
DA:145,5
DA:147,0
DA:149,0
DA:151,0
DA:153,5
DA:155,0
DA:157,0
DA:159,0
DA:163,11
DA:165,11
DA:166,6
DA:173,5
DA:220,0
DA:235,0
DA:246,0
DA:262,10
DA:263,10
DA:264,10
DA:266,10
DA:355,0
DA:356,0
DA:387,5
DA:432,0
DA:453,0
LF:77
LH:43
BRDA:56,0,0,5
BRDA:56,0,1,1
BRDA:62,1,0,0
BRDA:62,1,1,5
BRDA:82,2,0,0
BRDA:82,2,1,0
BRDA:82,3,0,0
BRDA:82,3,1,0
BRDA:95,4,0,0
BRDA:95,4,1,0
BRDA:102,5,0,0
BRDA:102,5,1,0
BRDA:110,6,0,0
BRDA:110,6,1,0
BRDA:120,7,0,0
BRDA:120,7,1,0
BRDA:143,8,0,5
BRDA:143,8,1,0
BRDA:143,8,2,0
BRDA:143,8,3,0
BRDA:143,8,4,5
BRDA:143,8,5,0
BRDA:143,8,6,0
BRDA:143,8,7,0
BRDA:163,9,0,11
BRDA:163,9,1,6
BRDA:165,10,0,6
BRDA:165,10,1,5
BRDA:182,11,0,5
BRDA:182,11,1,0
BRDA:190,12,0,11
BRDA:190,12,1,5
BRDA:199,13,0,5
BRDA:199,13,1,5
BRDA:212,14,0,0
BRDA:212,14,1,5
BRDA:238,15,0,5
BRDA:238,15,1,0
BRDA:249,16,0,0
BRDA:249,16,1,5
BRDA:262,17,0,0
BRDA:262,17,1,10
BRDA:271,18,0,10
BRDA:271,18,1,5
BRDA:274,19,0,10
BRDA:274,19,1,5
BRDA:286,20,0,5
BRDA:286,20,1,5
BRDA:288,21,0,10
BRDA:288,21,1,5
BRDA:290,22,0,0
BRDA:290,22,1,5
BRDA:306,23,0,0
BRDA:306,23,1,10
BRDA:316,24,0,10
BRDA:316,24,1,0
BRDA:322,25,0,10
BRDA:322,25,1,0
BRDA:328,26,0,10
BRDA:328,26,1,0
BRDA:334,27,0,10
BRDA:334,27,1,0
BRDA:343,28,0,5
BRDA:343,28,1,5
BRDA:347,29,0,0
BRDA:347,29,1,5
BRDA:370,30,0,11
BRDA:370,30,1,5
BRDA:417,31,0,0
BRDA:417,31,1,5
BRDA:423,32,0,11
BRDA:423,32,1,0
BRDA:424,33,0,0
BRDA:424,33,1,0
BRDA:436,34,0,11
BRDA:436,34,1,0
BRDA:457,35,0,11
BRDA:457,35,1,0
BRF:78
BRH:41
end_of_record
TN:
SF:src/pages/cron/CronTasksPage.tsx
FN:43,CronTasksPage
FN:53,(anonymous_1)
FN:70,(anonymous_2)
FN:74,(anonymous_3)
FN:104,(anonymous_4)
FN:126,(anonymous_5)
FN:149,(anonymous_6)
FN:165,(anonymous_7)
FN:173,(anonymous_8)
FN:196,(anonymous_9)
FN:209,(anonymous_10)
FN:227,(anonymous_11)
FN:256,(anonymous_12)
FN:269,(anonymous_13)
FN:282,(anonymous_14)
FN:290,(anonymous_15)
FN:315,(anonymous_16)
FN:319,(anonymous_17)
FN:325,(anonymous_18)
FN:337,(anonymous_19)
FN:341,(anonymous_20)
FN:348,(anonymous_21)
FN:357,(anonymous_22)
FNF:23
FNH:13
FNDA:26,CronTasksPage
FNDA:12,(anonymous_1)
FNDA:10,(anonymous_2)
FNDA:1,(anonymous_3)
FNDA:1,(anonymous_4)
FNDA:0,(anonymous_5)
FNDA:15,(anonymous_6)
FNDA:15,(anonymous_7)
FNDA:15,(anonymous_8)
FNDA:1,(anonymous_9)
FNDA:0,(anonymous_10)
FNDA:15,(anonymous_11)
FNDA:1,(anonymous_12)
FNDA:1,(anonymous_13)
FNDA:0,(anonymous_14)
FNDA:1,(anonymous_15)
FNDA:0,(anonymous_16)
FNDA:0,(anonymous_17)
FNDA:0,(anonymous_18)
FNDA:0,(anonymous_19)
FNDA:0,(anonymous_20)
FNDA:0,(anonymous_21)
FNDA:0,(anonymous_22)
DA:44,26
DA:45,26
DA:46,26
DA:47,26
DA:48,26
DA:49,26
DA:50,26
DA:51,26
DA:53,26
DA:54,12
DA:55,12
DA:56,12
DA:57,12
DA:58,12
DA:60,0
DA:66,12
DA:70,26
DA:71,10
DA:74,26
DA:75,1
DA:76,1
DA:77,1
DA:78,1
DA:79,0
DA:80,0
DA:86,1
DA:87,1
DA:92,1
DA:94,0
DA:100,1
DA:104,26
DA:105,1
DA:106,1
DA:107,1
DA:108,1
DA:109,1
DA:114,1
DA:116,0
DA:122,1
DA:126,26
DA:127,0
DA:128,0
DA:129,0
DA:130,0
DA:131,0
DA:132,0
DA:133,0
DA:137,0
DA:139,0
DA:145,0
DA:149,26
DA:150,15
DA:151,0
DA:153,15
DA:154,0
DA:156,15
DA:157,0
DA:159,15
DA:160,0
DA:162,15
DA:165,26
DA:166,15
DA:167,15
DA:169,0
DA:173,26
DA:174,15
DA:175,15
DA:176,15
DA:179,26
DA:180,0
DA:187,26
DA:196,1
DA:209,0
DA:228,15
DA:256,1
DA:269,1
DA:282,0
DA:290,1
DA:316,0
DA:317,0
DA:319,0
DA:325,0
DA:338,0
DA:339,0
DA:341,0
DA:348,0
DA:357,0
LF:87
LH:55
BRDA:54,0,0,0
BRDA:54,0,1,12
BRDA:75,1,0,0
BRDA:75,1,1,1
BRDA:78,2,0,0
BRDA:78,2,1,1
BRDA:105,3,0,0
BRDA:105,3,1,1
BRDA:127,4,0,0
BRDA:127,4,1,0
BRDA:127,5,0,0
BRDA:127,5,1,0
BRDA:150,6,0,0
BRDA:150,6,1,15
BRDA:153,7,0,0
BRDA:153,7,1,15
BRDA:156,8,0,0
BRDA:156,8,1,15
BRDA:159,9,0,0
BRDA:159,9,1,15
BRDA:174,10,0,0
BRDA:174,10,1,15
BRDA:179,11,0,0
BRDA:179,11,1,26
BRDA:202,12,0,10
BRDA:202,12,1,16
BRDA:204,13,0,1
BRDA:204,13,1,15
BRDA:257,14,0,15
BRDA:257,14,1,13
BRDA:260,15,0,2
BRDA:260,15,1,13
BRDA:270,16,0,15
BRDA:270,16,1,13
BRDA:271,17,0,0
BRDA:271,17,1,15
BRDA:273,18,0,0
BRDA:273,18,1,15
BRDA:333,19,0,26
BRDA:333,19,1,0
BRDA:365,20,0,0
BRDA:365,20,1,26
BRF:42
BRH:24
end_of_record
TN:
SF:src/pages/delayed/DelayedTasksPage.tsx
FN:51,DelayedTasksPage
FN:63,(anonymous_1)
FN:83,(anonymous_2)
FN:87,(anonymous_3)
FN:110,(anonymous_4)
FN:152,(anonymous_5)
FN:157,(anonymous_6)
FN:190,(anonymous_7)
FN:226,(anonymous_8)
FN:244,(anonymous_9)
FN:256,(anonymous_10)
FN:292,(anonymous_11)
FN:301,(anonymous_12)
FN:340,(anonymous_13)
FN:344,(anonymous_14)
FN:350,(anonymous_15)
FN:362,(anonymous_16)
FN:366,(anonymous_17)
FN:373,(anonymous_18)
FN:387,(anonymous_19)
FNF:20
FNH:7
FNDA:14,DelayedTasksPage
FNDA:7,(anonymous_1)
FNDA:7,(anonymous_2)
FNDA:0,(anonymous_3)
FNDA:6,(anonymous_4)
FNDA:6,(anonymous_5)
FNDA:6,(anonymous_6)
FNDA:0,(anonymous_7)
FNDA:0,(anonymous_8)
FNDA:6,(anonymous_9)
FNDA:0,(anonymous_10)
FNDA:0,(anonymous_11)
FNDA:0,(anonymous_12)
FNDA:0,(anonymous_13)
FNDA:0,(anonymous_14)
FNDA:0,(anonymous_15)
FNDA:0,(anonymous_16)
FNDA:0,(anonymous_17)
FNDA:0,(anonymous_18)
FNDA:0,(anonymous_19)
DA:52,14
DA:53,14
DA:54,14
DA:55,14
DA:56,14
DA:57,14
DA:58,14
DA:59,14
DA:60,14
DA:61,14
DA:63,14
DA:64,7
DA:65,7
DA:66,7
DA:67,7
DA:70,7
DA:71,7
DA:73,0
DA:79,7
DA:83,14
DA:84,7
DA:87,14
DA:88,0
DA:89,0
DA:90,0
DA:91,0
DA:92,0
DA:93,0
DA:94,0
DA:98,0
DA:100,0
DA:106,0
DA:110,14
DA:111,6
DA:113,6
DA:120,0
DA:127,0
DA:134,0
DA:141,0
DA:148,0
DA:152,14
DA:153,6
DA:154,6
DA:157,14
DA:158,6
DA:159,6
DA:160,6
DA:162,6
DA:164,6
DA:165,6
DA:166,6
DA:168,6
DA:169,6
DA:170,0
DA:173,14
DA:174,0
DA:181,14
DA:190,0
DA:226,0
DA:245,6
DA:257,0
DA:292,0
DA:301,0
DA:341,0
DA:342,0
DA:344,0
DA:350,0
DA:363,0
DA:364,0
DA:366,0
DA:373,0
DA:387,0
LF:72
LH:40
BRDA:64,0,0,0
BRDA:64,0,1,7
BRDA:68,1,0,7
BRDA:68,1,1,0
BRDA:88,2,0,0
BRDA:88,2,1,0
BRDA:88,3,0,0
BRDA:88,3,1,0
BRDA:89,4,0,0
BRDA:89,4,1,0
BRDA:111,5,0,6
BRDA:111,5,1,0
BRDA:111,5,2,0
BRDA:111,5,3,0
BRDA:111,5,4,0
BRDA:111,5,5,0
BRDA:162,6,0,0
BRDA:162,6,1,6
BRDA:168,7,0,0
BRDA:168,7,1,6
BRDA:169,8,0,6
BRDA:169,8,1,0
BRDA:173,9,0,0
BRDA:173,9,1,14
BRDA:215,10,0,7
BRDA:215,10,1,7
BRDA:217,11,0,1
BRDA:217,11,1,6
BRDA:222,12,0,1
BRDA:222,12,1,0
BRDA:248,13,0,6
BRDA:248,13,1,6
BRDA:251,14,0,6
BRDA:251,14,1,0
BRDA:254,15,0,6
BRDA:254,15,1,0
BRDA:261,16,0,0
BRDA:261,16,1,0
BRDA:273,17,0,6
BRDA:273,17,1,6
BRDA:287,18,0,6
BRDA:287,18,1,6
BRDA:305,19,0,0
BRDA:305,19,1,6
BRDA:321,20,0,14
BRDA:321,20,1,0
BRDA:321,20,2,0
BRDA:350,21,0,0
BRDA:350,21,1,0
BRDA:358,22,0,14
BRDA:358,22,1,0
BRDA:379,23,0,14
BRDA:379,23,1,0
BRDA:395,24,0,0
BRDA:395,24,1,14
BRF:55
BRH:25
end_of_record
TN:
SF:src/pages/executions/ExecutionsPage.tsx
FN:48,ExecutionsPage
FN:63,(anonymous_1)
FN:82,(anonymous_2)
FN:86,(anonymous_3)
FN:99,(anonymous_4)
FN:134,(anonymous_5)
FN:139,(anonymous_6)
FN:145,(anonymous_7)
FN:185,(anonymous_8)
FN:200,(anonymous_9)
FN:244,(anonymous_10)
FN:286,(anonymous_11)
FN:308,(anonymous_12)
FN:308,(anonymous_13)
FN:320,(anonymous_14)
FN:320,(anonymous_15)
FN:331,(anonymous_16)
FNF:17
FNH:8
FNDA:18,ExecutionsPage
FNDA:9,(anonymous_1)
FNDA:9,(anonymous_2)
FNDA:0,(anonymous_3)
FNDA:8,(anonymous_4)
FNDA:8,(anonymous_5)
FNDA:8,(anonymous_6)
FNDA:8,(anonymous_7)
FNDA:0,(anonymous_8)
FNDA:0,(anonymous_9)
FNDA:8,(anonymous_10)
FNDA:0,(anonymous_11)
FNDA:0,(anonymous_12)
FNDA:0,(anonymous_13)
FNDA:0,(anonymous_14)
FNDA:0,(anonymous_15)
FNDA:0,(anonymous_16)
DA:49,18
DA:50,18
DA:51,18
DA:52,18
DA:53,18
DA:54,18
DA:55,18
DA:56,18
DA:59,18
DA:60,18
DA:61,18
DA:63,18
DA:64,9
DA:65,9
DA:66,9
DA:67,9
DA:73,9
DA:74,9
DA:76,0
DA:78,9
DA:82,18
DA:83,9
DA:86,18
DA:87,0
DA:88,0
DA:89,0
DA:90,0
DA:91,0
DA:93,0
DA:95,0
DA:99,18
DA:100,8
DA:102,0
DA:109,0
DA:116,7
DA:123,1
DA:130,0
DA:134,18
DA:135,8
DA:136,8
DA:139,18
DA:140,8
DA:141,8
DA:142,8
DA:145,18
DA:146,8
DA:147,8
DA:148,0
DA:150,8
DA:151,0
DA:153,8
DA:154,0
DA:156,8
DA:159,18
DA:160,0
DA:167,18
DA:185,0
DA:200,0
DA:245,8
DA:286,0
DA:308,0
DA:320,0
DA:331,0
LF:63
LH:42
BRDA:64,0,0,0
BRDA:64,0,1,9
BRDA:70,1,0,0
BRDA:70,1,1,9
BRDA:71,2,0,0
BRDA:71,2,1,9
BRDA:87,3,0,0
BRDA:87,3,1,0
BRDA:100,4,0,0
BRDA:100,4,1,0
BRDA:100,4,2,7
BRDA:100,4,3,1
BRDA:100,4,4,0
BRDA:140,5,0,0
BRDA:140,5,1,8
BRDA:141,6,0,0
BRDA:141,6,1,8
BRDA:146,7,0,0
BRDA:146,7,1,8
BRDA:147,8,0,0
BRDA:147,8,1,8
BRDA:147,9,0,8
BRDA:147,9,1,0
BRDA:150,10,0,0
BRDA:150,10,1,8
BRDA:150,11,0,8
BRDA:150,11,1,0
BRDA:153,12,0,0
BRDA:153,12,1,8
BRDA:159,13,0,0
BRDA:159,13,1,18
BRDA:177,14,0,9
BRDA:177,14,1,9
BRDA:213,15,0,18
BRDA:213,15,1,0
BRDA:219,16,0,9
BRDA:219,16,1,9
BRDA:221,17,0,1
BRDA:221,17,1,8
BRDA:249,18,0,8
BRDA:249,18,1,0
BRDA:275,19,0,8
BRDA:275,19,1,1
BRDA:299,20,0,18
BRDA:299,20,1,0
BRDA:299,20,2,0
BRDA:336,21,0,0
BRDA:336,21,1,18
BRDA:340,22,0,18
BRDA:340,22,1,0
BRDA:346,23,0,0
BRDA:346,23,1,0
BRDA:366,24,0,0
BRDA:366,24,1,0
BRDA:378,25,0,0
BRDA:378,25,1,0
BRDA:378,25,2,0
BRDA:386,26,0,0
BRDA:386,26,1,0
BRDA:406,27,0,0
BRDA:406,27,1,0
BRDA:413,28,0,0
BRDA:413,28,1,0
BRDA:413,28,2,0
BRDA:421,29,0,0
BRDA:421,29,1,0
BRDA:433,30,0,0
BRDA:433,30,1,0
BRDA:437,31,0,0
BRDA:437,31,1,0
BRF:70
BRH:27
end_of_record
TN:
SF:src/pages/settings/ApiKeysPage.tsx
FN:46,ApiKeysPage
FN:68,(anonymous_1)
FN:85,(anonymous_2)
FN:89,(anonymous_3)
FN:126,(anonymous_4)
FN:149,(anonymous_5)
FN:177,(anonymous_6)
FN:187,(anonymous_7)
FN:197,(anonymous_8)
FN:227,(anonymous_9)
FN:258,(anonymous_10)
FN:273,(anonymous_11)
FN:292,(anonymous_12)
FN:332,(anonymous_13)
FN:341,(anonymous_14)
FN:371,(anonymous_15)
FN:381,(anonymous_16)
FN:390,(anonymous_17)
FN:395,(anonymous_18)
FN:408,(anonymous_19)
FN:439,(anonymous_20)
FN:463,(anonymous_21)
FN:476,(anonymous_22)
FN:485,(anonymous_23)
FN:503,(anonymous_24)
FN:512,(anonymous_25)
FNF:26
FNH:7
FNDA:15,ApiKeysPage
FNDA:7,(anonymous_1)
FNDA:7,(anonymous_2)
FNDA:0,(anonymous_3)
FNDA:0,(anonymous_4)
FNDA:0,(anonymous_5)
FNDA:0,(anonymous_6)
FNDA:0,(anonymous_7)
FNDA:7,(anonymous_8)
FNDA:7,(anonymous_9)
FNDA:1,(anonymous_10)
FNDA:0,(anonymous_11)
FNDA:7,(anonymous_12)
FNDA:0,(anonymous_13)
FNDA:0,(anonymous_14)
FNDA:0,(anonymous_15)
FNDA:0,(anonymous_16)
FNDA:0,(anonymous_17)
FNDA:0,(anonymous_18)
FNDA:0,(anonymous_19)
FNDA:0,(anonymous_20)
FNDA:0,(anonymous_21)
FNDA:0,(anonymous_22)
FNDA:0,(anonymous_23)
FNDA:0,(anonymous_24)
FNDA:0,(anonymous_25)
DA:47,15
DA:48,15
DA:49,15
DA:50,15
DA:51,15
DA:52,15
DA:53,15
DA:54,15
DA:55,15
DA:58,15
DA:59,15
DA:60,15
DA:61,15
DA:64,15
DA:65,15
DA:66,15
DA:68,15
DA:69,7
DA:70,7
DA:71,7
DA:72,7
DA:73,7
DA:75,0
DA:81,7
DA:85,15
DA:86,7
DA:89,15
DA:90,0
DA:91,0
DA:93,0
DA:94,0
DA:95,0
DA:101,0
DA:102,0
DA:103,0
DA:104,0
DA:105,0
DA:106,0
DA:108,0
DA:114,0
DA:116,0
DA:122,0
DA:126,15
DA:127,0
DA:129,0
DA:130,0
DA:131,0
DA:132,0
DA:133,0
DA:137,0
DA:139,0
DA:145,0
DA:149,15
DA:150,0
DA:152,0
DA:153,0
DA:154,0
DA:155,0
DA:156,0
DA:157,0
DA:159,0
DA:165,0
DA:167,0
DA:173,0
DA:177,15
DA:178,0
DA:179,0
DA:180,0
DA:181,0
DA:182,0
DA:187,0
DA:189,0
DA:197,15
DA:198,7
DA:199,0
DA:201,7
DA:203,0
DA:210,0
DA:218,7
DA:227,15
DA:228,7
DA:229,0
DA:230,0
DA:231,0
DA:232,0
DA:234,0
DA:235,0
DA:236,0
DA:237,0
DA:238,0
DA:241,15
DA:242,0
DA:249,15
DA:258,1
DA:273,0
DA:293,7
DA:332,0
DA:341,0
DA:371,0
DA:381,0
DA:390,0
DA:395,0
DA:409,0
DA:410,0
DA:411,0
DA:412,0
DA:413,0
DA:439,0
DA:464,0
DA:465,0
DA:466,0
DA:467,0
DA:476,0
DA:485,0
DA:503,0
DA:512,0
LF:116
LH:39
BRDA:69,0,0,0
BRDA:69,0,1,7
BRDA:91,1,0,0
BRDA:91,1,1,0
BRDA:91,2,0,0
BRDA:91,2,1,0
BRDA:97,3,0,0
BRDA:97,3,1,0
BRDA:98,4,0,0
BRDA:98,4,1,0
BRDA:127,5,0,0
BRDA:127,5,1,0
BRDA:127,6,0,0
BRDA:127,6,1,0
BRDA:150,7,0,0
BRDA:150,7,1,0
BRDA:150,8,0,0
BRDA:150,8,1,0
BRDA:178,9,0,0
BRDA:178,9,1,0
BRDA:198,10,0,0
BRDA:198,10,1,7
BRDA:201,11,0,0
BRDA:201,11,1,0
BRDA:201,11,2,0
BRDA:201,11,3,7
BRDA:228,12,0,7
BRDA:228,12,1,0
BRDA:234,13,0,0
BRDA:234,13,1,0
BRDA:235,14,0,0
BRDA:235,14,1,0
BRDA:237,15,0,0
BRDA:237,15,1,0
BRDA:241,16,0,0
BRDA:241,16,1,15
BRDA:264,17,0,7
BRDA:264,17,1,8
BRDA:266,18,0,1
BRDA:266,18,1,7
BRDA:297,19,0,7
BRDA:297,19,1,7
BRDA:302,20,0,7
BRDA:302,20,1,7
BRDA:399,21,0,15
BRDA:399,21,1,0
BRDA:409,22,0,0
BRDA:409,22,1,0
BRDA:423,23,0,15
BRDA:423,23,1,0
BRDA:430,24,0,0
BRDA:430,24,1,0
BRDA:441,25,0,0
BRDA:441,25,1,0
BRDA:449,26,0,0
BRDA:449,26,1,0
BRDA:493,27,0,15
BRDA:493,27,1,0
BRDA:519,28,0,15
BRDA:519,28,1,0
BRF:60
BRH:17
end_of_record
TN:
SF:src/pages/settings/NotificationsPage.tsx
FN:32,NotificationsPage
FN:59,(anonymous_1)
FN:82,(anonymous_2)
FN:86,(anonymous_3)
FN:106,(anonymous_4)
FN:114,(anonymous_5)
FN:123,(anonymous_6)
FN:131,(anonymous_7)
FN:138,(anonymous_8)
FN:139,(anonymous_9)
FN:142,(anonymous_10)
FN:149,(anonymous_11)
FN:150,(anonymous_12)
FN:206,(anonymous_13)
FN:221,(anonymous_14)
FN:236,(anonymous_15)
FN:261,(anonymous_16)
FN:275,(anonymous_17)
FN:278,(anonymous_18)
FN:288,(anonymous_19)
FN:289,(anonymous_20)
FN:304,(anonymous_21)
FN:330,(anonymous_22)
FN:344,(anonymous_23)
FN:347,(anonymous_24)
FN:358,(anonymous_25)
FN:359,(anonymous_26)
FN:371,(anonymous_27)
FN:397,(anonymous_28)
FN:415,(anonymous_29)
FN:426,(anonymous_30)
FN:437,(anonymous_31)
FNF:32
FNH:4
FNDA:8,NotificationsPage
FNDA:4,(anonymous_1)
FNDA:4,(anonymous_2)
FNDA:0,(anonymous_3)
FNDA:0,(anonymous_4)
FNDA:0,(anonymous_5)
FNDA:0,(anonymous_6)
FNDA:0,(anonymous_7)
FNDA:0,(anonymous_8)
FNDA:0,(anonymous_9)
FNDA:0,(anonymous_10)
FNDA:0,(anonymous_11)
FNDA:0,(anonymous_12)
FNDA:0,(anonymous_13)
FNDA:0,(anonymous_14)
FNDA:0,(anonymous_15)
FNDA:0,(anonymous_16)
FNDA:0,(anonymous_17)
FNDA:0,(anonymous_18)
FNDA:0,(anonymous_19)
FNDA:0,(anonymous_20)
FNDA:0,(anonymous_21)
FNDA:0,(anonymous_22)
FNDA:4,(anonymous_23)
FNDA:0,(anonymous_24)
FNDA:0,(anonymous_25)
FNDA:0,(anonymous_26)
FNDA:0,(anonymous_27)
FNDA:0,(anonymous_28)
FNDA:0,(anonymous_29)
FNDA:0,(anonymous_30)
FNDA:0,(anonymous_31)
DA:33,8
DA:34,8
DA:35,8
DA:36,8
DA:37,8
DA:38,8
DA:39,8
DA:40,8
DA:43,8
DA:44,8
DA:45,8
DA:47,8
DA:48,8
DA:49,8
DA:51,8
DA:52,8
DA:53,8
DA:55,8
DA:56,8
DA:57,8
DA:59,8
DA:60,4
DA:61,4
DA:62,4
DA:63,4
DA:64,4
DA:65,4
DA:66,4
DA:67,4
DA:68,4
DA:69,4
DA:70,4
DA:71,4
DA:72,4
DA:73,4
DA:74,4
DA:76,0
DA:78,4
DA:82,8
DA:83,4
DA:86,8
DA:87,0
DA:88,0
DA:89,0
DA:90,0
DA:92,0
DA:93,0
DA:105,0
DA:106,0
DA:108,0
DA:110,0
DA:114,8
DA:115,0
DA:116,0
DA:117,0
DA:118,0
DA:120,0
DA:121,0
DA:122,0
DA:123,0
DA:125,0
DA:127,0
DA:131,8
DA:132,0
DA:133,0
DA:134,0
DA:138,8
DA:139,0
DA:142,8
DA:143,0
DA:144,0
DA:145,0
DA:149,8
DA:150,0
DA:153,8
DA:154,0
DA:161,8
DA:162,4
DA:169,4
DA:206,0
DA:221,0
DA:236,0
DA:261,0
DA:276,0
DA:278,0
DA:288,0
DA:289,0
DA:304,0
DA:330,0
DA:345,4
DA:347,0
DA:358,0
DA:359,0
DA:371,0
DA:397,0
DA:415,0
DA:426,0
DA:437,0
LF:98
LH:50
BRDA:60,0,0,0
BRDA:60,0,1,4
BRDA:66,1,0,4
BRDA:66,1,1,0
BRDA:68,2,0,4
BRDA:68,2,1,0
BRDA:70,3,0,4
BRDA:70,3,1,4
BRDA:71,4,0,4
BRDA:71,4,1,4
BRDA:87,5,0,0
BRDA:87,5,1,0
BRDA:99,6,0,0
BRDA:99,6,1,0
BRDA:100,7,0,0
BRDA:100,7,1,0
BRDA:115,8,0,0
BRDA:115,8,1,0
BRDA:132,9,0,0
BRDA:132,9,1,0
BRDA:132,10,0,0
BRDA:132,10,1,0
BRDA:143,11,0,0
BRDA:143,11,1,0
BRDA:143,12,0,0
BRDA:143,12,1,0
BRDA:153,13,0,0
BRDA:153,13,1,8
BRDA:161,14,0,4
BRDA:161,14,1,4
BRDA:178,15,0,4
BRDA:178,15,1,0
BRDA:184,16,0,8
BRDA:184,16,1,0
BRDA:289,17,0,0
BRDA:289,17,1,0
BRDA:300,18,0,8
BRDA:300,18,1,0
BRDA:300,18,2,0
BRDA:307,19,0,0
BRDA:307,19,1,0
BRDA:359,20,0,0
BRDA:359,20,1,0
BRDA:367,21,0,8
BRDA:367,21,1,4
BRDA:367,21,2,4
BRDA:374,22,0,0
BRDA:374,22,1,4
BRDA:433,23,0,8
BRDA:433,23,1,0
BRDA:433,23,2,0
BRDA:440,24,0,0
BRDA:440,24,1,0
BRDA:454,25,0,0
BRDA:454,25,1,4
BRF:55
BRH:19
end_of_record
TN:
SF:src/pages/settings/ProfilePage.tsx
FN:23,ProfilePage
FN:32,(anonymous_1)
FN:44,(anonymous_2)
FN:89,(anonymous_3)
FN:118,(anonymous_4)
FNF:5
FNH:3
FNDA:67,ProfilePage
FNDA:4,(anonymous_1)
FNDA:0,(anonymous_2)
FNDA:45,(anonymous_3)
FNDA:0,(anonymous_4)
DA:24,67
DA:25,67
DA:26,67
DA:27,67
DA:28,67
DA:29,67
DA:30,67
DA:32,67
DA:33,4
DA:34,4
DA:35,4
DA:37,4
DA:38,4
DA:42,3
DA:43,3
DA:44,3
DA:46,1
DA:48,4
DA:52,67
DA:54,67
DA:89,45
DA:118,0
LF:22
LH:21
BRDA:26,0,0,67
BRDA:26,0,1,0
BRDA:27,1,0,67
BRDA:27,1,1,0
BRDA:39,2,0,4
BRDA:39,2,1,0
BRDA:40,3,0,0
BRDA:40,3,1,4
BRDA:52,4,0,67
BRDA:52,4,1,14
BRDA:63,5,0,67
BRDA:63,5,1,1
BRDA:69,6,0,67
BRDA:69,6,1,3
BRDA:98,7,0,67
BRDA:98,7,1,0
BRDA:138,8,0,67
BRDA:138,8,1,0
BRDA:144,9,0,66
BRDA:144,9,1,1
BRDA:161,10,0,0
BRDA:161,10,1,67
BRDA:164,11,0,0
BRDA:164,11,1,0
BRDA:176,12,0,67
BRDA:176,12,1,63
BRDA:177,13,0,4
BRDA:177,13,1,63
BRDA:182,14,0,4
BRDA:182,14,1,63
BRF:30
BRH:21
end_of_record
TN:
SF:src/stores/authStore.ts
FN:20,(anonymous_0)
FN:25,(anonymous_1)
FN:32,(anonymous_2)
FN:34,(anonymous_3)
FN:43,(anonymous_4)
FN:49,(anonymous_5)
FN:62,(anonymous_6)
FNF:7
FNH:7
FNDA:1,(anonymous_0)
FNDA:3,(anonymous_1)
FNDA:2,(anonymous_2)
FNDA:2,(anonymous_3)
FNDA:1,(anonymous_4)
FNDA:4,(anonymous_5)
FNDA:29,(anonymous_6)
DA:18,1
DA:20,1
DA:26,3
DA:27,2
DA:29,3
DA:32,2
DA:35,2
DA:36,2
DA:37,2
DA:38,2
DA:40,2
DA:44,1
DA:45,1
DA:46,1
DA:50,4
DA:51,4
DA:52,3
DA:53,3
DA:54,1
DA:56,3
DA:62,29
LF:21
LH:21
BRDA:26,0,0,2
BRDA:26,0,1,1
BRDA:37,1,0,2
BRDA:37,1,1,0
BRDA:51,2,0,3
BRDA:51,2,1,1
BRDA:53,3,0,1
BRDA:53,3,1,2
BRF:8
BRH:7
end_of_record
TN:
SF:src/stores/uiStore.ts
FN:12,(anonymous_0)
FN:14,(anonymous_1)
FN:15,(anonymous_2)
FN:15,(anonymous_3)
FNF:4
FNH:4
FNDA:1,(anonymous_0)
FNDA:2,(anonymous_1)
FNDA:5,(anonymous_2)
FNDA:5,(anonymous_3)
DA:10,1
DA:12,1
DA:14,2
DA:15,5
LF:4
LH:4
BRF:0
BRH:0
end_of_record
TN:
SF:src/stores/workspaceStore.ts
FN:20,(anonymous_0)
FN:25,(anonymous_1)
FN:27,(anonymous_2)
FN:29,(anonymous_3)
FN:31,(anonymous_4)
FN:32,(anonymous_5)
FN:34,(anonymous_6)
FN:35,(anonymous_7)
FN:36,(anonymous_8)
FN:45,(anonymous_9)
FN:46,(anonymous_10)
FN:47,(anonymous_11)
FN:56,(anonymous_12)
FNF:13
FNH:13
FNDA:1,(anonymous_0)
FNDA:2,(anonymous_1)
FNDA:2,(anonymous_2)
FNDA:2,(anonymous_3)
FNDA:2,(anonymous_4)
FNDA:2,(anonymous_5)
FNDA:4,(anonymous_6)
FNDA:4,(anonymous_7)
FNDA:6,(anonymous_8)
FNDA:4,(anonymous_9)
FNDA:4,(anonymous_10)
FNDA:6,(anonymous_11)
FNDA:43,(anonymous_12)
DA:18,1
DA:20,1
DA:25,2
DA:27,2
DA:29,2
DA:32,2
DA:35,4
DA:37,6
DA:46,4
DA:47,6
DA:56,43
LF:11
LH:11
BRDA:37,0,0,4
BRDA:37,0,1,2
BRDA:40,1,0,1
BRDA:40,1,1,3
BRDA:49,2,0,1
BRDA:49,2,1,3
BRF:6
BRH:6
end_of_record
